[ 2015-11-26T10:41:16+08:00 ] ::1 /tp/
INFO: [ app_init ] --START--
INFO: Run Behavior\BuildLiteBehavior [ RunTime:0.000235s ]
INFO: [ app_init ] --END-- [ RunTime:0.035433s ]
INFO: [ app_begin ] --START--
INFO: Run Behavior\ReadHtmlCacheBehavior [ RunTime:0.011055s ]
INFO: [ app_begin ] --END-- [ RunTime:0.012220s ]
INFO: [ view_parse ] --START--
INFO: [ template_filter ] --START--
INFO: Run Behavior\ContentReplaceBehavior [ RunTime:0.019125s ]
INFO: [ template_filter ] --END-- [ RunTime:0.020272s ]
INFO: Run Behavior\ParseTemplateBehavior [ RunTime:0.109311s ]
INFO: [ view_parse ] --END-- [ RunTime:0.110487s ]
INFO: [ view_filter ] --START--
INFO: Run Behavior\WriteHtmlCacheBehavior [ RunTime:0.033987s ]
INFO: [ view_filter ] --END-- [ RunTime:0.035957s ]
INFO: [ app_end ] --START--
INFO: Run Behavior\ShowPageTraceBehavior [ RunTime:0.012082s ]
INFO: [ app_end ] --END-- [ RunTime:0.014083s ]

[ 2015-11-26T10:47:30+08:00 ] ::1 /tp/index.php
INFO: [ app_init ] --START--
INFO: Run Behavior\BuildLiteBehavior [ RunTime:0.000278s ]
INFO: [ app_init ] --END-- [ RunTime:0.002136s ]
INFO: [ app_begin ] --START--
INFO: Run Behavior\ReadHtmlCacheBehavior [ RunTime:0.012979s ]
INFO: [ app_begin ] --END-- [ RunTime:0.014601s ]
INFO: [ view_parse ] --START--
INFO: [ template_filter ] --START--
INFO: Run Behavior\ContentReplaceBehavior [ RunTime:0.000740s ]
INFO: [ template_filter ] --END-- [ RunTime:0.002086s ]
INFO: Run Behavior\ParseTemplateBehavior [ RunTime:0.056012s ]
INFO: [ view_parse ] --END-- [ RunTime:0.059535s ]
INFO: [ view_filter ] --START--
INFO: Run Behavior\WriteHtmlCacheBehavior [ RunTime:0.001175s ]
INFO: [ view_filter ] --END-- [ RunTime:0.002407s ]
INFO: [ app_end ] --START--
INFO: Run Behavior\ShowPageTraceBehavior [ RunTime:0.001482s ]
INFO: [ app_end ] --END-- [ RunTime:0.005015s ]

[ 2015-11-26T12:06:36+08:00 ] ::1 /tp/index.php
INFO: [ app_init ] --START--
INFO: Run Behavior\BuildLiteBehavior [ RunTime:0.000321s ]
INFO: [ app_init ] --END-- [ RunTime:0.043246s ]
INFO: [ app_begin ] --START--
INFO: Run Behavior\ReadHtmlCacheBehavior [ RunTime:0.013773s ]
INFO: [ app_begin ] --END-- [ RunTime:0.015121s ]
INFO: [ view_parse ] --START--
INFO: [ template_filter ] --START--
INFO: Run Behavior\ContentReplaceBehavior [ RunTime:0.031072s ]
INFO: [ template_filter ] --END-- [ RunTime:0.032377s ]
INFO: Run Behavior\ParseTemplateBehavior [ RunTime:0.127280s ]
INFO: [ view_parse ] --END-- [ RunTime:0.128506s ]
INFO: [ view_filter ] --START--
INFO: Run Behavior\WriteHtmlCacheBehavior [ RunTime:0.020695s ]
INFO: [ view_filter ] --END-- [ RunTime:0.021983s ]
INFO: [ app_end ] --START--
INFO: Run Behavior\ShowPageTraceBehavior [ RunTime:0.016761s ]
INFO: [ app_end ] --END-- [ RunTime:0.017968s ]

[ 2015-11-26T12:07:50+08:00 ] ::1 /tp/index.php?XDEBUG_SESSION_START=netbeans-xdebug
INFO: [ app_init ] --START--
INFO: Run Behavior\BuildLiteBehavior [ RunTime:0.000272s ]
INFO: [ app_init ] --END-- [ RunTime:0.002159s ]
INFO: [ app_begin ] --START--
INFO: Run Behavior\ReadHtmlCacheBehavior [ RunTime:0.001368s ]
INFO: [ app_begin ] --END-- [ RunTime:0.002648s ]

