[ 2016-04-09T10:18:42+08:00 ] ::1 /angobuy/index.php
INFO: [ app_init ] --START--
INFO: Run Behavior\BuildLiteBehavior [ RunTime:0.000074s ]
INFO: [ app_init ] --END-- [ RunTime:0.008664s ]
INFO: [ app_begin ] --START--
INFO: Run Behavior\ReadHtmlCacheBehavior [ RunTime:0.000998s ]
INFO: [ app_begin ] --END-- [ RunTime:0.001146s ]
INFO: [ view_parse ] --START--
INFO: [ template_filter ] --START--
INFO: Run Behavior\ContentReplaceBehavior [ RunTime:0.003084s ]
INFO: [ template_filter ] --END-- [ RunTime:0.003266s ]
NOTIC: [8] Undefined variable: module /Applications/MAMP/htdocs/angobuy/Runtime/Cache/Home/710ead781a1e5255de838ae668b22133.php 第 10 行.
INFO: Run Behavior\ParseTemplateBehavior [ RunTime:0.042773s ]
INFO: [ view_parse ] --END-- [ RunTime:0.042918s ]
INFO: [ view_filter ] --START--
INFO: Run Behavior\WriteHtmlCacheBehavior [ RunTime:0.000409s ]
INFO: [ view_filter ] --END-- [ RunTime:0.000533s ]
INFO: [ app_end ] --START--
INFO: Run Behavior\ShowPageTraceBehavior [ RunTime:0.001011s ]
INFO: [ app_end ] --END-- [ RunTime:0.001135s ]

[ 2016-04-09T10:32:48+08:00 ] ::1 /angobuy/index.php
INFO: [ app_init ] --START--
INFO: Run Behavior\BuildLiteBehavior [ RunTime:0.000064s ]
INFO: [ app_init ] --END-- [ RunTime:0.004456s ]
INFO: [ app_begin ] --START--
INFO: Run Behavior\ReadHtmlCacheBehavior [ RunTime:0.004124s ]
INFO: [ app_begin ] --END-- [ RunTime:0.004280s ]
INFO: [ view_parse ] --START--
ERR: 模板不存在:./Tpl/Home/layout.tpl

[ 2016-04-09T10:33:07+08:00 ] ::1 /angobuy/index.php
INFO: [ app_init ] --START--
INFO: Run Behavior\BuildLiteBehavior [ RunTime:0.000024s ]
INFO: [ app_init ] --END-- [ RunTime:0.000474s ]
INFO: [ app_begin ] --START--
INFO: Run Behavior\ReadHtmlCacheBehavior [ RunTime:0.000516s ]
INFO: [ app_begin ] --END-- [ RunTime:0.000583s ]
INFO: [ view_parse ] --START--
NOTIC: [2] file_get_contents(./Tpl/Home/Base/common.tpl): failed to open stream: No such file or directory /Applications/MAMP/htdocs/angobuy/Core/Library/Think/Template.class.php 第 696 行.
INFO: [ template_filter ] --START--
INFO: Run Behavior\ContentReplaceBehavior [ RunTime:0.000098s ]
INFO: [ template_filter ] --END-- [ RunTime:0.000198s ]
INFO: Run Behavior\ParseTemplateBehavior [ RunTime:0.011978s ]
INFO: [ view_parse ] --END-- [ RunTime:0.012062s ]
INFO: [ view_filter ] --START--
INFO: Run Behavior\WriteHtmlCacheBehavior [ RunTime:0.001925s ]
INFO: [ view_filter ] --END-- [ RunTime:0.002018s ]
INFO: [ app_end ] --START--
INFO: Run Behavior\ShowPageTraceBehavior [ RunTime:0.004459s ]
INFO: [ app_end ] --END-- [ RunTime:0.004573s ]

[ 2016-04-09T10:34:55+08:00 ] ::1 /angobuy/index.php
INFO: [ app_init ] --START--
INFO: Run Behavior\BuildLiteBehavior [ RunTime:0.000024s ]
INFO: [ app_init ] --END-- [ RunTime:0.000777s ]
INFO: [ app_begin ] --START--
INFO: Run Behavior\ReadHtmlCacheBehavior [ RunTime:0.003464s ]
INFO: [ app_begin ] --END-- [ RunTime:0.003641s ]
INFO: [ view_parse ] --START--
NOTIC: [2] file_get_contents(./Tpl/Home/Base/common.tpl): failed to open stream: No such file or directory /Applications/MAMP/htdocs/angobuy/Core/Library/Think/Template.class.php 第 696 行.
INFO: [ template_filter ] --START--
INFO: Run Behavior\ContentReplaceBehavior [ RunTime:0.000097s ]
INFO: [ template_filter ] --END-- [ RunTime:0.000196s ]
INFO: Run Behavior\ParseTemplateBehavior [ RunTime:0.019006s ]
INFO: [ view_parse ] --END-- [ RunTime:0.019119s ]
INFO: [ view_filter ] --START--
INFO: Run Behavior\WriteHtmlCacheBehavior [ RunTime:0.001835s ]
INFO: [ view_filter ] --END-- [ RunTime:0.001913s ]
INFO: [ app_end ] --START--
INFO: Run Behavior\ShowPageTraceBehavior [ RunTime:0.004226s ]
INFO: [ app_end ] --END-- [ RunTime:0.004321s ]

[ 2016-04-09T10:40:13+08:00 ] ::1 /angobuy/index.php
INFO: [ app_init ] --START--
INFO: Run Behavior\BuildLiteBehavior [ RunTime:0.000038s ]
INFO: [ app_init ] --END-- [ RunTime:0.003922s ]
INFO: [ app_begin ] --START--
INFO: Run Behavior\ReadHtmlCacheBehavior [ RunTime:0.003764s ]
INFO: [ app_begin ] --END-- [ RunTime:0.003953s ]
INFO: [ view_parse ] --START--
NOTIC: [2] file_get_contents(./Tpl/Home/Public/var.tpl): failed to open stream: No such file or directory /Applications/MAMP/htdocs/angobuy/Core/Library/Think/Template.class.php 第 696 行.
NOTIC: [2] file_get_contents(./Tpl/Home/./header.tpl): failed to open stream: No such file or directory /Applications/MAMP/htdocs/angobuy/Core/Library/Think/Template.class.php 第 696 行.
NOTIC: [2] file_get_contents(./Tpl/Home/./footer.tpl): failed to open stream: No such file or directory /Applications/MAMP/htdocs/angobuy/Core/Library/Think/Template.class.php 第 696 行.
INFO: [ template_filter ] --START--
INFO: Run Behavior\ContentReplaceBehavior [ RunTime:0.000092s ]
INFO: [ template_filter ] --END-- [ RunTime:0.000177s ]

[ 2016-04-09T10:41:19+08:00 ] ::1 /angobuy/index.php
INFO: [ app_init ] --START--
INFO: Run Behavior\BuildLiteBehavior [ RunTime:0.000026s ]
INFO: [ app_init ] --END-- [ RunTime:0.000509s ]
INFO: [ app_begin ] --START--
INFO: Run Behavior\ReadHtmlCacheBehavior [ RunTime:0.000578s ]
INFO: [ app_begin ] --END-- [ RunTime:0.000652s ]
INFO: [ view_parse ] --START--
NOTIC: [2] file_get_contents(./Tpl/Home/Public/var.tpl): failed to open stream: No such file or directory /Applications/MAMP/htdocs/angobuy/Core/Library/Think/Template.class.php 第 696 行.
NOTIC: [2] file_get_contents(./Tpl/Home/./header.tpl): failed to open stream: No such file or directory /Applications/MAMP/htdocs/angobuy/Core/Library/Think/Template.class.php 第 696 行.
NOTIC: [2] file_get_contents(./Tpl/Home/./footer.tpl): failed to open stream: No such file or directory /Applications/MAMP/htdocs/angobuy/Core/Library/Think/Template.class.php 第 696 行.
INFO: [ template_filter ] --START--
INFO: Run Behavior\ContentReplaceBehavior [ RunTime:0.000089s ]
INFO: [ template_filter ] --END-- [ RunTime:0.000156s ]
NOTIC: [8] Undefined variable: nav /Applications/MAMP/htdocs/angobuy/Runtime/Cache/Home/710ead781a1e5255de838ae668b22133.php 第 43 行.

[ 2016-04-09T10:41:20+08:00 ] ::1 /angobuy/index.php
INFO: [ app_init ] --START--
INFO: Run Behavior\BuildLiteBehavior [ RunTime:0.000024s ]
INFO: [ app_init ] --END-- [ RunTime:0.000485s ]
INFO: [ app_begin ] --START--
INFO: Run Behavior\ReadHtmlCacheBehavior [ RunTime:0.000518s ]
INFO: [ app_begin ] --END-- [ RunTime:0.000585s ]
INFO: [ view_parse ] --START--
NOTIC: [2] file_get_contents(./Tpl/Home/Public/var.tpl): failed to open stream: No such file or directory /Applications/MAMP/htdocs/angobuy/Core/Library/Think/Template.class.php 第 696 行.
NOTIC: [2] file_get_contents(./Tpl/Home/./header.tpl): failed to open stream: No such file or directory /Applications/MAMP/htdocs/angobuy/Core/Library/Think/Template.class.php 第 696 行.
NOTIC: [2] file_get_contents(./Tpl/Home/./footer.tpl): failed to open stream: No such file or directory /Applications/MAMP/htdocs/angobuy/Core/Library/Think/Template.class.php 第 696 行.
INFO: [ template_filter ] --START--
INFO: Run Behavior\ContentReplaceBehavior [ RunTime:0.000205s ]
INFO: [ template_filter ] --END-- [ RunTime:0.000296s ]
NOTIC: [8] Undefined variable: nav /Applications/MAMP/htdocs/angobuy/Runtime/Cache/Home/710ead781a1e5255de838ae668b22133.php 第 43 行.

[ 2016-04-09T10:50:08+08:00 ] ::1 /angobuy/index.php
INFO: [ app_init ] --START--
INFO: Run Behavior\BuildLiteBehavior [ RunTime:0.000054s ]
INFO: [ app_init ] --END-- [ RunTime:0.004109s ]
INFO: [ app_begin ] --START--
INFO: Run Behavior\ReadHtmlCacheBehavior [ RunTime:0.004030s ]
INFO: [ app_begin ] --END-- [ RunTime:0.004242s ]
INFO: [ view_parse ] --START--
NOTIC: [2] file_get_contents(./Tpl/Home/Public/var.tpl): failed to open stream: No such file or directory /Applications/MAMP/htdocs/angobuy/Core/Library/Think/Template.class.php 第 696 行.
NOTIC: [2] file_get_contents(./Tpl/Home/./header.tpl): failed to open stream: No such file or directory /Applications/MAMP/htdocs/angobuy/Core/Library/Think/Template.class.php 第 696 行.
NOTIC: [2] file_get_contents(./Tpl/Home/./footer.tpl): failed to open stream: No such file or directory /Applications/MAMP/htdocs/angobuy/Core/Library/Think/Template.class.php 第 696 行.
INFO: [ template_filter ] --START--
INFO: Run Behavior\ContentReplaceBehavior [ RunTime:0.000190s ]
INFO: [ template_filter ] --END-- [ RunTime:0.000297s ]
NOTIC: [8] Undefined variable: nav /Applications/MAMP/htdocs/angobuy/Runtime/Cache/Home/710ead781a1e5255de838ae668b22133.php 第 43 行.

[ 2016-04-09T10:50:42+08:00 ] ::1 /angobuy/index.php
INFO: [ app_init ] --START--
INFO: Run Behavior\BuildLiteBehavior [ RunTime:0.000055s ]
INFO: [ app_init ] --END-- [ RunTime:0.003966s ]
INFO: [ app_begin ] --START--
INFO: Run Behavior\ReadHtmlCacheBehavior [ RunTime:0.004035s ]
INFO: [ app_begin ] --END-- [ RunTime:0.004212s ]
INFO: [ view_parse ] --START--
NOTIC: [2] file_get_contents(./Tpl/Home/Public/var.tpl): failed to open stream: No such file or directory /Applications/MAMP/htdocs/angobuy/Core/Library/Think/Template.class.php 第 696 行.
NOTIC: [2] file_get_contents(./Tpl/Home/./header.tpl): failed to open stream: No such file or directory /Applications/MAMP/htdocs/angobuy/Core/Library/Think/Template.class.php 第 696 行.
NOTIC: [2] file_get_contents(./Tpl/Home/./footer.tpl): failed to open stream: No such file or directory /Applications/MAMP/htdocs/angobuy/Core/Library/Think/Template.class.php 第 696 行.
INFO: [ template_filter ] --START--
INFO: Run Behavior\ContentReplaceBehavior [ RunTime:0.000124s ]
INFO: [ template_filter ] --END-- [ RunTime:0.000241s ]
NOTIC: [8] Undefined variable: nav /Applications/MAMP/htdocs/angobuy/Runtime/Cache/Home/710ead781a1e5255de838ae668b22133.php 第 26 行.

[ 2016-04-09T10:56:36+08:00 ] ::1 /angobuy/index.php
INFO: [ app_init ] --START--
INFO: Run Behavior\BuildLiteBehavior [ RunTime:0.000057s ]
INFO: [ app_init ] --END-- [ RunTime:0.004079s ]
INFO: [ app_begin ] --START--
INFO: Run Behavior\ReadHtmlCacheBehavior [ RunTime:0.004187s ]
INFO: [ app_begin ] --END-- [ RunTime:0.004478s ]
INFO: [ view_parse ] --START--
NOTIC: [2] file_get_contents(./Tpl/Home/Public/var.tpl): failed to open stream: No such file or directory /Applications/MAMP/htdocs/angobuy/Core/Library/Think/Template.class.php 第 696 行.
NOTIC: [2] file_get_contents(./Tpl/Home/./header.tpl): failed to open stream: No such file or directory /Applications/MAMP/htdocs/angobuy/Core/Library/Think/Template.class.php 第 696 行.
NOTIC: [2] file_get_contents(./Tpl/Home/./footer.tpl): failed to open stream: No such file or directory /Applications/MAMP/htdocs/angobuy/Core/Library/Think/Template.class.php 第 696 行.
INFO: [ template_filter ] --START--
INFO: Run Behavior\ContentReplaceBehavior [ RunTime:0.000131s ]
INFO: [ template_filter ] --END-- [ RunTime:0.000250s ]
NOTIC: [8] Undefined variable: nav /Applications/MAMP/htdocs/angobuy/Runtime/Cache/Home/710ead781a1e5255de838ae668b22133.php 第 26 行.

[ 2016-04-09T10:56:37+08:00 ] ::1 /angobuy/index.php
INFO: [ app_init ] --START--
INFO: Run Behavior\BuildLiteBehavior [ RunTime:0.000025s ]
INFO: [ app_init ] --END-- [ RunTime:0.000505s ]
INFO: [ app_begin ] --START--
INFO: Run Behavior\ReadHtmlCacheBehavior [ RunTime:0.000607s ]
INFO: [ app_begin ] --END-- [ RunTime:0.000705s ]
INFO: [ view_parse ] --START--
NOTIC: [2] file_get_contents(./Tpl/Home/Public/var.tpl): failed to open stream: No such file or directory /Applications/MAMP/htdocs/angobuy/Core/Library/Think/Template.class.php 第 696 行.
NOTIC: [2] file_get_contents(./Tpl/Home/./header.tpl): failed to open stream: No such file or directory /Applications/MAMP/htdocs/angobuy/Core/Library/Think/Template.class.php 第 696 行.
NOTIC: [2] file_get_contents(./Tpl/Home/./footer.tpl): failed to open stream: No such file or directory /Applications/MAMP/htdocs/angobuy/Core/Library/Think/Template.class.php 第 696 行.
INFO: [ template_filter ] --START--
INFO: Run Behavior\ContentReplaceBehavior [ RunTime:0.000080s ]
INFO: [ template_filter ] --END-- [ RunTime:0.000181s ]
NOTIC: [8] Undefined variable: nav /Applications/MAMP/htdocs/angobuy/Runtime/Cache/Home/710ead781a1e5255de838ae668b22133.php 第 26 行.

[ 2016-04-09T10:57:38+08:00 ] ::1 /angobuy/index.php
INFO: [ app_init ] --START--
INFO: Run Behavior\BuildLiteBehavior [ RunTime:0.000017s ]
INFO: [ app_init ] --END-- [ RunTime:0.000498s ]
INFO: [ app_begin ] --START--
INFO: Run Behavior\ReadHtmlCacheBehavior [ RunTime:0.000593s ]
INFO: [ app_begin ] --END-- [ RunTime:0.000673s ]
INFO: [ view_parse ] --START--
NOTIC: [2] file_get_contents(./Tpl/Home/Public/var.tpl): failed to open stream: No such file or directory /Applications/MAMP/htdocs/angobuy/Core/Library/Think/Template.class.php 第 696 行.
NOTIC: [2] file_get_contents(./Tpl/Home/./header.tpl): failed to open stream: No such file or directory /Applications/MAMP/htdocs/angobuy/Core/Library/Think/Template.class.php 第 696 行.
NOTIC: [2] file_get_contents(./Tpl/Home/./footer.tpl): failed to open stream: No such file or directory /Applications/MAMP/htdocs/angobuy/Core/Library/Think/Template.class.php 第 696 行.
INFO: [ template_filter ] --START--
INFO: Run Behavior\ContentReplaceBehavior [ RunTime:0.000094s ]
INFO: [ template_filter ] --END-- [ RunTime:0.000220s ]
NOTIC: [8] Undefined variable: nav /Applications/MAMP/htdocs/angobuy/Runtime/Cache/Home/710ead781a1e5255de838ae668b22133.php 第 26 行.
NOTIC: [8] Undefined variable: article /Applications/MAMP/htdocs/angobuy/Runtime/Cache/Home/710ead781a1e5255de838ae668b22133.php 第 68 行.
NOTIC: [8] Undefined variable: article /Applications/MAMP/htdocs/angobuy/Runtime/Cache/Home/710ead781a1e5255de838ae668b22133.php 第 68 行.
NOTIC: [8] Undefined variable: article /Applications/MAMP/htdocs/angobuy/Runtime/Cache/Home/710ead781a1e5255de838ae668b22133.php 第 71 行.
NOTIC: [8] Undefined variable: article /Applications/MAMP/htdocs/angobuy/Runtime/Cache/Home/710ead781a1e5255de838ae668b22133.php 第 74 行.

[ 2016-04-09T11:01:05+08:00 ] ::1 /angobuy/index.php
INFO: [ app_init ] --START--
INFO: Run Behavior\BuildLiteBehavior [ RunTime:0.000043s ]
INFO: [ app_init ] --END-- [ RunTime:0.003785s ]
INFO: [ app_begin ] --START--
INFO: Run Behavior\ReadHtmlCacheBehavior [ RunTime:0.004193s ]
INFO: [ app_begin ] --END-- [ RunTime:0.004387s ]
INFO: [ view_parse ] --START--
NOTIC: [2] file_get_contents(./Tpl/Home/Public/var.tpl): failed to open stream: No such file or directory /Applications/MAMP/htdocs/angobuy/Core/Library/Think/Template.class.php 第 696 行.
NOTIC: [2] file_get_contents(./Tpl/Home/./header.tpl): failed to open stream: No such file or directory /Applications/MAMP/htdocs/angobuy/Core/Library/Think/Template.class.php 第 696 行.
NOTIC: [2] file_get_contents(./Tpl/Home/./footer.tpl): failed to open stream: No such file or directory /Applications/MAMP/htdocs/angobuy/Core/Library/Think/Template.class.php 第 696 行.
INFO: [ template_filter ] --START--
INFO: Run Behavior\ContentReplaceBehavior [ RunTime:0.000127s ]
INFO: [ template_filter ] --END-- [ RunTime:0.000436s ]
NOTIC: [8] Undefined variable: nav /Applications/MAMP/htdocs/angobuy/Runtime/Cache/Home/710ead781a1e5255de838ae668b22133.php 第 26 行.
INFO: Run Behavior\ParseTemplateBehavior [ RunTime:0.045262s ]
INFO: [ view_parse ] --END-- [ RunTime:0.045415s ]
INFO: [ view_filter ] --START--
INFO: Run Behavior\WriteHtmlCacheBehavior [ RunTime:0.001994s ]
INFO: [ view_filter ] --END-- [ RunTime:0.002130s ]
INFO: [ app_end ] --START--
INFO: Run Behavior\ShowPageTraceBehavior [ RunTime:0.004446s ]
INFO: [ app_end ] --END-- [ RunTime:0.004596s ]

[ 2016-04-09T11:01:27+08:00 ] ::1 /angobuy/Home/index/index.html
INFO: [ app_init ] --START--
INFO: Run Behavior\BuildLiteBehavior [ RunTime:0.000036s ]
INFO: [ app_init ] --END-- [ RunTime:0.003951s ]
INFO: [ app_begin ] --START--
INFO: Run Behavior\ReadHtmlCacheBehavior [ RunTime:0.003868s ]
INFO: [ app_begin ] --END-- [ RunTime:0.004080s ]
INFO: [ view_parse ] --START--
NOTIC: [2] file_get_contents(./Tpl/Home/Public/var.tpl): failed to open stream: No such file or directory /Applications/MAMP/htdocs/angobuy/Core/Library/Think/Template.class.php 第 696 行.
NOTIC: [2] file_get_contents(./Tpl/Home/./header.tpl): failed to open stream: No such file or directory /Applications/MAMP/htdocs/angobuy/Core/Library/Think/Template.class.php 第 696 行.
NOTIC: [2] file_get_contents(./Tpl/Home/./footer.tpl): failed to open stream: No such file or directory /Applications/MAMP/htdocs/angobuy/Core/Library/Think/Template.class.php 第 696 行.
INFO: [ template_filter ] --START--
INFO: Run Behavior\ContentReplaceBehavior [ RunTime:0.000133s ]
INFO: [ template_filter ] --END-- [ RunTime:0.000318s ]
NOTIC: [8] Undefined variable: nav /Applications/MAMP/htdocs/angobuy/Runtime/Cache/Home/710ead781a1e5255de838ae668b22133.php 第 26 行.
INFO: Run Behavior\ParseTemplateBehavior [ RunTime:0.046215s ]
INFO: [ view_parse ] --END-- [ RunTime:0.046376s ]
INFO: [ view_filter ] --START--
INFO: Run Behavior\WriteHtmlCacheBehavior [ RunTime:0.001342s ]
INFO: [ view_filter ] --END-- [ RunTime:0.001478s ]
INFO: [ app_end ] --START--
INFO: Run Behavior\ShowPageTraceBehavior [ RunTime:0.004222s ]
INFO: [ app_end ] --END-- [ RunTime:0.004370s ]

[ 2016-04-09T11:02:11+08:00 ] ::1 /angobuy/Home/index/index.html
INFO: [ app_init ] --START--
INFO: Run Behavior\BuildLiteBehavior [ RunTime:0.000037s ]
INFO: [ app_init ] --END-- [ RunTime:0.004099s ]
INFO: [ app_begin ] --START--
INFO: Run Behavior\ReadHtmlCacheBehavior [ RunTime:0.003901s ]
INFO: [ app_begin ] --END-- [ RunTime:0.004102s ]
INFO: [ view_parse ] --START--
NOTIC: [2] file_get_contents(./Tpl/Home/Public/var.tpl): failed to open stream: No such file or directory /Applications/MAMP/htdocs/angobuy/Core/Library/Think/Template.class.php 第 696 行.
NOTIC: [2] file_get_contents(./Tpl/Home/./header.tpl): failed to open stream: No such file or directory /Applications/MAMP/htdocs/angobuy/Core/Library/Think/Template.class.php 第 696 行.
NOTIC: [2] file_get_contents(./Tpl/Home/./footer.tpl): failed to open stream: No such file or directory /Applications/MAMP/htdocs/angobuy/Core/Library/Think/Template.class.php 第 696 行.
INFO: [ template_filter ] --START--
INFO: Run Behavior\ContentReplaceBehavior [ RunTime:0.000130s ]
INFO: [ template_filter ] --END-- [ RunTime:0.000293s ]
NOTIC: [8] Undefined variable: nav /Applications/MAMP/htdocs/angobuy/Runtime/Cache/Home/710ead781a1e5255de838ae668b22133.php 第 26 行.
INFO: Run Behavior\ParseTemplateBehavior [ RunTime:0.041587s ]
INFO: [ view_parse ] --END-- [ RunTime:0.041808s ]
INFO: [ view_filter ] --START--
INFO: Run Behavior\WriteHtmlCacheBehavior [ RunTime:0.001286s ]
INFO: [ view_filter ] --END-- [ RunTime:0.001396s ]
INFO: [ app_end ] --START--
INFO: Run Behavior\ShowPageTraceBehavior [ RunTime:0.001921s ]
INFO: [ app_end ] --END-- [ RunTime:0.002044s ]

[ 2016-04-09T11:02:45+08:00 ] ::1 /angobuy/Home/index/index.html
INFO: [ app_init ] --START--
INFO: Run Behavior\BuildLiteBehavior [ RunTime:0.000034s ]
INFO: [ app_init ] --END-- [ RunTime:0.003844s ]
INFO: [ app_begin ] --START--
INFO: Run Behavior\ReadHtmlCacheBehavior [ RunTime:0.003907s ]
INFO: [ app_begin ] --END-- [ RunTime:0.004088s ]
INFO: [ view_parse ] --START--
NOTIC: [2] file_get_contents(./Tpl/Home/Public/var.tpl): failed to open stream: No such file or directory /Applications/MAMP/htdocs/angobuy/Core/Library/Think/Template.class.php 第 696 行.
NOTIC: [2] file_get_contents(./Tpl/Home/./header.tpl): failed to open stream: No such file or directory /Applications/MAMP/htdocs/angobuy/Core/Library/Think/Template.class.php 第 696 行.
NOTIC: [2] file_get_contents(./Tpl/Home/./footer.tpl): failed to open stream: No such file or directory /Applications/MAMP/htdocs/angobuy/Core/Library/Think/Template.class.php 第 696 行.
INFO: [ template_filter ] --START--
INFO: Run Behavior\ContentReplaceBehavior [ RunTime:0.000129s ]
INFO: [ template_filter ] --END-- [ RunTime:0.000291s ]
NOTIC: [8] Undefined variable: nav /Applications/MAMP/htdocs/angobuy/Runtime/Cache/Home/710ead781a1e5255de838ae668b22133.php 第 26 行.
INFO: Run Behavior\ParseTemplateBehavior [ RunTime:0.046578s ]
INFO: [ view_parse ] --END-- [ RunTime:0.046718s ]
INFO: [ view_filter ] --START--
INFO: Run Behavior\WriteHtmlCacheBehavior [ RunTime:0.001310s ]
INFO: [ view_filter ] --END-- [ RunTime:0.001419s ]
INFO: [ app_end ] --START--
INFO: Run Behavior\ShowPageTraceBehavior [ RunTime:0.004706s ]
INFO: [ app_end ] --END-- [ RunTime:0.004855s ]

[ 2016-04-09T11:03:56+08:00 ] ::1 /angobuy/Home/index/index.html
INFO: [ app_init ] --START--
INFO: Run Behavior\BuildLiteBehavior [ RunTime:0.000037s ]
INFO: [ app_init ] --END-- [ RunTime:0.004014s ]
INFO: [ app_begin ] --START--
INFO: Run Behavior\ReadHtmlCacheBehavior [ RunTime:0.003833s ]
INFO: [ app_begin ] --END-- [ RunTime:0.004034s ]
INFO: [ view_parse ] --START--
NOTIC: [2] file_get_contents(./Tpl/Home/Public/var.tpl): failed to open stream: No such file or directory /Applications/MAMP/htdocs/angobuy/Core/Library/Think/Template.class.php 第 696 行.
NOTIC: [2] file_get_contents(./Tpl/Home/./header.tpl): failed to open stream: No such file or directory /Applications/MAMP/htdocs/angobuy/Core/Library/Think/Template.class.php 第 696 行.
NOTIC: [2] file_get_contents(./Tpl/Home/./footer.tpl): failed to open stream: No such file or directory /Applications/MAMP/htdocs/angobuy/Core/Library/Think/Template.class.php 第 696 行.
INFO: [ template_filter ] --START--
INFO: Run Behavior\ContentReplaceBehavior [ RunTime:0.000103s ]
INFO: [ template_filter ] --END-- [ RunTime:0.000238s ]
NOTIC: [8] Undefined variable: nav /Applications/MAMP/htdocs/angobuy/Runtime/Cache/Home/710ead781a1e5255de838ae668b22133.php 第 26 行.
INFO: Run Behavior\ParseTemplateBehavior [ RunTime:0.040169s ]
INFO: [ view_parse ] --END-- [ RunTime:0.040300s ]
INFO: [ view_filter ] --START--
INFO: Run Behavior\WriteHtmlCacheBehavior [ RunTime:0.001439s ]
INFO: [ view_filter ] --END-- [ RunTime:0.001543s ]
INFO: [ app_end ] --START--
INFO: Run Behavior\ShowPageTraceBehavior [ RunTime:0.002737s ]
INFO: [ app_end ] --END-- [ RunTime:0.002950s ]

[ 2016-04-09T11:45:07+08:00 ] ::1 /angobuy/Home/index/index.html
INFO: [ app_init ] --START--
INFO: Run Behavior\BuildLiteBehavior [ RunTime:0.000035s ]
INFO: [ app_init ] --END-- [ RunTime:0.004187s ]
INFO: [ app_begin ] --START--
INFO: Run Behavior\ReadHtmlCacheBehavior [ RunTime:0.003445s ]
INFO: [ app_begin ] --END-- [ RunTime:0.003739s ]
INFO: [ view_parse ] --START--
NOTIC: [2] file_get_contents(./Tpl/Home/Public/var.tpl): failed to open stream: No such file or directory /Applications/MAMP/htdocs/angobuy/Core/Library/Think/Template.class.php 第 696 行.
NOTIC: [2] file_get_contents(./Tpl/Home/./header.tpl): failed to open stream: No such file or directory /Applications/MAMP/htdocs/angobuy/Core/Library/Think/Template.class.php 第 696 行.
NOTIC: [2] file_get_contents(./Tpl/Home/./footer.tpl): failed to open stream: No such file or directory /Applications/MAMP/htdocs/angobuy/Core/Library/Think/Template.class.php 第 696 行.
INFO: [ template_filter ] --START--
INFO: Run Behavior\ContentReplaceBehavior [ RunTime:0.000107s ]
INFO: [ template_filter ] --END-- [ RunTime:0.000261s ]
NOTIC: [8] Undefined variable: nav /Applications/MAMP/htdocs/angobuy/Runtime/Cache/Home/710ead781a1e5255de838ae668b22133.php 第 26 行.
INFO: Run Behavior\ParseTemplateBehavior [ RunTime:0.053248s ]
INFO: [ view_parse ] --END-- [ RunTime:0.053424s ]
INFO: [ view_filter ] --START--
INFO: Run Behavior\WriteHtmlCacheBehavior [ RunTime:0.003096s ]
INFO: [ view_filter ] --END-- [ RunTime:0.003236s ]
INFO: [ app_end ] --START--
INFO: Run Behavior\ShowPageTraceBehavior [ RunTime:0.004229s ]
INFO: [ app_end ] --END-- [ RunTime:0.004383s ]

[ 2016-04-09T11:50:11+08:00 ] ::1 /angobuy/Home/index/index.html
INFO: [ app_init ] --START--
INFO: Run Behavior\BuildLiteBehavior [ RunTime:0.000084s ]
INFO: [ app_init ] --END-- [ RunTime:0.004446s ]
INFO: [ app_begin ] --START--
INFO: Run Behavior\ReadHtmlCacheBehavior [ RunTime:0.003998s ]
INFO: [ app_begin ] --END-- [ RunTime:0.004201s ]
INFO: [ view_parse ] --START--
NOTIC: [2] file_get_contents(./Tpl/Home/Public/var.tpl): failed to open stream: No such file or directory /Applications/MAMP/htdocs/angobuy/Core/Library/Think/Template.class.php 第 696 行.
NOTIC: [2] file_get_contents(./Tpl/Home/./header.tpl): failed to open stream: No such file or directory /Applications/MAMP/htdocs/angobuy/Core/Library/Think/Template.class.php 第 696 行.
NOTIC: [2] file_get_contents(./Tpl/Home/./footer.tpl): failed to open stream: No such file or directory /Applications/MAMP/htdocs/angobuy/Core/Library/Think/Template.class.php 第 696 行.
INFO: [ template_filter ] --START--
INFO: Run Behavior\ContentReplaceBehavior [ RunTime:0.000114s ]
INFO: [ template_filter ] --END-- [ RunTime:0.000248s ]
NOTIC: [8] Undefined variable: nav /Applications/MAMP/htdocs/angobuy/Runtime/Cache/Home/710ead781a1e5255de838ae668b22133.php 第 27 行.
INFO: Run Behavior\ParseTemplateBehavior [ RunTime:0.046109s ]
INFO: [ view_parse ] --END-- [ RunTime:0.046257s ]
INFO: [ view_filter ] --START--
INFO: Run Behavior\WriteHtmlCacheBehavior [ RunTime:0.003476s ]
INFO: [ view_filter ] --END-- [ RunTime:0.003629s ]
INFO: [ app_end ] --START--
INFO: Run Behavior\ShowPageTraceBehavior [ RunTime:0.004308s ]
INFO: [ app_end ] --END-- [ RunTime:0.004480s ]

[ 2016-04-09T11:51:43+08:00 ] ::1 /angobuy/Home/index/index.html
INFO: [ app_init ] --START--
INFO: Run Behavior\BuildLiteBehavior [ RunTime:0.000045s ]
INFO: [ app_init ] --END-- [ RunTime:0.003932s ]
INFO: [ app_begin ] --START--
INFO: Run Behavior\ReadHtmlCacheBehavior [ RunTime:0.003872s ]
INFO: [ app_begin ] --END-- [ RunTime:0.004072s ]
INFO: [ view_parse ] --START--
NOTIC: [2] file_get_contents(./Tpl/Home/Public/var.tpl): failed to open stream: No such file or directory /Applications/MAMP/htdocs/angobuy/Core/Library/Think/Template.class.php 第 696 行.
NOTIC: [2] file_get_contents(./Tpl/Home/./header.tpl): failed to open stream: No such file or directory /Applications/MAMP/htdocs/angobuy/Core/Library/Think/Template.class.php 第 696 行.
NOTIC: [2] file_get_contents(./Tpl/Home/./footer.tpl): failed to open stream: No such file or directory /Applications/MAMP/htdocs/angobuy/Core/Library/Think/Template.class.php 第 696 行.
INFO: [ template_filter ] --START--
INFO: Run Behavior\ContentReplaceBehavior [ RunTime:0.000125s ]
INFO: [ template_filter ] --END-- [ RunTime:0.000293s ]
NOTIC: [8] Undefined variable: nav /Applications/MAMP/htdocs/angobuy/Runtime/Cache/Home/710ead781a1e5255de838ae668b22133.php 第 28 行.
INFO: Run Behavior\ParseTemplateBehavior [ RunTime:0.045594s ]
INFO: [ view_parse ] --END-- [ RunTime:0.045747s ]
INFO: [ view_filter ] --START--
INFO: Run Behavior\WriteHtmlCacheBehavior [ RunTime:0.003908s ]
INFO: [ view_filter ] --END-- [ RunTime:0.004044s ]
INFO: [ app_end ] --START--
INFO: Run Behavior\ShowPageTraceBehavior [ RunTime:0.004403s ]
INFO: [ app_end ] --END-- [ RunTime:0.004560s ]

[ 2016-04-09T11:52:21+08:00 ] ::1 /angobuy/Home/index/index.html
INFO: [ app_init ] --START--
INFO: Run Behavior\BuildLiteBehavior [ RunTime:0.000048s ]
INFO: [ app_init ] --END-- [ RunTime:0.003661s ]
INFO: [ app_begin ] --START--
INFO: Run Behavior\ReadHtmlCacheBehavior [ RunTime:0.003948s ]
INFO: [ app_begin ] --END-- [ RunTime:0.004150s ]
INFO: [ view_parse ] --START--
NOTIC: [2] file_get_contents(./Tpl/Home/Public/var.tpl): failed to open stream: No such file or directory /Applications/MAMP/htdocs/angobuy/Core/Library/Think/Template.class.php 第 696 行.
NOTIC: [2] file_get_contents(./Tpl/Home/./header.tpl): failed to open stream: No such file or directory /Applications/MAMP/htdocs/angobuy/Core/Library/Think/Template.class.php 第 696 行.
NOTIC: [2] file_get_contents(./Tpl/Home/./footer.tpl): failed to open stream: No such file or directory /Applications/MAMP/htdocs/angobuy/Core/Library/Think/Template.class.php 第 696 行.
INFO: [ template_filter ] --START--
INFO: Run Behavior\ContentReplaceBehavior [ RunTime:0.000122s ]
INFO: [ template_filter ] --END-- [ RunTime:0.000284s ]
NOTIC: [8] Undefined variable: nav /Applications/MAMP/htdocs/angobuy/Runtime/Cache/Home/710ead781a1e5255de838ae668b22133.php 第 23 行.
INFO: Run Behavior\ParseTemplateBehavior [ RunTime:0.049851s ]
INFO: [ view_parse ] --END-- [ RunTime:0.050001s ]
INFO: [ view_filter ] --START--
INFO: Run Behavior\WriteHtmlCacheBehavior [ RunTime:0.001170s ]
INFO: [ view_filter ] --END-- [ RunTime:0.001284s ]
INFO: [ app_end ] --START--
INFO: Run Behavior\ShowPageTraceBehavior [ RunTime:0.004767s ]
INFO: [ app_end ] --END-- [ RunTime:0.004909s ]

[ 2016-04-09T11:57:26+08:00 ] ::1 /angobuy/Home/index/index.html
INFO: [ app_init ] --START--
INFO: Run Behavior\BuildLiteBehavior [ RunTime:0.000061s ]
INFO: [ app_init ] --END-- [ RunTime:0.004105s ]
INFO: [ app_begin ] --START--
INFO: Run Behavior\ReadHtmlCacheBehavior [ RunTime:0.004093s ]
INFO: [ app_begin ] --END-- [ RunTime:0.004301s ]
INFO: [ view_parse ] --START--
NOTIC: [2] file_get_contents(./Tpl/Home/Public/var.tpl): failed to open stream: No such file or directory /Applications/MAMP/htdocs/angobuy/Core/Library/Think/Template.class.php 第 696 行.
NOTIC: [2] file_get_contents(./Tpl/Home/./header.tpl): failed to open stream: No such file or directory /Applications/MAMP/htdocs/angobuy/Core/Library/Think/Template.class.php 第 696 行.
NOTIC: [2] file_get_contents(./Tpl/Home/./footer.tpl): failed to open stream: No such file or directory /Applications/MAMP/htdocs/angobuy/Core/Library/Think/Template.class.php 第 696 行.
INFO: [ template_filter ] --START--
INFO: Run Behavior\ContentReplaceBehavior [ RunTime:0.000315s ]
INFO: [ template_filter ] --END-- [ RunTime:0.000638s ]
INFO: Run Behavior\ParseTemplateBehavior [ RunTime:0.046302s ]
INFO: [ view_parse ] --END-- [ RunTime:0.046496s ]
INFO: [ view_filter ] --START--
INFO: Run Behavior\WriteHtmlCacheBehavior [ RunTime:0.001060s ]
INFO: [ view_filter ] --END-- [ RunTime:0.001196s ]
INFO: [ app_end ] --START--
INFO: Run Behavior\ShowPageTraceBehavior [ RunTime:0.004561s ]
INFO: [ app_end ] --END-- [ RunTime:0.004698s ]

[ 2016-04-09T11:57:39+08:00 ] ::1 /angobuy/Home/index/index.html
INFO: [ app_init ] --START--
INFO: Run Behavior\BuildLiteBehavior [ RunTime:0.000059s ]
INFO: [ app_init ] --END-- [ RunTime:0.004043s ]
INFO: [ app_begin ] --START--
INFO: Run Behavior\ReadHtmlCacheBehavior [ RunTime:0.004023s ]
INFO: [ app_begin ] --END-- [ RunTime:0.004230s ]
INFO: [ view_parse ] --START--
NOTIC: [2] file_get_contents(./Tpl/Home/Public/var.tpl): failed to open stream: No such file or directory /Applications/MAMP/htdocs/angobuy/Core/Library/Think/Template.class.php 第 696 行.
NOTIC: [2] file_get_contents(./Tpl/Home/./header.tpl): failed to open stream: No such file or directory /Applications/MAMP/htdocs/angobuy/Core/Library/Think/Template.class.php 第 696 行.
NOTIC: [2] file_get_contents(./Tpl/Home/./footer.tpl): failed to open stream: No such file or directory /Applications/MAMP/htdocs/angobuy/Core/Library/Think/Template.class.php 第 696 行.
INFO: [ template_filter ] --START--
INFO: Run Behavior\ContentReplaceBehavior [ RunTime:0.000144s ]
INFO: [ template_filter ] --END-- [ RunTime:0.000315s ]
INFO: Run Behavior\ParseTemplateBehavior [ RunTime:0.046535s ]
INFO: [ view_parse ] --END-- [ RunTime:0.046714s ]
INFO: [ view_filter ] --START--
INFO: Run Behavior\WriteHtmlCacheBehavior [ RunTime:0.001563s ]
INFO: [ view_filter ] --END-- [ RunTime:0.001734s ]
INFO: [ app_end ] --START--
INFO: Run Behavior\ShowPageTraceBehavior [ RunTime:0.005332s ]
INFO: [ app_end ] --END-- [ RunTime:0.005465s ]

[ 2016-04-09T11:58:54+08:00 ] ::1 /angobuy/Home/index/index.html
INFO: [ app_init ] --START--
INFO: Run Behavior\BuildLiteBehavior [ RunTime:0.000045s ]
INFO: [ app_init ] --END-- [ RunTime:0.003977s ]
INFO: [ app_begin ] --START--
INFO: Run Behavior\ReadHtmlCacheBehavior [ RunTime:0.003938s ]
INFO: [ app_begin ] --END-- [ RunTime:0.004124s ]
INFO: [ view_parse ] --START--
NOTIC: [2] file_get_contents(./Tpl/Home/Public/var.tpl): failed to open stream: No such file or directory /Applications/MAMP/htdocs/angobuy/Core/Library/Think/Template.class.php 第 696 行.
NOTIC: [2] file_get_contents(./Tpl/Home/./header.tpl): failed to open stream: No such file or directory /Applications/MAMP/htdocs/angobuy/Core/Library/Think/Template.class.php 第 696 行.
NOTIC: [2] file_get_contents(./Tpl/Home/./footer.tpl): failed to open stream: No such file or directory /Applications/MAMP/htdocs/angobuy/Core/Library/Think/Template.class.php 第 696 行.
INFO: [ template_filter ] --START--
INFO: Run Behavior\ContentReplaceBehavior [ RunTime:0.000142s ]
INFO: [ template_filter ] --END-- [ RunTime:0.000312s ]
INFO: Run Behavior\ParseTemplateBehavior [ RunTime:0.047823s ]
INFO: [ view_parse ] --END-- [ RunTime:0.048018s ]
INFO: [ view_filter ] --START--
INFO: Run Behavior\WriteHtmlCacheBehavior [ RunTime:0.003277s ]
INFO: [ view_filter ] --END-- [ RunTime:0.003415s ]
INFO: [ app_end ] --START--
INFO: Run Behavior\ShowPageTraceBehavior [ RunTime:0.004433s ]
INFO: [ app_end ] --END-- [ RunTime:0.004591s ]

[ 2016-04-09T11:59:28+08:00 ] ::1 /angobuy/Home/index/index.html
INFO: [ app_init ] --START--
INFO: Run Behavior\BuildLiteBehavior [ RunTime:0.000107s ]
INFO: [ app_init ] --END-- [ RunTime:0.004467s ]
INFO: [ app_begin ] --START--
INFO: Run Behavior\ReadHtmlCacheBehavior [ RunTime:0.003961s ]
INFO: [ app_begin ] --END-- [ RunTime:0.004253s ]
INFO: [ view_parse ] --START--
NOTIC: [2] file_get_contents(./Tpl/Home/Public/var.tpl): failed to open stream: No such file or directory /Applications/MAMP/htdocs/angobuy/Core/Library/Think/Template.class.php 第 696 行.
NOTIC: [2] file_get_contents(./Tpl/Home/./header.tpl): failed to open stream: No such file or directory /Applications/MAMP/htdocs/angobuy/Core/Library/Think/Template.class.php 第 696 行.
NOTIC: [2] file_get_contents(./Tpl/Home/./footer.tpl): failed to open stream: No such file or directory /Applications/MAMP/htdocs/angobuy/Core/Library/Think/Template.class.php 第 696 行.
INFO: [ template_filter ] --START--
INFO: Run Behavior\ContentReplaceBehavior [ RunTime:0.000149s ]
INFO: [ template_filter ] --END-- [ RunTime:0.000329s ]
INFO: Run Behavior\ParseTemplateBehavior [ RunTime:0.048174s ]
INFO: [ view_parse ] --END-- [ RunTime:0.048372s ]
INFO: [ view_filter ] --START--
INFO: Run Behavior\WriteHtmlCacheBehavior [ RunTime:0.003145s ]
INFO: [ view_filter ] --END-- [ RunTime:0.003284s ]
INFO: [ app_end ] --START--
INFO: Run Behavior\ShowPageTraceBehavior [ RunTime:0.004316s ]
INFO: [ app_end ] --END-- [ RunTime:0.004473s ]

[ 2016-04-09T11:59:57+08:00 ] ::1 /angobuy/Home/index/index.html
INFO: [ app_init ] --START--
INFO: Run Behavior\BuildLiteBehavior [ RunTime:0.000045s ]
INFO: [ app_init ] --END-- [ RunTime:0.004125s ]
INFO: [ app_begin ] --START--
INFO: Run Behavior\ReadHtmlCacheBehavior [ RunTime:0.004869s ]
INFO: [ app_begin ] --END-- [ RunTime:0.005079s ]
INFO: [ view_parse ] --START--
NOTIC: [2] file_get_contents(./Tpl/Home/Public/var.tpl): failed to open stream: No such file or directory /Applications/MAMP/htdocs/angobuy/Core/Library/Think/Template.class.php 第 696 行.
NOTIC: [2] file_get_contents(./Tpl/Home/./header.tpl): failed to open stream: No such file or directory /Applications/MAMP/htdocs/angobuy/Core/Library/Think/Template.class.php 第 696 行.
NOTIC: [2] file_get_contents(./Tpl/Home/./footer.tpl): failed to open stream: No such file or directory /Applications/MAMP/htdocs/angobuy/Core/Library/Think/Template.class.php 第 696 行.
INFO: [ template_filter ] --START--
INFO: Run Behavior\ContentReplaceBehavior [ RunTime:0.000139s ]
INFO: [ template_filter ] --END-- [ RunTime:0.000302s ]
INFO: Run Behavior\ParseTemplateBehavior [ RunTime:0.042577s ]
INFO: [ view_parse ] --END-- [ RunTime:0.042772s ]
INFO: [ view_filter ] --START--
INFO: Run Behavior\WriteHtmlCacheBehavior [ RunTime:0.003145s ]
INFO: [ view_filter ] --END-- [ RunTime:0.003281s ]
INFO: [ app_end ] --START--
INFO: Run Behavior\ShowPageTraceBehavior [ RunTime:0.004361s ]
INFO: [ app_end ] --END-- [ RunTime:0.004537s ]

[ 2016-04-09T12:00:03+08:00 ] ::1 /angobuy/Home/index/index.html
INFO: [ app_init ] --START--
INFO: Run Behavior\BuildLiteBehavior [ RunTime:0.000019s ]
INFO: [ app_init ] --END-- [ RunTime:0.000481s ]
INFO: [ app_begin ] --START--
INFO: Run Behavior\ReadHtmlCacheBehavior [ RunTime:0.000600s ]
INFO: [ app_begin ] --END-- [ RunTime:0.000685s ]
INFO: [ view_parse ] --START--
NOTIC: [2] file_get_contents(./Tpl/Home/Public/var.tpl): failed to open stream: No such file or directory /Applications/MAMP/htdocs/angobuy/Core/Library/Think/Template.class.php 第 696 行.
NOTIC: [2] file_get_contents(./Tpl/Home/./header.tpl): failed to open stream: No such file or directory /Applications/MAMP/htdocs/angobuy/Core/Library/Think/Template.class.php 第 696 行.
NOTIC: [2] file_get_contents(./Tpl/Home/./footer.tpl): failed to open stream: No such file or directory /Applications/MAMP/htdocs/angobuy/Core/Library/Think/Template.class.php 第 696 行.
INFO: [ template_filter ] --START--
INFO: Run Behavior\ContentReplaceBehavior [ RunTime:0.000084s ]
INFO: [ template_filter ] --END-- [ RunTime:0.000164s ]
INFO: Run Behavior\ParseTemplateBehavior [ RunTime:0.009386s ]
INFO: [ view_parse ] --END-- [ RunTime:0.009520s ]
INFO: [ view_filter ] --START--
INFO: Run Behavior\WriteHtmlCacheBehavior [ RunTime:0.000179s ]
INFO: [ view_filter ] --END-- [ RunTime:0.000235s ]
INFO: [ app_end ] --START--
INFO: Run Behavior\ShowPageTraceBehavior [ RunTime:0.001288s ]
INFO: [ app_end ] --END-- [ RunTime:0.001442s ]

[ 2016-04-09T12:00:46+08:00 ] ::1 /angobuy/Home/index/index.html
INFO: [ app_init ] --START--
INFO: Run Behavior\BuildLiteBehavior [ RunTime:0.000020s ]
INFO: [ app_init ] --END-- [ RunTime:0.000502s ]
INFO: [ app_begin ] --START--
INFO: Run Behavior\ReadHtmlCacheBehavior [ RunTime:0.000931s ]
INFO: [ app_begin ] --END-- [ RunTime:0.001096s ]
INFO: [ view_parse ] --START--
NOTIC: [2] file_get_contents(./Tpl/Home/Public/var.tpl): failed to open stream: No such file or directory /Applications/MAMP/htdocs/angobuy/Core/Library/Think/Template.class.php 第 696 行.
NOTIC: [2] file_get_contents(./Tpl/Home/./header.tpl): failed to open stream: No such file or directory /Applications/MAMP/htdocs/angobuy/Core/Library/Think/Template.class.php 第 696 行.
NOTIC: [2] file_get_contents(./Tpl/Home/./footer.tpl): failed to open stream: No such file or directory /Applications/MAMP/htdocs/angobuy/Core/Library/Think/Template.class.php 第 696 行.
INFO: [ template_filter ] --START--
INFO: Run Behavior\ContentReplaceBehavior [ RunTime:0.000072s ]
INFO: [ template_filter ] --END-- [ RunTime:0.000151s ]
INFO: Run Behavior\ParseTemplateBehavior [ RunTime:0.010746s ]
INFO: [ view_parse ] --END-- [ RunTime:0.010859s ]
INFO: [ view_filter ] --START--
INFO: Run Behavior\WriteHtmlCacheBehavior [ RunTime:0.000325s ]
INFO: [ view_filter ] --END-- [ RunTime:0.000390s ]
INFO: [ app_end ] --START--
INFO: Run Behavior\ShowPageTraceBehavior [ RunTime:0.000857s ]
INFO: [ app_end ] --END-- [ RunTime:0.000970s ]

[ 2016-04-09T12:01:09+08:00 ] ::1 /angobuy/Home/index/index.html
INFO: [ app_init ] --START--
INFO: Run Behavior\BuildLiteBehavior [ RunTime:0.000027s ]
INFO: [ app_init ] --END-- [ RunTime:0.000523s ]
INFO: [ app_begin ] --START--
INFO: Run Behavior\ReadHtmlCacheBehavior [ RunTime:0.000661s ]
INFO: [ app_begin ] --END-- [ RunTime:0.000749s ]
INFO: [ view_parse ] --START--
NOTIC: [2] file_get_contents(./Tpl/Home/Public/var.tpl): failed to open stream: No such file or directory /Applications/MAMP/htdocs/angobuy/Core/Library/Think/Template.class.php 第 696 行.
NOTIC: [2] file_get_contents(./Tpl/Home/./header.tpl): failed to open stream: No such file or directory /Applications/MAMP/htdocs/angobuy/Core/Library/Think/Template.class.php 第 696 行.
NOTIC: [2] file_get_contents(./Tpl/Home/./footer.tpl): failed to open stream: No such file or directory /Applications/MAMP/htdocs/angobuy/Core/Library/Think/Template.class.php 第 696 行.
INFO: [ template_filter ] --START--
INFO: Run Behavior\ContentReplaceBehavior [ RunTime:0.000077s ]
INFO: [ template_filter ] --END-- [ RunTime:0.000161s ]
INFO: Run Behavior\ParseTemplateBehavior [ RunTime:0.010572s ]
INFO: [ view_parse ] --END-- [ RunTime:0.010654s ]
INFO: [ view_filter ] --START--
INFO: Run Behavior\WriteHtmlCacheBehavior [ RunTime:0.000164s ]
INFO: [ view_filter ] --END-- [ RunTime:0.000218s ]
INFO: [ app_end ] --START--
INFO: Run Behavior\ShowPageTraceBehavior [ RunTime:0.000798s ]
INFO: [ app_end ] --END-- [ RunTime:0.000876s ]

[ 2016-04-09T12:01:15+08:00 ] ::1 /angobuy/Home/index/index.html
INFO: [ app_init ] --START--
INFO: Run Behavior\BuildLiteBehavior [ RunTime:0.000019s ]
INFO: [ app_init ] --END-- [ RunTime:0.000523s ]
INFO: [ app_begin ] --START--
INFO: Run Behavior\ReadHtmlCacheBehavior [ RunTime:0.000612s ]
INFO: [ app_begin ] --END-- [ RunTime:0.000696s ]
INFO: [ view_parse ] --START--
NOTIC: [2] file_get_contents(./Tpl/Home/Public/var.tpl): failed to open stream: No such file or directory /Applications/MAMP/htdocs/angobuy/Core/Library/Think/Template.class.php 第 696 行.
NOTIC: [2] file_get_contents(./Tpl/Home/./header.tpl): failed to open stream: No such file or directory /Applications/MAMP/htdocs/angobuy/Core/Library/Think/Template.class.php 第 696 行.
NOTIC: [2] file_get_contents(./Tpl/Home/./footer.tpl): failed to open stream: No such file or directory /Applications/MAMP/htdocs/angobuy/Core/Library/Think/Template.class.php 第 696 行.
INFO: [ template_filter ] --START--
INFO: Run Behavior\ContentReplaceBehavior [ RunTime:0.000119s ]
INFO: [ template_filter ] --END-- [ RunTime:0.000333s ]
INFO: Run Behavior\ParseTemplateBehavior [ RunTime:0.010771s ]
INFO: [ view_parse ] --END-- [ RunTime:0.010875s ]
INFO: [ view_filter ] --START--
INFO: Run Behavior\WriteHtmlCacheBehavior [ RunTime:0.000290s ]
INFO: [ view_filter ] --END-- [ RunTime:0.000358s ]
INFO: [ app_end ] --START--
INFO: Run Behavior\ShowPageTraceBehavior [ RunTime:0.000698s ]
INFO: [ app_end ] --END-- [ RunTime:0.000765s ]

[ 2016-04-09T12:01:40+08:00 ] ::1 /angobuy/Home/index/index.html
INFO: [ app_init ] --START--
INFO: Run Behavior\BuildLiteBehavior [ RunTime:0.000015s ]
INFO: [ app_init ] --END-- [ RunTime:0.000355s ]
INFO: [ app_begin ] --START--
INFO: Run Behavior\ReadHtmlCacheBehavior [ RunTime:0.000609s ]
INFO: [ app_begin ] --END-- [ RunTime:0.000702s ]
INFO: [ view_parse ] --START--
NOTIC: [2] file_get_contents(./Tpl/Home/Public/var.tpl): failed to open stream: No such file or directory /Applications/MAMP/htdocs/angobuy/Core/Library/Think/Template.class.php 第 696 行.
NOTIC: [2] file_get_contents(./Tpl/Home/./header.tpl): failed to open stream: No such file or directory /Applications/MAMP/htdocs/angobuy/Core/Library/Think/Template.class.php 第 696 行.
NOTIC: [2] file_get_contents(./Tpl/Home/./footer.tpl): failed to open stream: No such file or directory /Applications/MAMP/htdocs/angobuy/Core/Library/Think/Template.class.php 第 696 行.
INFO: [ template_filter ] --START--
INFO: Run Behavior\ContentReplaceBehavior [ RunTime:0.000069s ]
INFO: [ template_filter ] --END-- [ RunTime:0.000173s ]
INFO: Run Behavior\ParseTemplateBehavior [ RunTime:0.009955s ]
INFO: [ view_parse ] --END-- [ RunTime:0.010039s ]
INFO: [ view_filter ] --START--
INFO: Run Behavior\WriteHtmlCacheBehavior [ RunTime:0.000163s ]
INFO: [ view_filter ] --END-- [ RunTime:0.000217s ]
INFO: [ app_end ] --START--
INFO: Run Behavior\ShowPageTraceBehavior [ RunTime:0.000545s ]
INFO: [ app_end ] --END-- [ RunTime:0.000606s ]

[ 2016-04-09T12:01:44+08:00 ] ::1 /angobuy/Home/index/index.html
INFO: [ app_init ] --START--
INFO: Run Behavior\BuildLiteBehavior [ RunTime:0.000015s ]
INFO: [ app_init ] --END-- [ RunTime:0.000362s ]
INFO: [ app_begin ] --START--
INFO: Run Behavior\ReadHtmlCacheBehavior [ RunTime:0.000466s ]
INFO: [ app_begin ] --END-- [ RunTime:0.000525s ]
INFO: [ view_parse ] --START--
NOTIC: [2] file_get_contents(./Tpl/Home/Public/var.tpl): failed to open stream: No such file or directory /Applications/MAMP/htdocs/angobuy/Core/Library/Think/Template.class.php 第 696 行.
NOTIC: [2] file_get_contents(./Tpl/Home/./header.tpl): failed to open stream: No such file or directory /Applications/MAMP/htdocs/angobuy/Core/Library/Think/Template.class.php 第 696 行.
NOTIC: [2] file_get_contents(./Tpl/Home/./footer.tpl): failed to open stream: No such file or directory /Applications/MAMP/htdocs/angobuy/Core/Library/Think/Template.class.php 第 696 行.
INFO: [ template_filter ] --START--
INFO: Run Behavior\ContentReplaceBehavior [ RunTime:0.000052s ]
INFO: [ template_filter ] --END-- [ RunTime:0.000116s ]
INFO: Run Behavior\ParseTemplateBehavior [ RunTime:0.008000s ]
INFO: [ view_parse ] --END-- [ RunTime:0.008058s ]
INFO: [ view_filter ] --START--
INFO: Run Behavior\WriteHtmlCacheBehavior [ RunTime:0.000141s ]
INFO: [ view_filter ] --END-- [ RunTime:0.000191s ]
INFO: [ app_end ] --START--
INFO: Run Behavior\ShowPageTraceBehavior [ RunTime:0.000484s ]
INFO: [ app_end ] --END-- [ RunTime:0.000537s ]

[ 2016-04-09T12:02:25+08:00 ] ::1 /angobuy/Home/index/index.html
INFO: [ app_init ] --START--
INFO: Run Behavior\BuildLiteBehavior [ RunTime:0.000037s ]
INFO: [ app_init ] --END-- [ RunTime:0.004254s ]
INFO: [ app_begin ] --START--
INFO: Run Behavior\ReadHtmlCacheBehavior [ RunTime:0.003322s ]
INFO: [ app_begin ] --END-- [ RunTime:0.003491s ]
INFO: [ view_parse ] --START--
NOTIC: [2] file_get_contents(./Tpl/Home/Public/var.tpl): failed to open stream: No such file or directory /Applications/MAMP/htdocs/angobuy/Core/Library/Think/Template.class.php 第 696 行.
NOTIC: [2] file_get_contents(./Tpl/Home/./header.tpl): failed to open stream: No such file or directory /Applications/MAMP/htdocs/angobuy/Core/Library/Think/Template.class.php 第 696 行.
NOTIC: [2] file_get_contents(./Tpl/Home/./footer.tpl): failed to open stream: No such file or directory /Applications/MAMP/htdocs/angobuy/Core/Library/Think/Template.class.php 第 696 行.
INFO: [ template_filter ] --START--
INFO: Run Behavior\ContentReplaceBehavior [ RunTime:0.000109s ]
INFO: [ template_filter ] --END-- [ RunTime:0.000246s ]
INFO: Run Behavior\ParseTemplateBehavior [ RunTime:0.033704s ]
INFO: [ view_parse ] --END-- [ RunTime:0.033835s ]
INFO: [ view_filter ] --START--
INFO: Run Behavior\WriteHtmlCacheBehavior [ RunTime:0.001367s ]
INFO: [ view_filter ] --END-- [ RunTime:0.001505s ]
INFO: [ app_end ] --START--
INFO: Run Behavior\ShowPageTraceBehavior [ RunTime:0.004230s ]
INFO: [ app_end ] --END-- [ RunTime:0.004382s ]

[ 2016-04-09T12:02:36+08:00 ] ::1 /angobuy/Home/index/index.html
INFO: [ app_init ] --START--
INFO: Run Behavior\BuildLiteBehavior [ RunTime:0.000016s ]
INFO: [ app_init ] --END-- [ RunTime:0.000353s ]
INFO: [ app_begin ] --START--
INFO: Run Behavior\ReadHtmlCacheBehavior [ RunTime:0.000470s ]
INFO: [ app_begin ] --END-- [ RunTime:0.000531s ]
INFO: [ view_parse ] --START--
NOTIC: [2] file_get_contents(./Tpl/Home/Public/var.tpl): failed to open stream: No such file or directory /Applications/MAMP/htdocs/angobuy/Core/Library/Think/Template.class.php 第 696 行.
NOTIC: [2] file_get_contents(./Tpl/Home/./header.tpl): failed to open stream: No such file or directory /Applications/MAMP/htdocs/angobuy/Core/Library/Think/Template.class.php 第 696 行.
NOTIC: [2] file_get_contents(./Tpl/Home/./footer.tpl): failed to open stream: No such file or directory /Applications/MAMP/htdocs/angobuy/Core/Library/Think/Template.class.php 第 696 行.
INFO: [ template_filter ] --START--
INFO: Run Behavior\ContentReplaceBehavior [ RunTime:0.000059s ]
INFO: [ template_filter ] --END-- [ RunTime:0.000130s ]
INFO: Run Behavior\ParseTemplateBehavior [ RunTime:0.008976s ]
INFO: [ view_parse ] --END-- [ RunTime:0.009036s ]
INFO: [ view_filter ] --START--
INFO: Run Behavior\WriteHtmlCacheBehavior [ RunTime:0.000146s ]
INFO: [ view_filter ] --END-- [ RunTime:0.000198s ]
INFO: [ app_end ] --START--
INFO: Run Behavior\ShowPageTraceBehavior [ RunTime:0.000494s ]
INFO: [ app_end ] --END-- [ RunTime:0.000547s ]

[ 2016-04-09T12:02:44+08:00 ] ::1 /angobuy/Home/index/index.html
INFO: [ app_init ] --START--
INFO: Run Behavior\BuildLiteBehavior [ RunTime:0.000023s ]
INFO: [ app_init ] --END-- [ RunTime:0.000646s ]
INFO: [ app_begin ] --START--
INFO: Run Behavior\ReadHtmlCacheBehavior [ RunTime:0.000669s ]
INFO: [ app_begin ] --END-- [ RunTime:0.000752s ]
INFO: [ view_parse ] --START--
NOTIC: [2] file_get_contents(./Tpl/Home/Public/var.tpl): failed to open stream: No such file or directory /Applications/MAMP/htdocs/angobuy/Core/Library/Think/Template.class.php 第 696 行.
NOTIC: [2] file_get_contents(./Tpl/Home/./header.tpl): failed to open stream: No such file or directory /Applications/MAMP/htdocs/angobuy/Core/Library/Think/Template.class.php 第 696 行.
NOTIC: [2] file_get_contents(./Tpl/Home/./footer.tpl): failed to open stream: No such file or directory /Applications/MAMP/htdocs/angobuy/Core/Library/Think/Template.class.php 第 696 行.
INFO: [ template_filter ] --START--
INFO: Run Behavior\ContentReplaceBehavior [ RunTime:0.000054s ]
INFO: [ template_filter ] --END-- [ RunTime:0.000115s ]
INFO: Run Behavior\ParseTemplateBehavior [ RunTime:0.008015s ]
INFO: [ view_parse ] --END-- [ RunTime:0.008079s ]
INFO: [ view_filter ] --START--
INFO: Run Behavior\WriteHtmlCacheBehavior [ RunTime:0.000145s ]
INFO: [ view_filter ] --END-- [ RunTime:0.000195s ]
INFO: [ app_end ] --START--
INFO: Run Behavior\ShowPageTraceBehavior [ RunTime:0.000490s ]
INFO: [ app_end ] --END-- [ RunTime:0.000545s ]

[ 2016-04-09T12:02:51+08:00 ] ::1 /angobuy/Home/index/index.html
INFO: [ app_init ] --START--
INFO: Run Behavior\BuildLiteBehavior [ RunTime:0.000015s ]
INFO: [ app_init ] --END-- [ RunTime:0.000353s ]
INFO: [ app_begin ] --START--
INFO: Run Behavior\ReadHtmlCacheBehavior [ RunTime:0.000468s ]
INFO: [ app_begin ] --END-- [ RunTime:0.000528s ]
INFO: [ view_parse ] --START--
NOTIC: [2] file_get_contents(./Tpl/Home/Public/var.tpl): failed to open stream: No such file or directory /Applications/MAMP/htdocs/angobuy/Core/Library/Think/Template.class.php 第 696 行.
NOTIC: [2] file_get_contents(./Tpl/Home/./header.tpl): failed to open stream: No such file or directory /Applications/MAMP/htdocs/angobuy/Core/Library/Think/Template.class.php 第 696 行.
NOTIC: [2] file_get_contents(./Tpl/Home/./footer.tpl): failed to open stream: No such file or directory /Applications/MAMP/htdocs/angobuy/Core/Library/Think/Template.class.php 第 696 行.
INFO: [ template_filter ] --START--
INFO: Run Behavior\ContentReplaceBehavior [ RunTime:0.000057s ]
INFO: [ template_filter ] --END-- [ RunTime:0.000127s ]
INFO: Run Behavior\ParseTemplateBehavior [ RunTime:0.009154s ]
INFO: [ view_parse ] --END-- [ RunTime:0.009215s ]
INFO: [ view_filter ] --START--
INFO: Run Behavior\WriteHtmlCacheBehavior [ RunTime:0.000147s ]
INFO: [ view_filter ] --END-- [ RunTime:0.000197s ]
INFO: [ app_end ] --START--
INFO: Run Behavior\ShowPageTraceBehavior [ RunTime:0.000497s ]
INFO: [ app_end ] --END-- [ RunTime:0.000550s ]

[ 2016-04-09T12:03:38+08:00 ] ::1 /angobuy/
INFO: [ app_init ] --START--
INFO: Run Behavior\BuildLiteBehavior [ RunTime:0.000037s ]
INFO: [ app_init ] --END-- [ RunTime:0.003774s ]
INFO: [ app_begin ] --START--
INFO: Run Behavior\ReadHtmlCacheBehavior [ RunTime:0.003770s ]
INFO: [ app_begin ] --END-- [ RunTime:0.004012s ]
INFO: [ view_parse ] --START--
NOTIC: [2] file_get_contents(./Tpl/Home/Public/var.tpl): failed to open stream: No such file or directory /Applications/MAMP/htdocs/angobuy/Core/Library/Think/Template.class.php 第 696 行.
NOTIC: [2] file_get_contents(./Tpl/Home/./header.tpl): failed to open stream: No such file or directory /Applications/MAMP/htdocs/angobuy/Core/Library/Think/Template.class.php 第 696 行.
NOTIC: [2] file_get_contents(./Tpl/Home/./footer.tpl): failed to open stream: No such file or directory /Applications/MAMP/htdocs/angobuy/Core/Library/Think/Template.class.php 第 696 行.
INFO: [ template_filter ] --START--
INFO: Run Behavior\ContentReplaceBehavior [ RunTime:0.000105s ]
INFO: [ template_filter ] --END-- [ RunTime:0.000243s ]
INFO: Run Behavior\ParseTemplateBehavior [ RunTime:0.050745s ]
INFO: [ view_parse ] --END-- [ RunTime:0.050892s ]
INFO: [ view_filter ] --START--
INFO: Run Behavior\WriteHtmlCacheBehavior [ RunTime:0.003382s ]
INFO: [ view_filter ] --END-- [ RunTime:0.003522s ]
INFO: [ app_end ] --START--
INFO: Run Behavior\ShowPageTraceBehavior [ RunTime:0.004058s ]
INFO: [ app_end ] --END-- [ RunTime:0.004222s ]

[ 2016-04-09T12:05:08+08:00 ] ::1 /angobuy/
INFO: [ app_init ] --START--
INFO: Run Behavior\BuildLiteBehavior [ RunTime:0.000056s ]
INFO: [ app_init ] --END-- [ RunTime:0.003957s ]
INFO: [ app_begin ] --START--
INFO: Run Behavior\ReadHtmlCacheBehavior [ RunTime:0.004043s ]
INFO: [ app_begin ] --END-- [ RunTime:0.004256s ]
INFO: [ view_parse ] --START--
NOTIC: [2] file_get_contents(./Tpl/Home/Public/var.tpl): failed to open stream: No such file or directory /Applications/MAMP/htdocs/angobuy/Core/Library/Think/Template.class.php 第 696 行.
NOTIC: [2] file_get_contents(./Tpl/Home/./header.tpl): failed to open stream: No such file or directory /Applications/MAMP/htdocs/angobuy/Core/Library/Think/Template.class.php 第 696 行.
NOTIC: [2] file_get_contents(./Tpl/Home/./footer.tpl): failed to open stream: No such file or directory /Applications/MAMP/htdocs/angobuy/Core/Library/Think/Template.class.php 第 696 行.
INFO: [ template_filter ] --START--
INFO: Run Behavior\ContentReplaceBehavior [ RunTime:0.000104s ]
INFO: [ template_filter ] --END-- [ RunTime:0.000258s ]
INFO: Run Behavior\ParseTemplateBehavior [ RunTime:0.057286s ]
INFO: [ view_parse ] --END-- [ RunTime:0.057454s ]
INFO: [ view_filter ] --START--
INFO: Run Behavior\WriteHtmlCacheBehavior [ RunTime:0.003477s ]
INFO: [ view_filter ] --END-- [ RunTime:0.003650s ]
INFO: [ app_end ] --START--
INFO: Run Behavior\ShowPageTraceBehavior [ RunTime:0.003904s ]
INFO: [ app_end ] --END-- [ RunTime:0.004113s ]

[ 2016-04-09T12:08:25+08:00 ] ::1 /angobuy/
INFO: [ app_init ] --START--
INFO: Run Behavior\BuildLiteBehavior [ RunTime:0.000059s ]
INFO: [ app_init ] --END-- [ RunTime:0.003812s ]
INFO: [ app_begin ] --START--
INFO: Run Behavior\ReadHtmlCacheBehavior [ RunTime:0.004439s ]
INFO: [ app_begin ] --END-- [ RunTime:0.004653s ]
INFO: [ view_parse ] --START--
NOTIC: [2] file_get_contents(./Tpl/Home/Public/var.tpl): failed to open stream: No such file or directory /Applications/MAMP/htdocs/angobuy/Core/Library/Think/Template.class.php 第 696 行.
NOTIC: [2] file_get_contents(./Tpl/Home/./header.tpl): failed to open stream: No such file or directory /Applications/MAMP/htdocs/angobuy/Core/Library/Think/Template.class.php 第 696 行.
NOTIC: [2] file_get_contents(./Tpl/Home/./footer.tpl): failed to open stream: No such file or directory /Applications/MAMP/htdocs/angobuy/Core/Library/Think/Template.class.php 第 696 行.
INFO: [ template_filter ] --START--
INFO: Run Behavior\ContentReplaceBehavior [ RunTime:0.000218s ]
INFO: [ template_filter ] --END-- [ RunTime:0.000389s ]
INFO: Run Behavior\ParseTemplateBehavior [ RunTime:0.048780s ]
INFO: [ view_parse ] --END-- [ RunTime:0.048954s ]
INFO: [ view_filter ] --START--
INFO: Run Behavior\WriteHtmlCacheBehavior [ RunTime:0.003171s ]
INFO: [ view_filter ] --END-- [ RunTime:0.003301s ]
INFO: [ app_end ] --START--
INFO: Run Behavior\ShowPageTraceBehavior [ RunTime:0.004366s ]
INFO: [ app_end ] --END-- [ RunTime:0.004527s ]

[ 2016-04-09T12:09:05+08:00 ] ::1 /angobuy/
INFO: [ app_init ] --START--
INFO: Run Behavior\BuildLiteBehavior [ RunTime:0.000048s ]
INFO: [ app_init ] --END-- [ RunTime:0.004045s ]
INFO: [ app_begin ] --START--
INFO: Run Behavior\ReadHtmlCacheBehavior [ RunTime:0.003989s ]
INFO: [ app_begin ] --END-- [ RunTime:0.004198s ]
INFO: [ view_parse ] --START--
NOTIC: [2] file_get_contents(./Tpl/Home/Public/var.tpl): failed to open stream: No such file or directory /Applications/MAMP/htdocs/angobuy/Core/Library/Think/Template.class.php 第 696 行.
NOTIC: [2] file_get_contents(./Tpl/Home/./header.tpl): failed to open stream: No such file or directory /Applications/MAMP/htdocs/angobuy/Core/Library/Think/Template.class.php 第 696 行.
NOTIC: [2] file_get_contents(./Tpl/Home/./footer.tpl): failed to open stream: No such file or directory /Applications/MAMP/htdocs/angobuy/Core/Library/Think/Template.class.php 第 696 行.
INFO: [ template_filter ] --START--
INFO: Run Behavior\ContentReplaceBehavior [ RunTime:0.000074s ]
INFO: [ template_filter ] --END-- [ RunTime:0.000166s ]
INFO: Run Behavior\ParseTemplateBehavior [ RunTime:0.043889s ]
INFO: [ view_parse ] --END-- [ RunTime:0.044098s ]
INFO: [ view_filter ] --START--
INFO: Run Behavior\WriteHtmlCacheBehavior [ RunTime:0.001614s ]
INFO: [ view_filter ] --END-- [ RunTime:0.001760s ]
INFO: [ app_end ] --START--
INFO: Run Behavior\ShowPageTraceBehavior [ RunTime:0.004383s ]
INFO: [ app_end ] --END-- [ RunTime:0.004542s ]

[ 2016-04-09T12:10:08+08:00 ] ::1 /angobuy/
INFO: [ app_init ] --START--
INFO: Run Behavior\BuildLiteBehavior [ RunTime:0.000046s ]
INFO: [ app_init ] --END-- [ RunTime:0.004032s ]
INFO: [ app_begin ] --START--
INFO: Run Behavior\ReadHtmlCacheBehavior [ RunTime:0.004208s ]
INFO: [ app_begin ] --END-- [ RunTime:0.004420s ]
INFO: [ view_parse ] --START--
NOTIC: [2] file_get_contents(./Tpl/Home/Public/var.tpl): failed to open stream: No such file or directory /Applications/MAMP/htdocs/angobuy/Core/Library/Think/Template.class.php 第 696 行.
NOTIC: [2] file_get_contents(./Tpl/Home/./header.tpl): failed to open stream: No such file or directory /Applications/MAMP/htdocs/angobuy/Core/Library/Think/Template.class.php 第 696 行.
NOTIC: [2] file_get_contents(./Tpl/Home/./footer.tpl): failed to open stream: No such file or directory /Applications/MAMP/htdocs/angobuy/Core/Library/Think/Template.class.php 第 696 行.
INFO: [ template_filter ] --START--
INFO: Run Behavior\ContentReplaceBehavior [ RunTime:0.000113s ]
INFO: [ template_filter ] --END-- [ RunTime:0.000245s ]
INFO: Run Behavior\ParseTemplateBehavior [ RunTime:0.051240s ]
INFO: [ view_parse ] --END-- [ RunTime:0.051405s ]
INFO: [ view_filter ] --START--
INFO: Run Behavior\WriteHtmlCacheBehavior [ RunTime:0.001571s ]
INFO: [ view_filter ] --END-- [ RunTime:0.001704s ]
INFO: [ app_end ] --START--
INFO: Run Behavior\ShowPageTraceBehavior [ RunTime:0.004270s ]
INFO: [ app_end ] --END-- [ RunTime:0.004426s ]

[ 2016-04-09T12:10:30+08:00 ] ::1 /angobuy/
INFO: [ app_init ] --START--
INFO: Run Behavior\BuildLiteBehavior [ RunTime:0.000038s ]
INFO: [ app_init ] --END-- [ RunTime:0.001372s ]
INFO: [ app_begin ] --START--
INFO: Run Behavior\ReadHtmlCacheBehavior [ RunTime:0.000886s ]
INFO: [ app_begin ] --END-- [ RunTime:0.001028s ]
INFO: [ view_parse ] --START--
NOTIC: [2] file_get_contents(./Tpl/Home/Public/var.tpl): failed to open stream: No such file or directory /Applications/MAMP/htdocs/angobuy/Core/Library/Think/Template.class.php 第 696 行.
NOTIC: [2] file_get_contents(./Tpl/Home/./header.tpl): failed to open stream: No such file or directory /Applications/MAMP/htdocs/angobuy/Core/Library/Think/Template.class.php 第 696 行.
NOTIC: [2] file_get_contents(./Tpl/Home/./footer.tpl): failed to open stream: No such file or directory /Applications/MAMP/htdocs/angobuy/Core/Library/Think/Template.class.php 第 696 行.
INFO: [ template_filter ] --START--
INFO: Run Behavior\ContentReplaceBehavior [ RunTime:0.000128s ]
INFO: [ template_filter ] --END-- [ RunTime:0.000414s ]
INFO: Run Behavior\ParseTemplateBehavior [ RunTime:0.037156s ]
INFO: [ view_parse ] --END-- [ RunTime:0.037266s ]
INFO: [ view_filter ] --START--
INFO: Run Behavior\WriteHtmlCacheBehavior [ RunTime:0.000200s ]
INFO: [ view_filter ] --END-- [ RunTime:0.000269s ]
INFO: [ app_end ] --START--
INFO: Run Behavior\ShowPageTraceBehavior [ RunTime:0.000843s ]
INFO: [ app_end ] --END-- [ RunTime:0.000925s ]

[ 2016-04-09T12:10:36+08:00 ] ::1 /angobuy/
INFO: [ app_init ] --START--
INFO: Run Behavior\BuildLiteBehavior [ RunTime:0.000024s ]
INFO: [ app_init ] --END-- [ RunTime:0.000551s ]
INFO: [ app_begin ] --START--
INFO: Run Behavior\ReadHtmlCacheBehavior [ RunTime:0.000756s ]
INFO: [ app_begin ] --END-- [ RunTime:0.000854s ]
INFO: [ view_parse ] --START--
NOTIC: [2] file_get_contents(./Tpl/Home/Public/var.tpl): failed to open stream: No such file or directory /Applications/MAMP/htdocs/angobuy/Core/Library/Think/Template.class.php 第 696 行.
NOTIC: [2] file_get_contents(./Tpl/Home/./header.tpl): failed to open stream: No such file or directory /Applications/MAMP/htdocs/angobuy/Core/Library/Think/Template.class.php 第 696 行.
NOTIC: [2] file_get_contents(./Tpl/Home/./footer.tpl): failed to open stream: No such file or directory /Applications/MAMP/htdocs/angobuy/Core/Library/Think/Template.class.php 第 696 行.
INFO: [ template_filter ] --START--
INFO: Run Behavior\ContentReplaceBehavior [ RunTime:0.000072s ]
INFO: [ template_filter ] --END-- [ RunTime:0.000156s ]
INFO: Run Behavior\ParseTemplateBehavior [ RunTime:0.012851s ]
INFO: [ view_parse ] --END-- [ RunTime:0.012941s ]
INFO: [ view_filter ] --START--
INFO: Run Behavior\WriteHtmlCacheBehavior [ RunTime:0.000152s ]
INFO: [ view_filter ] --END-- [ RunTime:0.000201s ]
INFO: [ app_end ] --START--
INFO: Run Behavior\ShowPageTraceBehavior [ RunTime:0.000645s ]
INFO: [ app_end ] --END-- [ RunTime:0.000710s ]

[ 2016-04-09T12:10:42+08:00 ] ::1 /angobuy/
INFO: [ app_init ] --START--
INFO: Run Behavior\BuildLiteBehavior [ RunTime:0.000024s ]
INFO: [ app_init ] --END-- [ RunTime:0.000557s ]
INFO: [ app_begin ] --START--
INFO: Run Behavior\ReadHtmlCacheBehavior [ RunTime:0.000693s ]
INFO: [ app_begin ] --END-- [ RunTime:0.000790s ]
INFO: [ view_parse ] --START--
NOTIC: [2] file_get_contents(./Tpl/Home/Public/var.tpl): failed to open stream: No such file or directory /Applications/MAMP/htdocs/angobuy/Core/Library/Think/Template.class.php 第 696 行.
NOTIC: [2] file_get_contents(./Tpl/Home/./header.tpl): failed to open stream: No such file or directory /Applications/MAMP/htdocs/angobuy/Core/Library/Think/Template.class.php 第 696 行.
NOTIC: [2] file_get_contents(./Tpl/Home/./footer.tpl): failed to open stream: No such file or directory /Applications/MAMP/htdocs/angobuy/Core/Library/Think/Template.class.php 第 696 行.
INFO: [ template_filter ] --START--
INFO: Run Behavior\ContentReplaceBehavior [ RunTime:0.000089s ]
INFO: [ template_filter ] --END-- [ RunTime:0.000188s ]
INFO: Run Behavior\ParseTemplateBehavior [ RunTime:0.012042s ]
INFO: [ view_parse ] --END-- [ RunTime:0.012131s ]
INFO: [ view_filter ] --START--
INFO: Run Behavior\WriteHtmlCacheBehavior [ RunTime:0.000151s ]
INFO: [ view_filter ] --END-- [ RunTime:0.000203s ]
INFO: [ app_end ] --START--
INFO: Run Behavior\ShowPageTraceBehavior [ RunTime:0.000662s ]
INFO: [ app_end ] --END-- [ RunTime:0.000726s ]

[ 2016-04-09T12:11:04+08:00 ] ::1 /angobuy/
INFO: [ app_init ] --START--
INFO: Run Behavior\BuildLiteBehavior [ RunTime:0.000030s ]
INFO: [ app_init ] --END-- [ RunTime:0.000596s ]
INFO: [ app_begin ] --START--
INFO: Run Behavior\ReadHtmlCacheBehavior [ RunTime:0.000719s ]
INFO: [ app_begin ] --END-- [ RunTime:0.000824s ]
INFO: [ view_parse ] --START--
NOTIC: [2] file_get_contents(./Tpl/Home/Public/var.tpl): failed to open stream: No such file or directory /Applications/MAMP/htdocs/angobuy/Core/Library/Think/Template.class.php 第 696 行.
NOTIC: [2] file_get_contents(./Tpl/Home/./header.tpl): failed to open stream: No such file or directory /Applications/MAMP/htdocs/angobuy/Core/Library/Think/Template.class.php 第 696 行.
NOTIC: [2] file_get_contents(./Tpl/Home/./footer.tpl): failed to open stream: No such file or directory /Applications/MAMP/htdocs/angobuy/Core/Library/Think/Template.class.php 第 696 行.
INFO: [ template_filter ] --START--
INFO: Run Behavior\ContentReplaceBehavior [ RunTime:0.000078s ]
INFO: [ template_filter ] --END-- [ RunTime:0.000163s ]
INFO: Run Behavior\ParseTemplateBehavior [ RunTime:0.012245s ]
INFO: [ view_parse ] --END-- [ RunTime:0.012338s ]
INFO: [ view_filter ] --START--
INFO: Run Behavior\WriteHtmlCacheBehavior [ RunTime:0.000257s ]
INFO: [ view_filter ] --END-- [ RunTime:0.000326s ]
INFO: [ app_end ] --START--
INFO: Run Behavior\ShowPageTraceBehavior [ RunTime:0.001336s ]
INFO: [ app_end ] --END-- [ RunTime:0.001472s ]

[ 2016-04-09T12:11:19+08:00 ] ::1 /angobuy/
INFO: [ app_init ] --START--
INFO: Run Behavior\BuildLiteBehavior [ RunTime:0.000024s ]
INFO: [ app_init ] --END-- [ RunTime:0.000560s ]
INFO: [ app_begin ] --START--
INFO: Run Behavior\ReadHtmlCacheBehavior [ RunTime:0.000712s ]
INFO: [ app_begin ] --END-- [ RunTime:0.000818s ]
INFO: [ view_parse ] --START--
NOTIC: [2] file_get_contents(./Tpl/Home/Public/var.tpl): failed to open stream: No such file or directory /Applications/MAMP/htdocs/angobuy/Core/Library/Think/Template.class.php 第 696 行.
NOTIC: [2] file_get_contents(./Tpl/Home/./header.tpl): failed to open stream: No such file or directory /Applications/MAMP/htdocs/angobuy/Core/Library/Think/Template.class.php 第 696 行.
NOTIC: [2] file_get_contents(./Tpl/Home/./footer.tpl): failed to open stream: No such file or directory /Applications/MAMP/htdocs/angobuy/Core/Library/Think/Template.class.php 第 696 行.
INFO: [ template_filter ] --START--
INFO: Run Behavior\ContentReplaceBehavior [ RunTime:0.000075s ]
INFO: [ template_filter ] --END-- [ RunTime:0.000161s ]
INFO: Run Behavior\ParseTemplateBehavior [ RunTime:0.011754s ]
INFO: [ view_parse ] --END-- [ RunTime:0.011847s ]
INFO: [ view_filter ] --START--
INFO: Run Behavior\WriteHtmlCacheBehavior [ RunTime:0.000151s ]
INFO: [ view_filter ] --END-- [ RunTime:0.000202s ]
INFO: [ app_end ] --START--
INFO: Run Behavior\ShowPageTraceBehavior [ RunTime:0.000634s ]
INFO: [ app_end ] --END-- [ RunTime:0.000692s ]

[ 2016-04-09T12:11:29+08:00 ] ::1 /angobuy/
INFO: [ app_init ] --START--
INFO: Run Behavior\BuildLiteBehavior [ RunTime:0.000019s ]
INFO: [ app_init ] --END-- [ RunTime:0.000424s ]
INFO: [ app_begin ] --START--
INFO: Run Behavior\ReadHtmlCacheBehavior [ RunTime:0.000641s ]
INFO: [ app_begin ] --END-- [ RunTime:0.000728s ]
INFO: [ view_parse ] --START--
NOTIC: [2] file_get_contents(./Tpl/Home/Public/var.tpl): failed to open stream: No such file or directory /Applications/MAMP/htdocs/angobuy/Core/Library/Think/Template.class.php 第 696 行.
NOTIC: [2] file_get_contents(./Tpl/Home/./header.tpl): failed to open stream: No such file or directory /Applications/MAMP/htdocs/angobuy/Core/Library/Think/Template.class.php 第 696 行.
NOTIC: [2] file_get_contents(./Tpl/Home/./footer.tpl): failed to open stream: No such file or directory /Applications/MAMP/htdocs/angobuy/Core/Library/Think/Template.class.php 第 696 行.
INFO: [ template_filter ] --START--
INFO: Run Behavior\ContentReplaceBehavior [ RunTime:0.000057s ]
INFO: [ template_filter ] --END-- [ RunTime:0.000133s ]
INFO: Run Behavior\ParseTemplateBehavior [ RunTime:0.010195s ]
INFO: [ view_parse ] --END-- [ RunTime:0.010271s ]
INFO: [ view_filter ] --START--
INFO: Run Behavior\WriteHtmlCacheBehavior [ RunTime:0.000176s ]
INFO: [ view_filter ] --END-- [ RunTime:0.000229s ]
INFO: [ app_end ] --START--
INFO: Run Behavior\ShowPageTraceBehavior [ RunTime:0.000593s ]
INFO: [ app_end ] --END-- [ RunTime:0.000659s ]

[ 2016-04-09T12:11:34+08:00 ] ::1 /angobuy/
INFO: [ app_init ] --START--
INFO: Run Behavior\BuildLiteBehavior [ RunTime:0.000019s ]
INFO: [ app_init ] --END-- [ RunTime:0.000422s ]
INFO: [ app_begin ] --START--
INFO: Run Behavior\ReadHtmlCacheBehavior [ RunTime:0.000582s ]
INFO: [ app_begin ] --END-- [ RunTime:0.000670s ]
INFO: [ view_parse ] --START--
NOTIC: [2] file_get_contents(./Tpl/Home/Public/var.tpl): failed to open stream: No such file or directory /Applications/MAMP/htdocs/angobuy/Core/Library/Think/Template.class.php 第 696 行.
NOTIC: [2] file_get_contents(./Tpl/Home/./header.tpl): failed to open stream: No such file or directory /Applications/MAMP/htdocs/angobuy/Core/Library/Think/Template.class.php 第 696 行.
NOTIC: [2] file_get_contents(./Tpl/Home/./footer.tpl): failed to open stream: No such file or directory /Applications/MAMP/htdocs/angobuy/Core/Library/Think/Template.class.php 第 696 行.
INFO: [ template_filter ] --START--
INFO: Run Behavior\ContentReplaceBehavior [ RunTime:0.000062s ]
INFO: [ template_filter ] --END-- [ RunTime:0.000142s ]
INFO: Run Behavior\ParseTemplateBehavior [ RunTime:0.010093s ]
INFO: [ view_parse ] --END-- [ RunTime:0.010166s ]
INFO: [ view_filter ] --START--
INFO: Run Behavior\WriteHtmlCacheBehavior [ RunTime:0.000171s ]
INFO: [ view_filter ] --END-- [ RunTime:0.000224s ]
INFO: [ app_end ] --START--
INFO: Run Behavior\ShowPageTraceBehavior [ RunTime:0.000589s ]
INFO: [ app_end ] --END-- [ RunTime:0.000666s ]

[ 2016-04-09T12:11:43+08:00 ] ::1 /angobuy/
INFO: [ app_init ] --START--
INFO: Run Behavior\BuildLiteBehavior [ RunTime:0.000025s ]
INFO: [ app_init ] --END-- [ RunTime:0.000562s ]
INFO: [ app_begin ] --START--
INFO: Run Behavior\ReadHtmlCacheBehavior [ RunTime:0.000838s ]
INFO: [ app_begin ] --END-- [ RunTime:0.000989s ]
INFO: [ view_parse ] --START--
NOTIC: [2] file_get_contents(./Tpl/Home/Public/var.tpl): failed to open stream: No such file or directory /Applications/MAMP/htdocs/angobuy/Core/Library/Think/Template.class.php 第 696 行.
NOTIC: [2] file_get_contents(./Tpl/Home/./header.tpl): failed to open stream: No such file or directory /Applications/MAMP/htdocs/angobuy/Core/Library/Think/Template.class.php 第 696 行.
NOTIC: [2] file_get_contents(./Tpl/Home/./footer.tpl): failed to open stream: No such file or directory /Applications/MAMP/htdocs/angobuy/Core/Library/Think/Template.class.php 第 696 行.
INFO: [ template_filter ] --START--
INFO: Run Behavior\ContentReplaceBehavior [ RunTime:0.000083s ]
INFO: [ template_filter ] --END-- [ RunTime:0.000184s ]
INFO: Run Behavior\ParseTemplateBehavior [ RunTime:0.012972s ]
INFO: [ view_parse ] --END-- [ RunTime:0.013098s ]
INFO: [ view_filter ] --START--
INFO: Run Behavior\WriteHtmlCacheBehavior [ RunTime:0.000166s ]
INFO: [ view_filter ] --END-- [ RunTime:0.000216s ]
INFO: [ app_end ] --START--
INFO: Run Behavior\ShowPageTraceBehavior [ RunTime:0.000648s ]
INFO: [ app_end ] --END-- [ RunTime:0.000711s ]

[ 2016-04-09T12:11:44+08:00 ] ::1 /angobuy/
INFO: [ app_init ] --START--
INFO: Run Behavior\BuildLiteBehavior [ RunTime:0.000019s ]
INFO: [ app_init ] --END-- [ RunTime:0.000413s ]
INFO: [ app_begin ] --START--
INFO: Run Behavior\ReadHtmlCacheBehavior [ RunTime:0.000546s ]
INFO: [ app_begin ] --END-- [ RunTime:0.000622s ]
INFO: [ view_parse ] --START--
NOTIC: [2] file_get_contents(./Tpl/Home/Public/var.tpl): failed to open stream: No such file or directory /Applications/MAMP/htdocs/angobuy/Core/Library/Think/Template.class.php 第 696 行.
NOTIC: [2] file_get_contents(./Tpl/Home/./header.tpl): failed to open stream: No such file or directory /Applications/MAMP/htdocs/angobuy/Core/Library/Think/Template.class.php 第 696 行.
NOTIC: [2] file_get_contents(./Tpl/Home/./footer.tpl): failed to open stream: No such file or directory /Applications/MAMP/htdocs/angobuy/Core/Library/Think/Template.class.php 第 696 行.
INFO: [ template_filter ] --START--
INFO: Run Behavior\ContentReplaceBehavior [ RunTime:0.000057s ]
INFO: [ template_filter ] --END-- [ RunTime:0.000134s ]
INFO: Run Behavior\ParseTemplateBehavior [ RunTime:0.009557s ]
INFO: [ view_parse ] --END-- [ RunTime:0.009629s ]
INFO: [ view_filter ] --START--
INFO: Run Behavior\WriteHtmlCacheBehavior [ RunTime:0.000239s ]
INFO: [ view_filter ] --END-- [ RunTime:0.000301s ]
INFO: [ app_end ] --START--
INFO: Run Behavior\ShowPageTraceBehavior [ RunTime:0.000563s ]
INFO: [ app_end ] --END-- [ RunTime:0.000626s ]

[ 2016-04-09T12:12:18+08:00 ] ::1 /angobuy/
INFO: [ app_init ] --START--
INFO: Run Behavior\BuildLiteBehavior [ RunTime:0.000036s ]
INFO: [ app_init ] --END-- [ RunTime:0.003825s ]
INFO: [ app_begin ] --START--
INFO: Run Behavior\ReadHtmlCacheBehavior [ RunTime:0.003944s ]
INFO: [ app_begin ] --END-- [ RunTime:0.004102s ]
INFO: [ view_parse ] --START--
NOTIC: [2] file_get_contents(./Tpl/Home/Public/var.tpl): failed to open stream: No such file or directory /Applications/MAMP/htdocs/angobuy/Core/Library/Think/Template.class.php 第 696 行.
NOTIC: [2] file_get_contents(./Tpl/Home/./header.tpl): failed to open stream: No such file or directory /Applications/MAMP/htdocs/angobuy/Core/Library/Think/Template.class.php 第 696 行.
NOTIC: [2] file_get_contents(./Tpl/Home/./footer.tpl): failed to open stream: No such file or directory /Applications/MAMP/htdocs/angobuy/Core/Library/Think/Template.class.php 第 696 行.
INFO: [ template_filter ] --START--
INFO: Run Behavior\ContentReplaceBehavior [ RunTime:0.000084s ]
INFO: [ template_filter ] --END-- [ RunTime:0.000194s ]
INFO: Run Behavior\ParseTemplateBehavior [ RunTime:0.043504s ]
INFO: [ view_parse ] --END-- [ RunTime:0.043623s ]
INFO: [ view_filter ] --START--
INFO: Run Behavior\WriteHtmlCacheBehavior [ RunTime:0.001453s ]
INFO: [ view_filter ] --END-- [ RunTime:0.001565s ]
INFO: [ app_end ] --START--
INFO: Run Behavior\ShowPageTraceBehavior [ RunTime:0.004355s ]
INFO: [ app_end ] --END-- [ RunTime:0.004485s ]

[ 2016-04-09T12:12:33+08:00 ] ::1 /angobuy/
INFO: [ app_init ] --START--
INFO: Run Behavior\BuildLiteBehavior [ RunTime:0.000019s ]
INFO: [ app_init ] --END-- [ RunTime:0.000419s ]
INFO: [ app_begin ] --START--
INFO: Run Behavior\ReadHtmlCacheBehavior [ RunTime:0.000719s ]
INFO: [ app_begin ] --END-- [ RunTime:0.000821s ]
INFO: [ view_parse ] --START--
NOTIC: [2] file_get_contents(./Tpl/Home/Public/var.tpl): failed to open stream: No such file or directory /Applications/MAMP/htdocs/angobuy/Core/Library/Think/Template.class.php 第 696 行.
NOTIC: [2] file_get_contents(./Tpl/Home/./header.tpl): failed to open stream: No such file or directory /Applications/MAMP/htdocs/angobuy/Core/Library/Think/Template.class.php 第 696 行.
NOTIC: [2] file_get_contents(./Tpl/Home/./footer.tpl): failed to open stream: No such file or directory /Applications/MAMP/htdocs/angobuy/Core/Library/Think/Template.class.php 第 696 行.
INFO: [ template_filter ] --START--
INFO: Run Behavior\ContentReplaceBehavior [ RunTime:0.000059s ]
INFO: [ template_filter ] --END-- [ RunTime:0.000136s ]
INFO: Run Behavior\ParseTemplateBehavior [ RunTime:0.017664s ]
INFO: [ view_parse ] --END-- [ RunTime:0.017744s ]
INFO: [ view_filter ] --START--
INFO: Run Behavior\WriteHtmlCacheBehavior [ RunTime:0.000202s ]
INFO: [ view_filter ] --END-- [ RunTime:0.000261s ]
INFO: [ app_end ] --START--
INFO: Run Behavior\ShowPageTraceBehavior [ RunTime:0.000701s ]
INFO: [ app_end ] --END-- [ RunTime:0.000776s ]

[ 2016-04-09T12:13:42+08:00 ] ::1 /angobuy/
INFO: [ app_init ] --START--
INFO: Run Behavior\BuildLiteBehavior [ RunTime:0.000036s ]
INFO: [ app_init ] --END-- [ RunTime:0.004029s ]
INFO: [ app_begin ] --START--
INFO: Run Behavior\ReadHtmlCacheBehavior [ RunTime:0.003951s ]
INFO: [ app_begin ] --END-- [ RunTime:0.004115s ]
INFO: [ view_parse ] --START--
NOTIC: [2] file_get_contents(./Tpl/Home/Public/var.tpl): failed to open stream: No such file or directory /Applications/MAMP/htdocs/angobuy/Core/Library/Think/Template.class.php 第 696 行.
NOTIC: [2] file_get_contents(./Tpl/Home/./header.tpl): failed to open stream: No such file or directory /Applications/MAMP/htdocs/angobuy/Core/Library/Think/Template.class.php 第 696 行.
NOTIC: [2] file_get_contents(./Tpl/Home/./footer.tpl): failed to open stream: No such file or directory /Applications/MAMP/htdocs/angobuy/Core/Library/Think/Template.class.php 第 696 行.
INFO: [ template_filter ] --START--
INFO: Run Behavior\ContentReplaceBehavior [ RunTime:0.000103s ]
INFO: [ template_filter ] --END-- [ RunTime:0.000238s ]
INFO: Run Behavior\ParseTemplateBehavior [ RunTime:0.045755s ]
INFO: [ view_parse ] --END-- [ RunTime:0.045888s ]
INFO: [ view_filter ] --START--
INFO: Run Behavior\WriteHtmlCacheBehavior [ RunTime:0.003327s ]
INFO: [ view_filter ] --END-- [ RunTime:0.003460s ]
INFO: [ app_end ] --START--
INFO: Run Behavior\ShowPageTraceBehavior [ RunTime:0.004178s ]
INFO: [ app_end ] --END-- [ RunTime:0.004328s ]

[ 2016-04-09T12:14:34+08:00 ] ::1 /angobuy/
INFO: [ app_init ] --START--
INFO: Run Behavior\BuildLiteBehavior [ RunTime:0.000037s ]
INFO: [ app_init ] --END-- [ RunTime:0.003947s ]
INFO: [ app_begin ] --START--
INFO: Run Behavior\ReadHtmlCacheBehavior [ RunTime:0.004239s ]
INFO: [ app_begin ] --END-- [ RunTime:0.004399s ]
INFO: [ view_parse ] --START--
NOTIC: [2] file_get_contents(./Tpl/Home/Public/var.tpl): failed to open stream: No such file or directory /Applications/MAMP/htdocs/angobuy/Core/Library/Think/Template.class.php 第 696 行.
NOTIC: [2] file_get_contents(./Tpl/Home/./header.tpl): failed to open stream: No such file or directory /Applications/MAMP/htdocs/angobuy/Core/Library/Think/Template.class.php 第 696 行.
NOTIC: [2] file_get_contents(./Tpl/Home/./footer.tpl): failed to open stream: No such file or directory /Applications/MAMP/htdocs/angobuy/Core/Library/Think/Template.class.php 第 696 行.
INFO: [ template_filter ] --START--
INFO: Run Behavior\ContentReplaceBehavior [ RunTime:0.000104s ]
INFO: [ template_filter ] --END-- [ RunTime:0.000238s ]
INFO: Run Behavior\ParseTemplateBehavior [ RunTime:0.046630s ]
INFO: [ view_parse ] --END-- [ RunTime:0.046771s ]
INFO: [ view_filter ] --START--
INFO: Run Behavior\WriteHtmlCacheBehavior [ RunTime:0.001323s ]
INFO: [ view_filter ] --END-- [ RunTime:0.001463s ]
INFO: [ app_end ] --START--
INFO: Run Behavior\ShowPageTraceBehavior [ RunTime:0.004113s ]
INFO: [ app_end ] --END-- [ RunTime:0.004252s ]

[ 2016-04-09T12:14:46+08:00 ] ::1 /angobuy/
INFO: [ app_init ] --START--
INFO: Run Behavior\BuildLiteBehavior [ RunTime:0.000019s ]
INFO: [ app_init ] --END-- [ RunTime:0.000429s ]
INFO: [ app_begin ] --START--
INFO: Run Behavior\ReadHtmlCacheBehavior [ RunTime:0.000581s ]
INFO: [ app_begin ] --END-- [ RunTime:0.000667s ]
INFO: [ view_parse ] --START--
NOTIC: [2] file_get_contents(./Tpl/Home/Public/var.tpl): failed to open stream: No such file or directory /Applications/MAMP/htdocs/angobuy/Core/Library/Think/Template.class.php 第 696 行.
NOTIC: [2] file_get_contents(./Tpl/Home/./header.tpl): failed to open stream: No such file or directory /Applications/MAMP/htdocs/angobuy/Core/Library/Think/Template.class.php 第 696 行.
NOTIC: [2] file_get_contents(./Tpl/Home/./footer.tpl): failed to open stream: No such file or directory /Applications/MAMP/htdocs/angobuy/Core/Library/Think/Template.class.php 第 696 行.
INFO: [ template_filter ] --START--
INFO: Run Behavior\ContentReplaceBehavior [ RunTime:0.000059s ]
INFO: [ template_filter ] --END-- [ RunTime:0.000136s ]
INFO: Run Behavior\ParseTemplateBehavior [ RunTime:0.013147s ]
INFO: [ view_parse ] --END-- [ RunTime:0.013233s ]
INFO: [ view_filter ] --START--
INFO: Run Behavior\WriteHtmlCacheBehavior [ RunTime:0.000335s ]
INFO: [ view_filter ] --END-- [ RunTime:0.000446s ]
INFO: [ app_end ] --START--
INFO: Run Behavior\ShowPageTraceBehavior [ RunTime:0.001305s ]
INFO: [ app_end ] --END-- [ RunTime:0.001479s ]

[ 2016-04-09T12:17:32+08:00 ] ::1 /angobuy/
INFO: [ app_init ] --START--
INFO: Run Behavior\BuildLiteBehavior [ RunTime:0.000066s ]
INFO: [ app_init ] --END-- [ RunTime:0.003863s ]
INFO: [ app_begin ] --START--
INFO: Run Behavior\ReadHtmlCacheBehavior [ RunTime:0.004015s ]
INFO: [ app_begin ] --END-- [ RunTime:0.004177s ]
INFO: [ view_parse ] --START--
NOTIC: [2] file_get_contents(./Tpl/Home/Public/var.tpl): failed to open stream: No such file or directory /Applications/MAMP/htdocs/angobuy/Core/Library/Think/Template.class.php 第 696 行.
NOTIC: [2] file_get_contents(./Tpl/Home/./header.tpl): failed to open stream: No such file or directory /Applications/MAMP/htdocs/angobuy/Core/Library/Think/Template.class.php 第 696 行.
NOTIC: [2] file_get_contents(./Tpl/Home/./footer.tpl): failed to open stream: No such file or directory /Applications/MAMP/htdocs/angobuy/Core/Library/Think/Template.class.php 第 696 行.
INFO: [ template_filter ] --START--
INFO: Run Behavior\ContentReplaceBehavior [ RunTime:0.000201s ]
INFO: [ template_filter ] --END-- [ RunTime:0.000329s ]
INFO: Run Behavior\ParseTemplateBehavior [ RunTime:0.041927s ]
INFO: [ view_parse ] --END-- [ RunTime:0.042059s ]
INFO: [ view_filter ] --START--
INFO: Run Behavior\WriteHtmlCacheBehavior [ RunTime:0.003974s ]
INFO: [ view_filter ] --END-- [ RunTime:0.004097s ]
INFO: [ app_end ] --START--
INFO: Run Behavior\ShowPageTraceBehavior [ RunTime:0.003854s ]
INFO: [ app_end ] --END-- [ RunTime:0.003950s ]

[ 2016-04-09T12:17:34+08:00 ] ::1 /angobuy/
INFO: [ app_init ] --START--
INFO: Run Behavior\BuildLiteBehavior [ RunTime:0.000020s ]
INFO: [ app_init ] --END-- [ RunTime:0.000443s ]
INFO: [ app_begin ] --START--
INFO: Run Behavior\ReadHtmlCacheBehavior [ RunTime:0.000547s ]
INFO: [ app_begin ] --END-- [ RunTime:0.000625s ]
INFO: [ view_parse ] --START--
NOTIC: [2] file_get_contents(./Tpl/Home/Public/var.tpl): failed to open stream: No such file or directory /Applications/MAMP/htdocs/angobuy/Core/Library/Think/Template.class.php 第 696 行.
NOTIC: [2] file_get_contents(./Tpl/Home/./header.tpl): failed to open stream: No such file or directory /Applications/MAMP/htdocs/angobuy/Core/Library/Think/Template.class.php 第 696 行.
NOTIC: [2] file_get_contents(./Tpl/Home/./footer.tpl): failed to open stream: No such file or directory /Applications/MAMP/htdocs/angobuy/Core/Library/Think/Template.class.php 第 696 行.
INFO: [ template_filter ] --START--
INFO: Run Behavior\ContentReplaceBehavior [ RunTime:0.000084s ]
INFO: [ template_filter ] --END-- [ RunTime:0.000194s ]
INFO: Run Behavior\ParseTemplateBehavior [ RunTime:0.010570s ]
INFO: [ view_parse ] --END-- [ RunTime:0.010681s ]
INFO: [ view_filter ] --START--
INFO: Run Behavior\WriteHtmlCacheBehavior [ RunTime:0.000182s ]
INFO: [ view_filter ] --END-- [ RunTime:0.000239s ]
INFO: [ app_end ] --START--
INFO: Run Behavior\ShowPageTraceBehavior [ RunTime:0.000571s ]
INFO: [ app_end ] --END-- [ RunTime:0.000640s ]

[ 2016-04-09T12:17:35+08:00 ] ::1 /angobuy/
INFO: [ app_init ] --START--
INFO: Run Behavior\BuildLiteBehavior [ RunTime:0.000019s ]
INFO: [ app_init ] --END-- [ RunTime:0.000423s ]
INFO: [ app_begin ] --START--
INFO: Run Behavior\ReadHtmlCacheBehavior [ RunTime:0.000616s ]
INFO: [ app_begin ] --END-- [ RunTime:0.000701s ]
INFO: [ view_parse ] --START--
NOTIC: [2] file_get_contents(./Tpl/Home/Public/var.tpl): failed to open stream: No such file or directory /Applications/MAMP/htdocs/angobuy/Core/Library/Think/Template.class.php 第 696 行.
NOTIC: [2] file_get_contents(./Tpl/Home/./header.tpl): failed to open stream: No such file or directory /Applications/MAMP/htdocs/angobuy/Core/Library/Think/Template.class.php 第 696 行.
NOTIC: [2] file_get_contents(./Tpl/Home/./footer.tpl): failed to open stream: No such file or directory /Applications/MAMP/htdocs/angobuy/Core/Library/Think/Template.class.php 第 696 行.
INFO: [ template_filter ] --START--
INFO: Run Behavior\ContentReplaceBehavior [ RunTime:0.000196s ]
INFO: [ template_filter ] --END-- [ RunTime:0.000464s ]
INFO: Run Behavior\ParseTemplateBehavior [ RunTime:0.011304s ]
INFO: [ view_parse ] --END-- [ RunTime:0.011392s ]
INFO: [ view_filter ] --START--
INFO: Run Behavior\WriteHtmlCacheBehavior [ RunTime:0.000177s ]
INFO: [ view_filter ] --END-- [ RunTime:0.000233s ]
INFO: [ app_end ] --START--
INFO: Run Behavior\ShowPageTraceBehavior [ RunTime:0.000571s ]
INFO: [ app_end ] --END-- [ RunTime:0.000637s ]

[ 2016-04-09T12:18:16+08:00 ] ::1 /angobuy/
INFO: [ app_init ] --START--
INFO: Run Behavior\BuildLiteBehavior [ RunTime:0.000046s ]
INFO: [ app_init ] --END-- [ RunTime:0.004193s ]
INFO: [ app_begin ] --START--
INFO: Run Behavior\ReadHtmlCacheBehavior [ RunTime:0.004177s ]
INFO: [ app_begin ] --END-- [ RunTime:0.004411s ]
INFO: [ view_parse ] --START--
NOTIC: [2] file_get_contents(./Tpl/Home/Public/var.tpl): failed to open stream: No such file or directory /Applications/MAMP/htdocs/angobuy/Core/Library/Think/Template.class.php 第 696 行.
NOTIC: [2] file_get_contents(./Tpl/Home/./header.tpl): failed to open stream: No such file or directory /Applications/MAMP/htdocs/angobuy/Core/Library/Think/Template.class.php 第 696 行.
NOTIC: [2] file_get_contents(./Tpl/Home/./footer.tpl): failed to open stream: No such file or directory /Applications/MAMP/htdocs/angobuy/Core/Library/Think/Template.class.php 第 696 行.
INFO: [ template_filter ] --START--
INFO: Run Behavior\ContentReplaceBehavior [ RunTime:0.000138s ]
INFO: [ template_filter ] --END-- [ RunTime:0.000301s ]
INFO: Run Behavior\ParseTemplateBehavior [ RunTime:0.046075s ]
INFO: [ view_parse ] --END-- [ RunTime:0.046257s ]
INFO: [ view_filter ] --START--
INFO: Run Behavior\WriteHtmlCacheBehavior [ RunTime:0.001284s ]
INFO: [ view_filter ] --END-- [ RunTime:0.001407s ]
INFO: [ app_end ] --START--
INFO: Run Behavior\ShowPageTraceBehavior [ RunTime:0.004531s ]
INFO: [ app_end ] --END-- [ RunTime:0.004682s ]

[ 2016-04-09T12:18:30+08:00 ] ::1 /angobuy/
INFO: [ app_init ] --START--
INFO: Run Behavior\BuildLiteBehavior [ RunTime:0.000056s ]
INFO: [ app_init ] --END-- [ RunTime:0.003958s ]
INFO: [ app_begin ] --START--
INFO: Run Behavior\ReadHtmlCacheBehavior [ RunTime:0.004317s ]
INFO: [ app_begin ] --END-- [ RunTime:0.004527s ]
INFO: [ view_parse ] --START--
NOTIC: [2] file_get_contents(./Tpl/Home/Public/var.tpl): failed to open stream: No such file or directory /Applications/MAMP/htdocs/angobuy/Core/Library/Think/Template.class.php 第 696 行.
NOTIC: [2] file_get_contents(./Tpl/Home/./header.tpl): failed to open stream: No such file or directory /Applications/MAMP/htdocs/angobuy/Core/Library/Think/Template.class.php 第 696 行.
NOTIC: [2] file_get_contents(./Tpl/Home/./footer.tpl): failed to open stream: No such file or directory /Applications/MAMP/htdocs/angobuy/Core/Library/Think/Template.class.php 第 696 行.
INFO: [ template_filter ] --START--
INFO: Run Behavior\ContentReplaceBehavior [ RunTime:0.000152s ]
INFO: [ template_filter ] --END-- [ RunTime:0.000345s ]
INFO: Run Behavior\ParseTemplateBehavior [ RunTime:0.052652s ]
INFO: [ view_parse ] --END-- [ RunTime:0.052816s ]
INFO: [ view_filter ] --START--
INFO: Run Behavior\WriteHtmlCacheBehavior [ RunTime:0.001303s ]
INFO: [ view_filter ] --END-- [ RunTime:0.001417s ]
INFO: [ app_end ] --START--
INFO: Run Behavior\ShowPageTraceBehavior [ RunTime:0.004481s ]
INFO: [ app_end ] --END-- [ RunTime:0.004630s ]

[ 2016-04-09T12:18:47+08:00 ] ::1 /angobuy/
INFO: [ app_init ] --START--
INFO: Run Behavior\BuildLiteBehavior [ RunTime:0.000024s ]
INFO: [ app_init ] --END-- [ RunTime:0.000557s ]
INFO: [ app_begin ] --START--
INFO: Run Behavior\ReadHtmlCacheBehavior [ RunTime:0.000732s ]
INFO: [ app_begin ] --END-- [ RunTime:0.000838s ]
INFO: [ view_parse ] --START--
NOTIC: [2] file_get_contents(./Tpl/Home/Public/var.tpl): failed to open stream: No such file or directory /Applications/MAMP/htdocs/angobuy/Core/Library/Think/Template.class.php 第 696 行.
NOTIC: [2] file_get_contents(./Tpl/Home/./header.tpl): failed to open stream: No such file or directory /Applications/MAMP/htdocs/angobuy/Core/Library/Think/Template.class.php 第 696 行.
NOTIC: [2] file_get_contents(./Tpl/Home/./footer.tpl): failed to open stream: No such file or directory /Applications/MAMP/htdocs/angobuy/Core/Library/Think/Template.class.php 第 696 行.
INFO: [ template_filter ] --START--
INFO: Run Behavior\ContentReplaceBehavior [ RunTime:0.000117s ]
INFO: [ template_filter ] --END-- [ RunTime:0.000254s ]
INFO: Run Behavior\ParseTemplateBehavior [ RunTime:0.015528s ]
INFO: [ view_parse ] --END-- [ RunTime:0.015697s ]
INFO: [ view_filter ] --START--
INFO: Run Behavior\WriteHtmlCacheBehavior [ RunTime:0.000481s ]
INFO: [ view_filter ] --END-- [ RunTime:0.000683s ]
INFO: [ app_end ] --START--
INFO: Run Behavior\ShowPageTraceBehavior [ RunTime:0.001307s ]
INFO: [ app_end ] --END-- [ RunTime:0.001426s ]

[ 2016-04-09T12:19:18+08:00 ] ::1 /angobuy/
INFO: [ app_init ] --START--
INFO: Run Behavior\BuildLiteBehavior [ RunTime:0.000024s ]
INFO: [ app_init ] --END-- [ RunTime:0.000569s ]
INFO: [ app_begin ] --START--
INFO: Run Behavior\ReadHtmlCacheBehavior [ RunTime:0.000727s ]
INFO: [ app_begin ] --END-- [ RunTime:0.000836s ]
INFO: [ view_parse ] --START--
NOTIC: [2] file_get_contents(./Tpl/Home/Public/var.tpl): failed to open stream: No such file or directory /Applications/MAMP/htdocs/angobuy/Core/Library/Think/Template.class.php 第 696 行.
NOTIC: [2] file_get_contents(./Tpl/Home/./header.tpl): failed to open stream: No such file or directory /Applications/MAMP/htdocs/angobuy/Core/Library/Think/Template.class.php 第 696 行.
NOTIC: [2] file_get_contents(./Tpl/Home/./footer.tpl): failed to open stream: No such file or directory /Applications/MAMP/htdocs/angobuy/Core/Library/Think/Template.class.php 第 696 行.
INFO: [ template_filter ] --START--
INFO: Run Behavior\ContentReplaceBehavior [ RunTime:0.000082s ]
INFO: [ template_filter ] --END-- [ RunTime:0.000176s ]
INFO: Run Behavior\ParseTemplateBehavior [ RunTime:0.013551s ]
INFO: [ view_parse ] --END-- [ RunTime:0.013655s ]
INFO: [ view_filter ] --START--
INFO: Run Behavior\WriteHtmlCacheBehavior [ RunTime:0.000191s ]
INFO: [ view_filter ] --END-- [ RunTime:0.000249s ]
INFO: [ app_end ] --START--
INFO: Run Behavior\ShowPageTraceBehavior [ RunTime:0.000693s ]
INFO: [ app_end ] --END-- [ RunTime:0.000759s ]

[ 2016-04-09T12:19:31+08:00 ] ::1 /angobuy/
INFO: [ app_init ] --START--
INFO: Run Behavior\BuildLiteBehavior [ RunTime:0.000025s ]
INFO: [ app_init ] --END-- [ RunTime:0.000563s ]
INFO: [ app_begin ] --START--
INFO: Run Behavior\ReadHtmlCacheBehavior [ RunTime:0.000768s ]
INFO: [ app_begin ] --END-- [ RunTime:0.000871s ]
INFO: [ view_parse ] --START--
NOTIC: [2] file_get_contents(./Tpl/Home/Public/var.tpl): failed to open stream: No such file or directory /Applications/MAMP/htdocs/angobuy/Core/Library/Think/Template.class.php 第 696 行.
NOTIC: [2] file_get_contents(./Tpl/Home/./header.tpl): failed to open stream: No such file or directory /Applications/MAMP/htdocs/angobuy/Core/Library/Think/Template.class.php 第 696 行.
NOTIC: [2] file_get_contents(./Tpl/Home/./footer.tpl): failed to open stream: No such file or directory /Applications/MAMP/htdocs/angobuy/Core/Library/Think/Template.class.php 第 696 行.
INFO: [ template_filter ] --START--
INFO: Run Behavior\ContentReplaceBehavior [ RunTime:0.000087s ]
INFO: [ template_filter ] --END-- [ RunTime:0.000190s ]
INFO: Run Behavior\ParseTemplateBehavior [ RunTime:0.014078s ]
INFO: [ view_parse ] --END-- [ RunTime:0.014181s ]
INFO: [ view_filter ] --START--
INFO: Run Behavior\WriteHtmlCacheBehavior [ RunTime:0.000181s ]
INFO: [ view_filter ] --END-- [ RunTime:0.000243s ]
INFO: [ app_end ] --START--
INFO: Run Behavior\ShowPageTraceBehavior [ RunTime:0.000818s ]
INFO: [ app_end ] --END-- [ RunTime:0.000896s ]

