[ 2016-03-28T10:23:51+08:00 ] ::1 /angobuy/
INFO: [ app_init ] --START--
INFO: Run Behavior\BuildLiteBehavior [ RunTime:0.000285s ]
INFO: [ app_init ] --END-- [ RunTime:0.003287s ]
INFO: [ app_begin ] --START--
INFO: Run Behavior\ReadHtmlCacheBehavior [ RunTime:0.001495s ]
INFO: [ app_begin ] --END-- [ RunTime:0.002615s ]
INFO: [ view_parse ] --START--
INFO: [ template_filter ] --START--
INFO: Run Behavior\ContentReplaceBehavior [ RunTime:0.000665s ]
INFO: [ template_filter ] --END-- [ RunTime:0.002151s ]
NOTIC: [8] Undefined variable: module D:\wamp\www\angobuy\Runtime\Cache\Home\710ead781a1e5255de838ae668b22133.php 第 10 行.
INFO: Run Behavior\ParseTemplateBehavior [ RunTime:0.063372s ]
INFO: [ view_parse ] --END-- [ RunTime:0.064533s ]
INFO: [ view_filter ] --START--
INFO: Run Behavior\WriteHtmlCacheBehavior [ RunTime:0.001227s ]
INFO: [ view_filter ] --END-- [ RunTime:0.002339s ]
INFO: [ app_end ] --START--
INFO: Run Behavior\ShowPageTraceBehavior [ RunTime:0.002479s ]
INFO: [ app_end ] --END-- [ RunTime:0.003645s ]

[ 2016-03-28T10:24:31+08:00 ] ::1 /angobuy/
INFO: [ app_init ] --START--
INFO: Run Behavior\BuildLiteBehavior [ RunTime:0.000239s ]
INFO: [ app_init ] --END-- [ RunTime:0.001932s ]
INFO: [ app_begin ] --START--
INFO: Run Behavior\ReadHtmlCacheBehavior [ RunTime:0.001519s ]
INFO: [ app_begin ] --END-- [ RunTime:0.002897s ]
INFO: [ view_parse ] --START--
INFO: [ template_filter ] --START--
INFO: Run Behavior\ContentReplaceBehavior [ RunTime:0.000654s ]
INFO: [ template_filter ] --END-- [ RunTime:0.001783s ]
NOTIC: [8] Undefined variable: module D:\wamp\www\angobuy\Runtime\Cache\Home\710ead781a1e5255de838ae668b22133.php 第 10 行.
INFO: Run Behavior\ParseTemplateBehavior [ RunTime:0.035073s ]
INFO: [ view_parse ] --END-- [ RunTime:0.036228s ]
INFO: [ view_filter ] --START--
INFO: Run Behavior\WriteHtmlCacheBehavior [ RunTime:0.001798s ]
INFO: [ view_filter ] --END-- [ RunTime:0.003129s ]
INFO: [ app_end ] --START--
INFO: Run Behavior\ShowPageTraceBehavior [ RunTime:0.001703s ]
INFO: [ app_end ] --END-- [ RunTime:0.002885s ]

[ 2016-03-28T10:26:30+08:00 ] ::1 /angobuy/
INFO: [ app_init ] --START--
INFO: Run Behavior\BuildLiteBehavior [ RunTime:0.000246s ]
INFO: [ app_init ] --END-- [ RunTime:0.003138s ]
INFO: [ app_begin ] --START--
INFO: Run Behavior\ReadHtmlCacheBehavior [ RunTime:0.001631s ]
INFO: [ app_begin ] --END-- [ RunTime:0.002774s ]
INFO: [ view_parse ] --START--
INFO: [ template_filter ] --START--
INFO: Run Behavior\ContentReplaceBehavior [ RunTime:0.000648s ]
INFO: [ template_filter ] --END-- [ RunTime:0.001796s ]
NOTIC: [8] Undefined variable: module D:\wamp\www\angobuy\Runtime\Cache\Home\710ead781a1e5255de838ae668b22133.php 第 10 行.
INFO: Run Behavior\ParseTemplateBehavior [ RunTime:0.033471s ]
INFO: [ view_parse ] --END-- [ RunTime:0.034645s ]
INFO: [ view_filter ] --START--
INFO: Run Behavior\WriteHtmlCacheBehavior [ RunTime:0.001349s ]
INFO: [ view_filter ] --END-- [ RunTime:0.002477s ]
INFO: [ app_end ] --START--
INFO: Run Behavior\ShowPageTraceBehavior [ RunTime:0.001631s ]
INFO: [ app_end ] --END-- [ RunTime:0.002820s ]

[ 2016-03-28T10:26:31+08:00 ] ::1 /angobuy/
INFO: [ app_init ] --START--
INFO: Run Behavior\BuildLiteBehavior [ RunTime:0.000229s ]
INFO: [ app_init ] --END-- [ RunTime:0.001928s ]
INFO: [ app_begin ] --START--
INFO: Run Behavior\ReadHtmlCacheBehavior [ RunTime:0.001489s ]
INFO: [ app_begin ] --END-- [ RunTime:0.003716s ]
INFO: [ view_parse ] --START--
INFO: [ template_filter ] --START--
INFO: Run Behavior\ContentReplaceBehavior [ RunTime:0.000648s ]
INFO: [ template_filter ] --END-- [ RunTime:0.001785s ]
NOTIC: [8] Undefined variable: module D:\wamp\www\angobuy\Runtime\Cache\Home\710ead781a1e5255de838ae668b22133.php 第 10 行.
INFO: Run Behavior\ParseTemplateBehavior [ RunTime:0.034502s ]
INFO: [ view_parse ] --END-- [ RunTime:0.035709s ]
INFO: [ view_filter ] --START--
INFO: Run Behavior\WriteHtmlCacheBehavior [ RunTime:0.001315s ]
INFO: [ view_filter ] --END-- [ RunTime:0.002700s ]
INFO: [ app_end ] --START--
INFO: Run Behavior\ShowPageTraceBehavior [ RunTime:0.002728s ]
INFO: [ app_end ] --END-- [ RunTime:0.003903s ]

[ 2016-03-28T10:26:54+08:00 ] ::1 /angobuy/
INFO: [ app_init ] --START--
INFO: Run Behavior\BuildLiteBehavior [ RunTime:0.000233s ]
INFO: [ app_init ] --END-- [ RunTime:0.004110s ]
INFO: [ app_begin ] --START--
INFO: Run Behavior\ReadHtmlCacheBehavior [ RunTime:0.001470s ]
INFO: [ app_begin ] --END-- [ RunTime:0.004589s ]
INFO: [ view_parse ] --START--
INFO: [ template_filter ] --START--
INFO: Run Behavior\ContentReplaceBehavior [ RunTime:0.000662s ]
INFO: [ template_filter ] --END-- [ RunTime:0.001847s ]
NOTIC: [8] Undefined variable: module D:\wamp\www\angobuy\Runtime\Cache\Home\710ead781a1e5255de838ae668b22133.php 第 10 行.
INFO: Run Behavior\ParseTemplateBehavior [ RunTime:0.034418s ]
INFO: [ view_parse ] --END-- [ RunTime:0.035577s ]
INFO: [ view_filter ] --START--
INFO: Run Behavior\WriteHtmlCacheBehavior [ RunTime:0.001218s ]
INFO: [ view_filter ] --END-- [ RunTime:0.002373s ]
INFO: [ app_end ] --START--
INFO: Run Behavior\ShowPageTraceBehavior [ RunTime:0.001560s ]
INFO: [ app_end ] --END-- [ RunTime:0.002810s ]

[ 2016-03-28T10:27:40+08:00 ] ::1 /angobuy/
INFO: [ app_init ] --START--
INFO: Run Behavior\BuildLiteBehavior [ RunTime:0.000451s ]
INFO: [ app_init ] --END-- [ RunTime:0.002311s ]
INFO: [ app_begin ] --START--
INFO: Run Behavior\ReadHtmlCacheBehavior [ RunTime:0.001535s ]
INFO: [ app_begin ] --END-- [ RunTime:0.002769s ]
INFO: [ view_parse ] --START--
INFO: [ template_filter ] --START--
INFO: Run Behavior\ContentReplaceBehavior [ RunTime:0.000736s ]
INFO: [ template_filter ] --END-- [ RunTime:0.001970s ]
NOTIC: [8] Undefined variable: module D:\wamp\www\angobuy\Runtime\Cache\Home\710ead781a1e5255de838ae668b22133.php 第 10 行.
INFO: Run Behavior\ParseTemplateBehavior [ RunTime:0.049192s ]
INFO: [ view_parse ] --END-- [ RunTime:0.050433s ]
INFO: [ view_filter ] --START--
INFO: Run Behavior\WriteHtmlCacheBehavior [ RunTime:0.002941s ]
INFO: [ view_filter ] --END-- [ RunTime:0.004192s ]
INFO: [ app_end ] --START--
INFO: Run Behavior\ShowPageTraceBehavior [ RunTime:0.001593s ]
INFO: [ app_end ] --END-- [ RunTime:0.002892s ]

[ 2016-03-28T10:27:41+08:00 ] ::1 /angobuy/
INFO: [ app_init ] --START--
INFO: Run Behavior\BuildLiteBehavior [ RunTime:0.000327s ]
INFO: [ app_init ] --END-- [ RunTime:0.002605s ]
INFO: [ app_begin ] --START--
INFO: Run Behavior\ReadHtmlCacheBehavior [ RunTime:0.001502s ]
INFO: [ app_begin ] --END-- [ RunTime:0.002786s ]
INFO: [ view_parse ] --START--
INFO: [ template_filter ] --START--
INFO: Run Behavior\ContentReplaceBehavior [ RunTime:0.000703s ]
INFO: [ template_filter ] --END-- [ RunTime:0.001925s ]
NOTIC: [8] Undefined variable: module D:\wamp\www\angobuy\Runtime\Cache\Home\710ead781a1e5255de838ae668b22133.php 第 10 行.
INFO: Run Behavior\ParseTemplateBehavior [ RunTime:0.036437s ]
INFO: [ view_parse ] --END-- [ RunTime:0.037698s ]
INFO: [ view_filter ] --START--
INFO: Run Behavior\WriteHtmlCacheBehavior [ RunTime:0.001460s ]
INFO: [ view_filter ] --END-- [ RunTime:0.002698s ]
INFO: [ app_end ] --START--
INFO: Run Behavior\ShowPageTraceBehavior [ RunTime:0.001600s ]
INFO: [ app_end ] --END-- [ RunTime:0.002915s ]

[ 2016-03-28T10:33:29+08:00 ] ::1 /angobuy/
INFO: [ app_init ] --START--
INFO: Run Behavior\BuildLiteBehavior [ RunTime:0.000251s ]
INFO: [ app_init ] --END-- [ RunTime:0.001992s ]
INFO: [ app_begin ] --START--
INFO: Run Behavior\ReadHtmlCacheBehavior [ RunTime:0.001675s ]
INFO: [ app_begin ] --END-- [ RunTime:0.002870s ]
INFO: [ view_parse ] --START--
INFO: [ template_filter ] --START--
INFO: Run Behavior\ContentReplaceBehavior [ RunTime:0.000709s ]
INFO: [ template_filter ] --END-- [ RunTime:0.002536s ]
NOTIC: [8] Undefined variable: module D:\wamp\www\angobuy\Runtime\Cache\Home\710ead781a1e5255de838ae668b22133.php 第 10 行.
INFO: Run Behavior\ParseTemplateBehavior [ RunTime:0.034213s ]
INFO: [ view_parse ] --END-- [ RunTime:0.035398s ]
INFO: [ view_filter ] --START--
INFO: Run Behavior\WriteHtmlCacheBehavior [ RunTime:0.001281s ]
INFO: [ view_filter ] --END-- [ RunTime:0.002459s ]
INFO: [ app_end ] --START--
INFO: Run Behavior\ShowPageTraceBehavior [ RunTime:0.002577s ]
INFO: [ app_end ] --END-- [ RunTime:0.004032s ]

[ 2016-03-28T10:34:48+08:00 ] ::1 /angobuy/
INFO: [ app_init ] --START--
INFO: Run Behavior\BuildLiteBehavior [ RunTime:0.000290s ]
INFO: [ app_init ] --END-- [ RunTime:0.004030s ]
INFO: [ app_begin ] --START--
INFO: Run Behavior\ReadHtmlCacheBehavior [ RunTime:0.001788s ]
INFO: [ app_begin ] --END-- [ RunTime:0.002979s ]
INFO: [ view_parse ] --START--
INFO: [ template_filter ] --START--
INFO: Run Behavior\ContentReplaceBehavior [ RunTime:0.001670s ]
INFO: [ template_filter ] --END-- [ RunTime:0.002853s ]
NOTIC: [8] Undefined variable: module D:\wamp\www\angobuy\Runtime\Cache\Home\710ead781a1e5255de838ae668b22133.php 第 10 行.
INFO: Run Behavior\ParseTemplateBehavior [ RunTime:0.032015s ]
INFO: [ view_parse ] --END-- [ RunTime:0.033260s ]
INFO: [ view_filter ] --START--
INFO: Run Behavior\WriteHtmlCacheBehavior [ RunTime:0.001381s ]
INFO: [ view_filter ] --END-- [ RunTime:0.002561s ]
INFO: [ app_end ] --START--
INFO: Run Behavior\ShowPageTraceBehavior [ RunTime:0.001632s ]
INFO: [ app_end ] --END-- [ RunTime:0.002867s ]

[ 2016-03-28T10:34:49+08:00 ] ::1 /angobuy/
INFO: [ app_init ] --START--
INFO: Run Behavior\BuildLiteBehavior [ RunTime:0.000360s ]
INFO: [ app_init ] --END-- [ RunTime:0.002637s ]
INFO: [ app_begin ] --START--
INFO: Run Behavior\ReadHtmlCacheBehavior [ RunTime:0.001543s ]
INFO: [ app_begin ] --END-- [ RunTime:0.004998s ]
INFO: [ view_parse ] --START--
INFO: [ template_filter ] --START--
INFO: Run Behavior\ContentReplaceBehavior [ RunTime:0.000656s ]
INFO: [ template_filter ] --END-- [ RunTime:0.001811s ]
NOTIC: [8] Undefined variable: module D:\wamp\www\angobuy\Runtime\Cache\Home\710ead781a1e5255de838ae668b22133.php 第 10 行.
INFO: Run Behavior\ParseTemplateBehavior [ RunTime:0.032524s ]
INFO: [ view_parse ] --END-- [ RunTime:0.033687s ]
INFO: [ view_filter ] --START--
INFO: Run Behavior\WriteHtmlCacheBehavior [ RunTime:0.001298s ]
INFO: [ view_filter ] --END-- [ RunTime:0.002434s ]
INFO: [ app_end ] --START--
INFO: Run Behavior\ShowPageTraceBehavior [ RunTime:0.003217s ]
INFO: [ app_end ] --END-- [ RunTime:0.004471s ]

[ 2016-03-28T10:37:21+08:00 ] ::1 /angobuy/
INFO: [ app_init ] --START--
INFO: Run Behavior\BuildLiteBehavior [ RunTime:0.000283s ]
INFO: [ app_init ] --END-- [ RunTime:0.002407s ]
INFO: [ app_begin ] --START--
INFO: Run Behavior\ReadHtmlCacheBehavior [ RunTime:0.001854s ]
INFO: [ app_begin ] --END-- [ RunTime:0.003024s ]
INFO: [ view_parse ] --START--
INFO: [ template_filter ] --START--
INFO: Run Behavior\ContentReplaceBehavior [ RunTime:0.000662s ]
INFO: [ template_filter ] --END-- [ RunTime:0.001810s ]
NOTIC: [8] Undefined variable: module D:\wamp\www\angobuy\Runtime\Cache\Home\710ead781a1e5255de838ae668b22133.php 第 10 行.
INFO: Run Behavior\ParseTemplateBehavior [ RunTime:0.079997s ]
INFO: [ view_parse ] --END-- [ RunTime:0.081243s ]
INFO: [ view_filter ] --START--
INFO: Run Behavior\WriteHtmlCacheBehavior [ RunTime:0.008209s ]
INFO: [ view_filter ] --END-- [ RunTime:0.009369s ]
INFO: [ app_end ] --START--
INFO: Run Behavior\ShowPageTraceBehavior [ RunTime:0.005780s ]
INFO: [ app_end ] --END-- [ RunTime:0.006985s ]

[ 2016-03-28T10:38:13+08:00 ] ::1 /angobuy/
INFO: [ app_init ] --START--
INFO: Run Behavior\BuildLiteBehavior [ RunTime:0.000243s ]
INFO: [ app_init ] --END-- [ RunTime:0.002483s ]
INFO: [ app_begin ] --START--
INFO: Run Behavior\ReadHtmlCacheBehavior [ RunTime:0.001569s ]
INFO: [ app_begin ] --END-- [ RunTime:0.002754s ]
INFO: [ view_parse ] --START--
INFO: [ template_filter ] --START--
INFO: Run Behavior\ContentReplaceBehavior [ RunTime:0.002353s ]
INFO: [ template_filter ] --END-- [ RunTime:0.003530s ]
NOTIC: [8] Undefined variable: module D:\wamp\www\angobuy\Runtime\Cache\Home\710ead781a1e5255de838ae668b22133.php 第 10 行.
INFO: Run Behavior\ParseTemplateBehavior [ RunTime:0.033487s ]
INFO: [ view_parse ] --END-- [ RunTime:0.034760s ]
INFO: [ view_filter ] --START--
INFO: Run Behavior\WriteHtmlCacheBehavior [ RunTime:0.002324s ]
INFO: [ view_filter ] --END-- [ RunTime:0.003531s ]
INFO: [ app_end ] --START--
INFO: Run Behavior\ShowPageTraceBehavior [ RunTime:0.001485s ]
INFO: [ app_end ] --END-- [ RunTime:0.003982s ]

[ 2016-03-28T10:38:44+08:00 ] ::1 /angobuy/
INFO: [ app_init ] --START--
INFO: Run Behavior\BuildLiteBehavior [ RunTime:0.000307s ]
INFO: [ app_init ] --END-- [ RunTime:0.003214s ]
INFO: [ app_begin ] --START--
INFO: Run Behavior\ReadHtmlCacheBehavior [ RunTime:0.001495s ]
INFO: [ app_begin ] --END-- [ RunTime:0.002658s ]
INFO: [ view_parse ] --START--
INFO: [ template_filter ] --START--
INFO: Run Behavior\ContentReplaceBehavior [ RunTime:0.000677s ]
INFO: [ template_filter ] --END-- [ RunTime:0.001901s ]
NOTIC: [8] Undefined variable: module D:\wamp\www\angobuy\Runtime\Cache\Home\710ead781a1e5255de838ae668b22133.php 第 10 行.
INFO: Run Behavior\ParseTemplateBehavior [ RunTime:0.036261s ]
INFO: [ view_parse ] --END-- [ RunTime:0.037575s ]
INFO: [ view_filter ] --START--
INFO: Run Behavior\WriteHtmlCacheBehavior [ RunTime:0.001316s ]
INFO: [ view_filter ] --END-- [ RunTime:0.002502s ]
INFO: [ app_end ] --START--
INFO: Run Behavior\ShowPageTraceBehavior [ RunTime:0.002834s ]
INFO: [ app_end ] --END-- [ RunTime:0.004017s ]

[ 2016-03-28T10:39:09+08:00 ] ::1 /angobuy/
INFO: [ app_init ] --START--
INFO: Run Behavior\BuildLiteBehavior [ RunTime:0.000270s ]
INFO: [ app_init ] --END-- [ RunTime:0.002036s ]
INFO: [ app_begin ] --START--
INFO: Run Behavior\ReadHtmlCacheBehavior [ RunTime:0.001618s ]
INFO: [ app_begin ] --END-- [ RunTime:0.002934s ]
INFO: [ view_parse ] --START--
INFO: [ template_filter ] --START--
INFO: Run Behavior\ContentReplaceBehavior [ RunTime:0.000654s ]
INFO: [ template_filter ] --END-- [ RunTime:0.001810s ]
NOTIC: [8] Undefined variable: module D:\wamp\www\angobuy\Runtime\Cache\Home\710ead781a1e5255de838ae668b22133.php 第 10 行.
INFO: Run Behavior\ParseTemplateBehavior [ RunTime:0.032679s ]
INFO: [ view_parse ] --END-- [ RunTime:0.033890s ]
INFO: [ view_filter ] --START--
INFO: Run Behavior\WriteHtmlCacheBehavior [ RunTime:0.001286s ]
INFO: [ view_filter ] --END-- [ RunTime:0.002456s ]
INFO: [ app_end ] --START--
INFO: Run Behavior\ShowPageTraceBehavior [ RunTime:0.001662s ]
INFO: [ app_end ] --END-- [ RunTime:0.002879s ]

[ 2016-03-28T10:39:11+08:00 ] ::1 /angobuy/
INFO: [ app_init ] --START--
INFO: Run Behavior\BuildLiteBehavior [ RunTime:0.000280s ]
INFO: [ app_init ] --END-- [ RunTime:0.002134s ]
INFO: [ app_begin ] --START--
INFO: Run Behavior\ReadHtmlCacheBehavior [ RunTime:0.001532s ]
INFO: [ app_begin ] --END-- [ RunTime:0.002700s ]
INFO: [ view_parse ] --START--
INFO: [ template_filter ] --START--
INFO: Run Behavior\ContentReplaceBehavior [ RunTime:0.000672s ]
INFO: [ template_filter ] --END-- [ RunTime:0.001827s ]
NOTIC: [8] Undefined variable: module D:\wamp\www\angobuy\Runtime\Cache\Home\710ead781a1e5255de838ae668b22133.php 第 10 行.
INFO: Run Behavior\ParseTemplateBehavior [ RunTime:0.032963s ]
INFO: [ view_parse ] --END-- [ RunTime:0.034410s ]
INFO: [ view_filter ] --START--
INFO: Run Behavior\WriteHtmlCacheBehavior [ RunTime:0.001329s ]
INFO: [ view_filter ] --END-- [ RunTime:0.002507s ]
INFO: [ app_end ] --START--
INFO: Run Behavior\ShowPageTraceBehavior [ RunTime:0.001740s ]
INFO: [ app_end ] --END-- [ RunTime:0.002979s ]

[ 2016-03-28T10:39:31+08:00 ] ::1 /angobuy/
INFO: [ app_init ] --START--
INFO: Run Behavior\BuildLiteBehavior [ RunTime:0.000284s ]
INFO: [ app_init ] --END-- [ RunTime:0.003509s ]
INFO: [ app_begin ] --START--
INFO: Run Behavior\ReadHtmlCacheBehavior [ RunTime:0.001540s ]
INFO: [ app_begin ] --END-- [ RunTime:0.002734s ]
INFO: [ view_parse ] --START--
INFO: [ template_filter ] --START--
INFO: Run Behavior\ContentReplaceBehavior [ RunTime:0.000688s ]
INFO: [ template_filter ] --END-- [ RunTime:0.002984s ]
NOTIC: [8] Undefined variable: module D:\wamp\www\angobuy\Runtime\Cache\Home\710ead781a1e5255de838ae668b22133.php 第 10 行.
INFO: Run Behavior\ParseTemplateBehavior [ RunTime:0.036835s ]
INFO: [ view_parse ] --END-- [ RunTime:0.038021s ]
INFO: [ view_filter ] --START--
INFO: Run Behavior\WriteHtmlCacheBehavior [ RunTime:0.001588s ]
INFO: [ view_filter ] --END-- [ RunTime:0.002781s ]
INFO: [ app_end ] --START--
INFO: Run Behavior\ShowPageTraceBehavior [ RunTime:0.001767s ]
INFO: [ app_end ] --END-- [ RunTime:0.004521s ]

[ 2016-03-28T10:39:57+08:00 ] ::1 /angobuy/
INFO: [ app_init ] --START--
INFO: Run Behavior\BuildLiteBehavior [ RunTime:0.000289s ]
INFO: [ app_init ] --END-- [ RunTime:0.003138s ]
INFO: [ app_begin ] --START--
INFO: Run Behavior\ReadHtmlCacheBehavior [ RunTime:0.001529s ]
INFO: [ app_begin ] --END-- [ RunTime:0.002780s ]
INFO: [ view_parse ] --START--
INFO: [ template_filter ] --START--
INFO: Run Behavior\ContentReplaceBehavior [ RunTime:0.000723s ]
INFO: [ template_filter ] --END-- [ RunTime:0.002001s ]
NOTIC: [8] Undefined variable: module D:\wamp\www\angobuy\Runtime\Cache\Home\710ead781a1e5255de838ae668b22133.php 第 10 行.
INFO: Run Behavior\ParseTemplateBehavior [ RunTime:0.035685s ]
INFO: [ view_parse ] --END-- [ RunTime:0.036951s ]
INFO: [ view_filter ] --START--
INFO: Run Behavior\WriteHtmlCacheBehavior [ RunTime:0.001269s ]
INFO: [ view_filter ] --END-- [ RunTime:0.002506s ]
INFO: [ app_end ] --START--
INFO: Run Behavior\ShowPageTraceBehavior [ RunTime:0.004148s ]
INFO: [ app_end ] --END-- [ RunTime:0.005490s ]

[ 2016-03-28T10:39:57+08:00 ] ::1 /angobuy/
INFO: [ app_init ] --START--
INFO: Run Behavior\BuildLiteBehavior [ RunTime:0.000278s ]
INFO: [ app_init ] --END-- [ RunTime:0.004016s ]
INFO: [ app_begin ] --START--
INFO: Run Behavior\ReadHtmlCacheBehavior [ RunTime:0.001553s ]
INFO: [ app_begin ] --END-- [ RunTime:0.002820s ]
INFO: [ view_parse ] --START--
INFO: [ template_filter ] --START--
INFO: Run Behavior\ContentReplaceBehavior [ RunTime:0.000749s ]
INFO: [ template_filter ] --END-- [ RunTime:0.003875s ]
NOTIC: [8] Undefined variable: module D:\wamp\www\angobuy\Runtime\Cache\Home\710ead781a1e5255de838ae668b22133.php 第 10 行.
INFO: Run Behavior\ParseTemplateBehavior [ RunTime:0.035895s ]
INFO: [ view_parse ] --END-- [ RunTime:0.038108s ]
INFO: [ view_filter ] --START--
INFO: Run Behavior\WriteHtmlCacheBehavior [ RunTime:0.001355s ]
INFO: [ view_filter ] --END-- [ RunTime:0.002588s ]
INFO: [ app_end ] --START--
INFO: Run Behavior\ShowPageTraceBehavior [ RunTime:0.002016s ]
INFO: [ app_end ] --END-- [ RunTime:0.003702s ]

[ 2016-03-28T10:40:39+08:00 ] ::1 /angobuy/
INFO: [ app_init ] --START--
INFO: Run Behavior\BuildLiteBehavior [ RunTime:0.000246s ]
INFO: [ app_init ] --END-- [ RunTime:0.004506s ]
INFO: [ app_begin ] --START--
INFO: Run Behavior\ReadHtmlCacheBehavior [ RunTime:0.001745s ]
INFO: [ app_begin ] --END-- [ RunTime:0.002957s ]
INFO: [ view_parse ] --START--
INFO: [ template_filter ] --START--
INFO: Run Behavior\ContentReplaceBehavior [ RunTime:0.000683s ]
INFO: [ template_filter ] --END-- [ RunTime:0.003389s ]
NOTIC: [8] Undefined variable: module D:\wamp\www\angobuy\Runtime\Cache\Home\710ead781a1e5255de838ae668b22133.php 第 10 行.
INFO: Run Behavior\ParseTemplateBehavior [ RunTime:0.033766s ]
INFO: [ view_parse ] --END-- [ RunTime:0.034956s ]
INFO: [ view_filter ] --START--
INFO: Run Behavior\WriteHtmlCacheBehavior [ RunTime:0.001266s ]
INFO: [ view_filter ] --END-- [ RunTime:0.002413s ]
INFO: [ app_end ] --START--
INFO: Run Behavior\ShowPageTraceBehavior [ RunTime:0.001605s ]
INFO: [ app_end ] --END-- [ RunTime:0.002817s ]

[ 2016-03-28T10:40:59+08:00 ] ::1 /angobuy/
INFO: [ app_init ] --START--
INFO: Run Behavior\BuildLiteBehavior [ RunTime:0.000279s ]
INFO: [ app_init ] --END-- [ RunTime:0.002163s ]
INFO: [ app_begin ] --START--
INFO: Run Behavior\ReadHtmlCacheBehavior [ RunTime:0.001543s ]
INFO: [ app_begin ] --END-- [ RunTime:0.002819s ]
INFO: [ view_parse ] --START--
INFO: [ template_filter ] --START--
INFO: Run Behavior\ContentReplaceBehavior [ RunTime:0.000726s ]
INFO: [ template_filter ] --END-- [ RunTime:0.001986s ]
NOTIC: [8] Undefined variable: module D:\wamp\www\angobuy\Runtime\Cache\Home\710ead781a1e5255de838ae668b22133.php 第 10 行.
INFO: Run Behavior\ParseTemplateBehavior [ RunTime:0.036072s ]
INFO: [ view_parse ] --END-- [ RunTime:0.037413s ]
INFO: [ view_filter ] --START--
INFO: Run Behavior\WriteHtmlCacheBehavior [ RunTime:0.001426s ]
INFO: [ view_filter ] --END-- [ RunTime:0.002671s ]
INFO: [ app_end ] --START--
INFO: Run Behavior\ShowPageTraceBehavior [ RunTime:0.001670s ]
INFO: [ app_end ] --END-- [ RunTime:0.003153s ]

[ 2016-03-28T10:41:16+08:00 ] ::1 /angobuy/
INFO: [ app_init ] --START--
INFO: Run Behavior\BuildLiteBehavior [ RunTime:0.000235s ]
INFO: [ app_init ] --END-- [ RunTime:0.001986s ]
INFO: [ app_begin ] --START--
INFO: Run Behavior\ReadHtmlCacheBehavior [ RunTime:0.001526s ]
INFO: [ app_begin ] --END-- [ RunTime:0.002724s ]
INFO: [ view_parse ] --START--
INFO: [ template_filter ] --START--
INFO: Run Behavior\ContentReplaceBehavior [ RunTime:0.000673s ]
INFO: [ template_filter ] --END-- [ RunTime:0.001838s ]
NOTIC: [8] Undefined variable: module D:\wamp\www\angobuy\Runtime\Cache\Home\710ead781a1e5255de838ae668b22133.php 第 10 行.
INFO: Run Behavior\ParseTemplateBehavior [ RunTime:0.034506s ]
INFO: [ view_parse ] --END-- [ RunTime:0.035673s ]
INFO: [ view_filter ] --START--
INFO: Run Behavior\WriteHtmlCacheBehavior [ RunTime:0.001235s ]
INFO: [ view_filter ] --END-- [ RunTime:0.002417s ]
INFO: [ app_end ] --START--
INFO: Run Behavior\ShowPageTraceBehavior [ RunTime:0.001613s ]
INFO: [ app_end ] --END-- [ RunTime:0.002883s ]

[ 2016-03-28T10:41:28+08:00 ] ::1 /angobuy/
INFO: [ app_init ] --START--
INFO: Run Behavior\BuildLiteBehavior [ RunTime:0.000274s ]
INFO: [ app_init ] --END-- [ RunTime:0.002046s ]
INFO: [ app_begin ] --START--
INFO: Run Behavior\ReadHtmlCacheBehavior [ RunTime:0.001527s ]
INFO: [ app_begin ] --END-- [ RunTime:0.002686s ]
INFO: [ view_parse ] --START--
INFO: [ template_filter ] --START--
INFO: Run Behavior\ContentReplaceBehavior [ RunTime:0.000674s ]
INFO: [ template_filter ] --END-- [ RunTime:0.001825s ]
NOTIC: [8] Undefined variable: module D:\wamp\www\angobuy\Runtime\Cache\Home\710ead781a1e5255de838ae668b22133.php 第 10 行.
INFO: Run Behavior\ParseTemplateBehavior [ RunTime:0.035851s ]
INFO: [ view_parse ] --END-- [ RunTime:0.037054s ]
INFO: [ view_filter ] --START--
INFO: Run Behavior\WriteHtmlCacheBehavior [ RunTime:0.001430s ]
INFO: [ view_filter ] --END-- [ RunTime:0.004077s ]
INFO: [ app_end ] --START--
INFO: Run Behavior\ShowPageTraceBehavior [ RunTime:0.001518s ]
INFO: [ app_end ] --END-- [ RunTime:0.002751s ]

[ 2016-03-28T10:42:04+08:00 ] ::1 /angobuy/
INFO: [ app_init ] --START--
INFO: Run Behavior\BuildLiteBehavior [ RunTime:0.000253s ]
INFO: [ app_init ] --END-- [ RunTime:0.002521s ]
INFO: [ app_begin ] --START--
INFO: Run Behavior\ReadHtmlCacheBehavior [ RunTime:0.001637s ]
INFO: [ app_begin ] --END-- [ RunTime:0.002822s ]
INFO: [ view_parse ] --START--
INFO: [ template_filter ] --START--
INFO: Run Behavior\ContentReplaceBehavior [ RunTime:0.000666s ]
INFO: [ template_filter ] --END-- [ RunTime:0.001831s ]
NOTIC: [8] Undefined variable: module D:\wamp\www\angobuy\Runtime\Cache\Home\710ead781a1e5255de838ae668b22133.php 第 10 行.
INFO: Run Behavior\ParseTemplateBehavior [ RunTime:0.033702s ]
INFO: [ view_parse ] --END-- [ RunTime:0.034867s ]
INFO: [ view_filter ] --START--
INFO: Run Behavior\WriteHtmlCacheBehavior [ RunTime:0.001403s ]
INFO: [ view_filter ] --END-- [ RunTime:0.002608s ]
INFO: [ app_end ] --START--
INFO: Run Behavior\ShowPageTraceBehavior [ RunTime:0.001594s ]
INFO: [ app_end ] --END-- [ RunTime:0.002754s ]

[ 2016-03-28T10:42:14+08:00 ] ::1 /angobuy/
INFO: [ app_init ] --START--
INFO: Run Behavior\BuildLiteBehavior [ RunTime:0.000269s ]
INFO: [ app_init ] --END-- [ RunTime:0.002548s ]
INFO: [ app_begin ] --START--
INFO: Run Behavior\ReadHtmlCacheBehavior [ RunTime:0.002646s ]
INFO: [ app_begin ] --END-- [ RunTime:0.004599s ]
INFO: [ view_parse ] --START--
INFO: [ template_filter ] --START--
INFO: Run Behavior\ContentReplaceBehavior [ RunTime:0.001326s ]
INFO: [ template_filter ] --END-- [ RunTime:0.002530s ]
NOTIC: [8] Undefined variable: module D:\wamp\www\angobuy\Runtime\Cache\Home\710ead781a1e5255de838ae668b22133.php 第 10 行.
INFO: Run Behavior\ParseTemplateBehavior [ RunTime:0.036579s ]
INFO: [ view_parse ] --END-- [ RunTime:0.037751s ]
INFO: [ view_filter ] --START--
INFO: Run Behavior\WriteHtmlCacheBehavior [ RunTime:0.001716s ]
INFO: [ view_filter ] --END-- [ RunTime:0.003220s ]
INFO: [ app_end ] --START--
INFO: Run Behavior\ShowPageTraceBehavior [ RunTime:0.001598s ]
INFO: [ app_end ] --END-- [ RunTime:0.003689s ]

[ 2016-03-28T10:42:17+08:00 ] ::1 /angobuy/home/index/index.html
INFO: [ app_init ] --START--
INFO: Run Behavior\BuildLiteBehavior [ RunTime:0.000365s ]
INFO: [ app_init ] --END-- [ RunTime:0.002134s ]
INFO: [ app_begin ] --START--
INFO: Run Behavior\ReadHtmlCacheBehavior [ RunTime:0.001524s ]
INFO: [ app_begin ] --END-- [ RunTime:0.002697s ]
INFO: [ view_parse ] --START--
INFO: [ template_filter ] --START--
INFO: Run Behavior\ContentReplaceBehavior [ RunTime:0.000661s ]
INFO: [ template_filter ] --END-- [ RunTime:0.001831s ]
NOTIC: [8] Undefined variable: module D:\wamp\www\angobuy\Runtime\Cache\Home\710ead781a1e5255de838ae668b22133.php 第 10 行.
INFO: Run Behavior\ParseTemplateBehavior [ RunTime:0.037437s ]
INFO: [ view_parse ] --END-- [ RunTime:0.038608s ]
INFO: [ view_filter ] --START--
INFO: Run Behavior\WriteHtmlCacheBehavior [ RunTime:0.002704s ]
INFO: [ view_filter ] --END-- [ RunTime:0.004300s ]
INFO: [ app_end ] --START--
INFO: Run Behavior\ShowPageTraceBehavior [ RunTime:0.001637s ]
INFO: [ app_end ] --END-- [ RunTime:0.002902s ]

[ 2016-03-28T10:42:17+08:00 ] ::1 /angobuy/home/index/Tpl/Home/Css/common.css
INFO: [ app_init ] --START--
INFO: Run Behavior\BuildLiteBehavior [ RunTime:0.000298s ]
INFO: [ app_init ] --END-- [ RunTime:0.003284s ]
INFO: [ app_begin ] --START--
INFO: Run Behavior\ReadHtmlCacheBehavior [ RunTime:0.001762s ]
INFO: [ app_begin ] --END-- [ RunTime:0.003166s ]
ERR: 非法操作:Tpl

[ 2016-03-28T10:42:17+08:00 ] ::1 /angobuy/home/index/Tpl/Pub/Css/global.css
INFO: [ app_init ] --START--
INFO: Run Behavior\BuildLiteBehavior [ RunTime:0.000239s ]
INFO: [ app_init ] --END-- [ RunTime:0.002057s ]
INFO: [ app_begin ] --START--
INFO: Run Behavior\ReadHtmlCacheBehavior [ RunTime:0.001721s ]
INFO: [ app_begin ] --END-- [ RunTime:0.004888s ]
ERR: 非法操作:Tpl

[ 2016-03-28T10:42:17+08:00 ] ::1 /angobuy/home/index/Tpl/Pub/Js/jquery.js
INFO: [ app_init ] --START--
INFO: Run Behavior\BuildLiteBehavior [ RunTime:0.000242s ]
INFO: [ app_init ] --END-- [ RunTime:0.002108s ]
INFO: [ app_begin ] --START--
INFO: Run Behavior\ReadHtmlCacheBehavior [ RunTime:0.001810s ]
INFO: [ app_begin ] --END-- [ RunTime:0.003126s ]
ERR: 非法操作:Tpl

[ 2016-03-28T10:42:17+08:00 ] ::1 /angobuy/home/index/Tpl/Home/Js/common.js
INFO: [ app_init ] --START--
INFO: Run Behavior\BuildLiteBehavior [ RunTime:0.000272s ]
INFO: [ app_init ] --END-- [ RunTime:0.002448s ]
INFO: [ app_begin ] --START--
INFO: Run Behavior\ReadHtmlCacheBehavior [ RunTime:0.001507s ]
INFO: [ app_begin ] --END-- [ RunTime:0.002657s ]
ERR: 非法操作:Tpl

[ 2016-03-28T10:42:17+08:00 ] ::1 /angobuy/home/index/Tpl/Pub/Js/jquery.js
INFO: [ app_init ] --START--
INFO: Run Behavior\BuildLiteBehavior [ RunTime:0.000229s ]
INFO: [ app_init ] --END-- [ RunTime:0.001967s ]
INFO: [ app_begin ] --START--
INFO: Run Behavior\ReadHtmlCacheBehavior [ RunTime:0.001516s ]
INFO: [ app_begin ] --END-- [ RunTime:0.002676s ]
ERR: 非法操作:Tpl

[ 2016-03-28T10:42:37+08:00 ] ::1 /angobuy/home/index/index.html
INFO: [ app_init ] --START--
INFO: Run Behavior\BuildLiteBehavior [ RunTime:0.000229s ]
INFO: [ app_init ] --END-- [ RunTime:0.001942s ]
INFO: [ app_begin ] --START--
INFO: Run Behavior\ReadHtmlCacheBehavior [ RunTime:0.001632s ]
INFO: [ app_begin ] --END-- [ RunTime:0.002810s ]
INFO: [ view_parse ] --START--
INFO: [ template_filter ] --START--
INFO: Run Behavior\ContentReplaceBehavior [ RunTime:0.000667s ]
INFO: [ template_filter ] --END-- [ RunTime:0.001868s ]
NOTIC: [8] Undefined variable: module D:\wamp\www\angobuy\Runtime\Cache\Home\710ead781a1e5255de838ae668b22133.php 第 10 行.
INFO: Run Behavior\ParseTemplateBehavior [ RunTime:0.035929s ]
INFO: [ view_parse ] --END-- [ RunTime:0.037308s ]
INFO: [ view_filter ] --START--
INFO: Run Behavior\WriteHtmlCacheBehavior [ RunTime:0.001359s ]
INFO: [ view_filter ] --END-- [ RunTime:0.002548s ]
INFO: [ app_end ] --START--
INFO: Run Behavior\ShowPageTraceBehavior [ RunTime:0.003001s ]
INFO: [ app_end ] --END-- [ RunTime:0.004267s ]

[ 2016-03-28T10:42:37+08:00 ] ::1 /angobuy/home/index/Tpl/Pub/Css/global.css
INFO: [ app_init ] --START--
INFO: Run Behavior\BuildLiteBehavior [ RunTime:0.000272s ]
INFO: [ app_init ] --END-- [ RunTime:0.002189s ]
INFO: [ app_begin ] --START--
INFO: Run Behavior\ReadHtmlCacheBehavior [ RunTime:0.001538s ]
INFO: [ app_begin ] --END-- [ RunTime:0.002754s ]
ERR: 非法操作:Tpl

[ 2016-03-28T10:42:37+08:00 ] ::1 /angobuy/home/index/Tpl/Home/Js/common.js
INFO: [ app_init ] --START--
INFO: Run Behavior\BuildLiteBehavior [ RunTime:0.000235s ]
INFO: [ app_init ] --END-- [ RunTime:0.002029s ]
INFO: [ app_begin ] --START--
INFO: Run Behavior\ReadHtmlCacheBehavior [ RunTime:0.004204s ]
INFO: [ app_begin ] --END-- [ RunTime:0.007469s ]
ERR: 非法操作:Tpl

[ 2016-03-28T10:42:37+08:00 ] ::1 /angobuy/home/index/Tpl/Home/Css/common.css
INFO: [ app_init ] --START--
INFO: Run Behavior\BuildLiteBehavior [ RunTime:0.000275s ]
INFO: [ app_init ] --END-- [ RunTime:0.019589s ]
INFO: [ app_begin ] --START--
INFO: Run Behavior\ReadHtmlCacheBehavior [ RunTime:0.001910s ]
INFO: [ app_begin ] --END-- [ RunTime:0.004478s ]
ERR: 非法操作:Tpl

[ 2016-03-28T10:42:37+08:00 ] ::1 /angobuy/home/index/Tpl/Pub/Js/jquery.js
INFO: [ app_init ] --START--
INFO: Run Behavior\BuildLiteBehavior [ RunTime:0.000311s ]
INFO: [ app_init ] --END-- [ RunTime:0.003114s ]
INFO: [ app_begin ] --START--
INFO: Run Behavior\ReadHtmlCacheBehavior [ RunTime:0.002342s ]
INFO: [ app_begin ] --END-- [ RunTime:0.003840s ]
ERR: 非法操作:Tpl

[ 2016-03-28T10:43:27+08:00 ] ::1 /angobuy/home/index/index.html
INFO: [ app_init ] --START--
INFO: Run Behavior\BuildLiteBehavior [ RunTime:0.000276s ]
INFO: [ app_init ] --END-- [ RunTime:0.002219s ]
NOTIC: [8] Use of undefined constant __ROOT__TMPL_PATH - assumed '__ROOT__TMPL_PATH' D:\wamp\www\angobuy\Home\Conf\config.php 第 6 行.
NOTIC: [8] Use of undefined constant __ROOT__TMPL_PATH - assumed '__ROOT__TMPL_PATH' D:\wamp\www\angobuy\Home\Conf\config.php 第 7 行.
NOTIC: [8] Use of undefined constant __ROOT__TMPL_PATH - assumed '__ROOT__TMPL_PATH' D:\wamp\www\angobuy\Home\Conf\config.php 第 8 行.
INFO: [ app_begin ] --START--
INFO: Run Behavior\ReadHtmlCacheBehavior [ RunTime:0.001530s ]
INFO: [ app_begin ] --END-- [ RunTime:0.002769s ]
INFO: [ view_parse ] --START--
INFO: [ template_filter ] --START--
INFO: Run Behavior\ContentReplaceBehavior [ RunTime:0.000751s ]
INFO: [ template_filter ] --END-- [ RunTime:0.003276s ]
NOTIC: [8] Undefined variable: module D:\wamp\www\angobuy\Runtime\Cache\Home\710ead781a1e5255de838ae668b22133.php 第 10 行.
INFO: Run Behavior\ParseTemplateBehavior [ RunTime:0.037157s ]
INFO: [ view_parse ] --END-- [ RunTime:0.038516s ]
INFO: [ view_filter ] --START--
INFO: Run Behavior\WriteHtmlCacheBehavior [ RunTime:0.001322s ]
INFO: [ view_filter ] --END-- [ RunTime:0.002551s ]
INFO: [ app_end ] --START--
INFO: Run Behavior\ShowPageTraceBehavior [ RunTime:0.001769s ]
INFO: [ app_end ] --END-- [ RunTime:0.003073s ]

[ 2016-03-28T10:43:38+08:00 ] ::1 /angobuy/home/index/index.html
INFO: [ app_init ] --START--
INFO: Run Behavior\BuildLiteBehavior [ RunTime:0.000286s ]
INFO: [ app_init ] --END-- [ RunTime:0.003394s ]
INFO: [ app_begin ] --START--
INFO: Run Behavior\ReadHtmlCacheBehavior [ RunTime:0.002404s ]
INFO: [ app_begin ] --END-- [ RunTime:0.003687s ]
INFO: [ view_parse ] --START--
INFO: [ template_filter ] --START--
INFO: Run Behavior\ContentReplaceBehavior [ RunTime:0.000727s ]
INFO: [ template_filter ] --END-- [ RunTime:0.002144s ]
NOTIC: [8] Undefined variable: module D:\wamp\www\angobuy\Runtime\Cache\Home\710ead781a1e5255de838ae668b22133.php 第 10 行.
INFO: Run Behavior\ParseTemplateBehavior [ RunTime:0.037629s ]
INFO: [ view_parse ] --END-- [ RunTime:0.041516s ]
INFO: [ view_filter ] --START--
INFO: Run Behavior\WriteHtmlCacheBehavior [ RunTime:0.001435s ]
INFO: [ view_filter ] --END-- [ RunTime:0.002706s ]
INFO: [ app_end ] --START--
INFO: Run Behavior\ShowPageTraceBehavior [ RunTime:0.001503s ]
INFO: [ app_end ] --END-- [ RunTime:0.002742s ]

[ 2016-03-28T10:45:28+08:00 ] ::1 /angobuy/home/index/index.html
INFO: [ app_init ] --START--
INFO: Run Behavior\BuildLiteBehavior [ RunTime:0.000328s ]
INFO: [ app_init ] --END-- [ RunTime:0.002640s ]
INFO: [ app_begin ] --START--
INFO: Run Behavior\ReadHtmlCacheBehavior [ RunTime:0.001661s ]
INFO: [ app_begin ] --END-- [ RunTime:0.003331s ]
ERR: 模板不存在:/Tpl/Home/Index/index.tpl

[ 2016-03-28T10:45:34+08:00 ] ::1 /angobuy/home/index/index.html
INFO: [ app_init ] --START--
INFO: Run Behavior\BuildLiteBehavior [ RunTime:0.000329s ]
INFO: [ app_init ] --END-- [ RunTime:0.002220s ]
INFO: [ app_begin ] --START--
INFO: Run Behavior\ReadHtmlCacheBehavior [ RunTime:0.001528s ]
INFO: [ app_begin ] --END-- [ RunTime:0.002773s ]
INFO: [ view_parse ] --START--
INFO: [ template_filter ] --START--
INFO: Run Behavior\ContentReplaceBehavior [ RunTime:0.000713s ]
INFO: [ template_filter ] --END-- [ RunTime:0.002114s ]
NOTIC: [8] Undefined variable: module D:\wamp\www\angobuy\Runtime\Cache\Home\710ead781a1e5255de838ae668b22133.php 第 10 行.
INFO: Run Behavior\ParseTemplateBehavior [ RunTime:0.039805s ]
INFO: [ view_parse ] --END-- [ RunTime:0.041065s ]
INFO: [ view_filter ] --START--
INFO: Run Behavior\WriteHtmlCacheBehavior [ RunTime:0.001596s ]
INFO: [ view_filter ] --END-- [ RunTime:0.002844s ]
INFO: [ app_end ] --START--
INFO: Run Behavior\ShowPageTraceBehavior [ RunTime:0.001609s ]
INFO: [ app_end ] --END-- [ RunTime:0.004002s ]

[ 2016-03-28T10:48:10+08:00 ] ::1 /angobuy/home/index/index.html
INFO: [ app_init ] --START--
INFO: Run Behavior\BuildLiteBehavior [ RunTime:0.000388s ]
INFO: [ app_init ] --END-- [ RunTime:0.002931s ]
INFO: [ app_begin ] --START--
INFO: Run Behavior\ReadHtmlCacheBehavior [ RunTime:0.003997s ]
INFO: [ app_begin ] --END-- [ RunTime:0.005354s ]
INFO: [ view_parse ] --START--
INFO: [ template_filter ] --START--
INFO: Run Behavior\ContentReplaceBehavior [ RunTime:0.000660s ]
INFO: [ template_filter ] --END-- [ RunTime:0.001817s ]
NOTIC: [8] Undefined variable: module D:\wamp\www\angobuy\Runtime\Cache\Home\710ead781a1e5255de838ae668b22133.php 第 10 行.
INFO: Run Behavior\ParseTemplateBehavior [ RunTime:0.039968s ]
INFO: [ view_parse ] --END-- [ RunTime:0.041183s ]
INFO: [ view_filter ] --START--
INFO: Run Behavior\WriteHtmlCacheBehavior [ RunTime:0.001561s ]
INFO: [ view_filter ] --END-- [ RunTime:0.002844s ]
INFO: [ app_end ] --START--
INFO: Run Behavior\ShowPageTraceBehavior [ RunTime:0.002551s ]
INFO: [ app_end ] --END-- [ RunTime:0.003771s ]

[ 2016-03-28T10:48:11+08:00 ] ::1 /angobuy/home/index/index.html
INFO: [ app_init ] --START--
INFO: Run Behavior\BuildLiteBehavior [ RunTime:0.000245s ]
INFO: [ app_init ] --END-- [ RunTime:0.001994s ]
INFO: [ app_begin ] --START--
INFO: Run Behavior\ReadHtmlCacheBehavior [ RunTime:0.001590s ]
INFO: [ app_begin ] --END-- [ RunTime:0.002951s ]
INFO: [ view_parse ] --START--
INFO: [ template_filter ] --START--
INFO: Run Behavior\ContentReplaceBehavior [ RunTime:0.000656s ]
INFO: [ template_filter ] --END-- [ RunTime:0.001820s ]
NOTIC: [8] Undefined variable: module D:\wamp\www\angobuy\Runtime\Cache\Home\710ead781a1e5255de838ae668b22133.php 第 10 行.
INFO: Run Behavior\ParseTemplateBehavior [ RunTime:0.035408s ]
INFO: [ view_parse ] --END-- [ RunTime:0.036602s ]
INFO: [ view_filter ] --START--
INFO: Run Behavior\WriteHtmlCacheBehavior [ RunTime:0.002362s ]
INFO: [ view_filter ] --END-- [ RunTime:0.003692s ]
INFO: [ app_end ] --START--
INFO: Run Behavior\ShowPageTraceBehavior [ RunTime:0.001731s ]
INFO: [ app_end ] --END-- [ RunTime:0.003189s ]

[ 2016-03-28T10:48:59+08:00 ] ::1 /angobuy/home/index/index.html
INFO: [ app_init ] --START--
INFO: Run Behavior\BuildLiteBehavior [ RunTime:0.000238s ]
INFO: [ app_init ] --END-- [ RunTime:0.002463s ]
INFO: [ app_begin ] --START--
INFO: Run Behavior\ReadHtmlCacheBehavior [ RunTime:0.001748s ]
INFO: [ app_begin ] --END-- [ RunTime:0.003090s ]
INFO: [ view_parse ] --START--
INFO: [ template_filter ] --START--
INFO: Run Behavior\ContentReplaceBehavior [ RunTime:0.000763s ]
INFO: [ template_filter ] --END-- [ RunTime:0.002226s ]
NOTIC: [8] Undefined variable: module D:\wamp\www\angobuy\Runtime\Cache\Home\710ead781a1e5255de838ae668b22133.php 第 10 行.
INFO: Run Behavior\ParseTemplateBehavior [ RunTime:0.035543s ]
INFO: [ view_parse ] --END-- [ RunTime:0.036739s ]
INFO: [ view_filter ] --START--
INFO: Run Behavior\WriteHtmlCacheBehavior [ RunTime:0.001437s ]
INFO: [ view_filter ] --END-- [ RunTime:0.002623s ]
INFO: [ app_end ] --START--
INFO: Run Behavior\ShowPageTraceBehavior [ RunTime:0.001613s ]
INFO: [ app_end ] --END-- [ RunTime:0.002797s ]

[ 2016-03-28T10:49:04+08:00 ] ::1 /angobuy/home/index/index.html
INFO: [ app_init ] --START--
INFO: Run Behavior\BuildLiteBehavior [ RunTime:0.000236s ]
INFO: [ app_init ] --END-- [ RunTime:0.001966s ]
INFO: [ app_begin ] --START--
INFO: Run Behavior\ReadHtmlCacheBehavior [ RunTime:0.001392s ]
INFO: [ app_begin ] --END-- [ RunTime:0.002559s ]
INFO: [ view_parse ] --START--
INFO: [ template_filter ] --START--
INFO: Run Behavior\ContentReplaceBehavior [ RunTime:0.000676s ]
INFO: [ template_filter ] --END-- [ RunTime:0.002002s ]
NOTIC: [8] Undefined variable: module D:\wamp\www\angobuy\Runtime\Cache\Home\710ead781a1e5255de838ae668b22133.php 第 10 行.
INFO: Run Behavior\ParseTemplateBehavior [ RunTime:0.037764s ]
INFO: [ view_parse ] --END-- [ RunTime:0.038969s ]
INFO: [ view_filter ] --START--
INFO: Run Behavior\WriteHtmlCacheBehavior [ RunTime:0.001220s ]
INFO: [ view_filter ] --END-- [ RunTime:0.002381s ]
INFO: [ app_end ] --START--
INFO: Run Behavior\ShowPageTraceBehavior [ RunTime:0.001504s ]
INFO: [ app_end ] --END-- [ RunTime:0.002689s ]

[ 2016-03-28T10:50:16+08:00 ] ::1 /angobuy/home/index/index.html
INFO: [ app_init ] --START--
INFO: Run Behavior\BuildLiteBehavior [ RunTime:0.000333s ]
INFO: [ app_init ] --END-- [ RunTime:0.003722s ]
INFO: [ app_begin ] --START--
INFO: Run Behavior\ReadHtmlCacheBehavior [ RunTime:0.001543s ]
INFO: [ app_begin ] --END-- [ RunTime:0.002841s ]
INFO: [ view_parse ] --START--
INFO: [ template_filter ] --START--
INFO: Run Behavior\ContentReplaceBehavior [ RunTime:0.001150s ]
INFO: [ template_filter ] --END-- [ RunTime:0.002701s ]
NOTIC: [8] Undefined variable: module D:\wamp\www\angobuy\Runtime\Cache\Home\710ead781a1e5255de838ae668b22133.php 第 10 行.
INFO: Run Behavior\ParseTemplateBehavior [ RunTime:0.042255s ]
INFO: [ view_parse ] --END-- [ RunTime:0.043480s ]
INFO: [ view_filter ] --START--
INFO: Run Behavior\WriteHtmlCacheBehavior [ RunTime:0.001093s ]
INFO: [ view_filter ] --END-- [ RunTime:0.002652s ]
INFO: [ app_end ] --START--
INFO: Run Behavior\ShowPageTraceBehavior [ RunTime:0.001469s ]
INFO: [ app_end ] --END-- [ RunTime:0.002646s ]

[ 2016-03-28T10:50:19+08:00 ] ::1 /angobuy/home/sell/index.html
INFO: [ app_init ] --START--
INFO: Run Behavior\BuildLiteBehavior [ RunTime:0.000233s ]
INFO: [ app_init ] --END-- [ RunTime:0.001934s ]
INFO: [ app_begin ] --START--
INFO: Run Behavior\ReadHtmlCacheBehavior [ RunTime:0.001936s ]
INFO: [ app_begin ] --END-- [ RunTime:0.003384s ]
SQL: SHOW COLUMNS FROM `product` [ RunTime:0.0093s ]
SQL: SELECT * FROM `product`  [ RunTime:0.0008s ]
INFO: [ app_end ] --START--
INFO: Run Behavior\ShowPageTraceBehavior [ RunTime:0.001553s ]
INFO: [ app_end ] --END-- [ RunTime:0.002818s ]

[ 2016-03-28T10:50:24+08:00 ] ::1 /angobuy/home/buy/index.html
INFO: [ app_init ] --START--
INFO: Run Behavior\BuildLiteBehavior [ RunTime:0.000231s ]
INFO: [ app_init ] --END-- [ RunTime:0.001938s ]
INFO: [ app_begin ] --START--
INFO: Run Behavior\ReadHtmlCacheBehavior [ RunTime:0.001400s ]
INFO: [ app_begin ] --END-- [ RunTime:0.002596s ]
ERR: 无法加载控制器:Buy

[ 2016-03-28T10:53:14+08:00 ] ::1 /angobuy/home/index/index.html
INFO: [ app_init ] --START--
INFO: Run Behavior\BuildLiteBehavior [ RunTime:0.000240s ]
INFO: [ app_init ] --END-- [ RunTime:0.002392s ]
INFO: [ app_begin ] --START--
INFO: Run Behavior\ReadHtmlCacheBehavior [ RunTime:0.001906s ]
INFO: [ app_begin ] --END-- [ RunTime:0.003151s ]
INFO: [ view_parse ] --START--
INFO: [ template_filter ] --START--
INFO: Run Behavior\ContentReplaceBehavior [ RunTime:0.000654s ]
INFO: [ template_filter ] --END-- [ RunTime:0.001850s ]
NOTIC: [8] Undefined variable: module D:\wamp\www\angobuy\Runtime\Cache\Home\710ead781a1e5255de838ae668b22133.php 第 10 行.
INFO: Run Behavior\ParseTemplateBehavior [ RunTime:0.044524s ]
INFO: [ view_parse ] --END-- [ RunTime:0.045717s ]
INFO: [ view_filter ] --START--
INFO: Run Behavior\WriteHtmlCacheBehavior [ RunTime:0.001158s ]
INFO: [ view_filter ] --END-- [ RunTime:0.002305s ]
INFO: [ app_end ] --START--
INFO: Run Behavior\ShowPageTraceBehavior [ RunTime:0.002776s ]
INFO: [ app_end ] --END-- [ RunTime:0.003958s ]

[ 2016-03-28T13:19:58+08:00 ] ::1 /angobuy/home/index/index.html
INFO: [ app_init ] --START--
INFO: Run Behavior\BuildLiteBehavior [ RunTime:0.000242s ]
INFO: [ app_init ] --END-- [ RunTime:0.013813s ]
INFO: [ app_begin ] --START--
INFO: Run Behavior\ReadHtmlCacheBehavior [ RunTime:0.001541s ]
INFO: [ app_begin ] --END-- [ RunTime:0.002718s ]
INFO: [ view_parse ] --START--
INFO: [ template_filter ] --START--
INFO: Run Behavior\ContentReplaceBehavior [ RunTime:0.000785s ]
INFO: [ template_filter ] --END-- [ RunTime:0.002311s ]
NOTIC: [8] Undefined variable: module D:\wamp\www\angobuy\Runtime\Cache\Home\710ead781a1e5255de838ae668b22133.php 第 10 行.
INFO: Run Behavior\ParseTemplateBehavior [ RunTime:0.054937s ]
INFO: [ view_parse ] --END-- [ RunTime:0.056138s ]
INFO: [ view_filter ] --START--
INFO: Run Behavior\WriteHtmlCacheBehavior [ RunTime:0.002118s ]
INFO: [ view_filter ] --END-- [ RunTime:0.003313s ]
INFO: [ app_end ] --START--
INFO: Run Behavior\ShowPageTraceBehavior [ RunTime:0.004020s ]
INFO: [ app_end ] --END-- [ RunTime:0.005292s ]

[ 2016-03-28T13:25:06+08:00 ] ::1 /angobuy/home/index/index.html
INFO: [ app_init ] --START--
INFO: Run Behavior\BuildLiteBehavior [ RunTime:0.000281s ]
INFO: [ app_init ] --END-- [ RunTime:0.002236s ]
INFO: [ app_begin ] --START--
INFO: Run Behavior\ReadHtmlCacheBehavior [ RunTime:0.003022s ]
INFO: [ app_begin ] --END-- [ RunTime:0.006404s ]

[ 2016-03-28T13:28:33+08:00 ] ::1 /angobuy/home/index/index.html
INFO: [ app_init ] --START--
INFO: Run Behavior\BuildLiteBehavior [ RunTime:0.000229s ]
INFO: [ app_init ] --END-- [ RunTime:0.001995s ]
INFO: [ app_begin ] --START--
INFO: Run Behavior\ReadHtmlCacheBehavior [ RunTime:0.001500s ]
INFO: [ app_begin ] --END-- [ RunTime:0.002689s ]
INFO: [ view_parse ] --START--
INFO: [ template_filter ] --START--
INFO: Run Behavior\ContentReplaceBehavior [ RunTime:0.000649s ]
INFO: [ template_filter ] --END-- [ RunTime:0.001798s ]
NOTIC: [8] Undefined variable: module D:\wamp\www\angobuy\Runtime\Cache\Home\710ead781a1e5255de838ae668b22133.php 第 10 行.
INFO: Run Behavior\ParseTemplateBehavior [ RunTime:0.042901s ]
INFO: [ view_parse ] --END-- [ RunTime:0.044107s ]
INFO: [ view_filter ] --START--
INFO: Run Behavior\WriteHtmlCacheBehavior [ RunTime:0.002511s ]
INFO: [ view_filter ] --END-- [ RunTime:0.003628s ]
INFO: [ app_end ] --START--
INFO: Run Behavior\ShowPageTraceBehavior [ RunTime:0.002647s ]
INFO: [ app_end ] --END-- [ RunTime:0.003781s ]

[ 2016-03-28T13:28:37+08:00 ] ::1 /angobuy/home/sell/index.html
INFO: [ app_init ] --START--
INFO: Run Behavior\BuildLiteBehavior [ RunTime:0.000228s ]
INFO: [ app_init ] --END-- [ RunTime:0.001920s ]
INFO: [ app_begin ] --START--
INFO: Run Behavior\ReadHtmlCacheBehavior [ RunTime:0.002915s ]
INFO: [ app_begin ] --END-- [ RunTime:0.004138s ]
SQL: SHOW COLUMNS FROM `product` [ RunTime:0.0059s ]
SQL: SELECT * FROM `product`  [ RunTime:0.0007s ]
INFO: [ app_end ] --START--
INFO: Run Behavior\ShowPageTraceBehavior [ RunTime:0.001578s ]
INFO: [ app_end ] --END-- [ RunTime:0.002822s ]

[ 2016-03-28T17:18:02+08:00 ] ::1 /angobuy/
INFO: [ app_init ] --START--
INFO: Run Behavior\BuildLiteBehavior [ RunTime:0.000223s ]
INFO: [ app_init ] --END-- [ RunTime:0.001874s ]
INFO: [ app_begin ] --START--
INFO: Run Behavior\ReadHtmlCacheBehavior [ RunTime:0.001529s ]
INFO: [ app_begin ] --END-- [ RunTime:0.002942s ]
INFO: [ view_parse ] --START--
INFO: [ template_filter ] --START--
INFO: Run Behavior\ContentReplaceBehavior [ RunTime:0.000652s ]
INFO: [ template_filter ] --END-- [ RunTime:0.002085s ]
NOTIC: [8] Undefined variable: module D:\wamp\www\angobuy\Runtime\Cache\Home\710ead781a1e5255de838ae668b22133.php 第 10 行.
INFO: Run Behavior\ParseTemplateBehavior [ RunTime:0.048162s ]
INFO: [ view_parse ] --END-- [ RunTime:0.049523s ]
INFO: [ view_filter ] --START--
INFO: Run Behavior\WriteHtmlCacheBehavior [ RunTime:0.001546s ]
INFO: [ view_filter ] --END-- [ RunTime:0.002924s ]
INFO: [ app_end ] --START--
INFO: Run Behavior\ShowPageTraceBehavior [ RunTime:0.001612s ]
INFO: [ app_end ] --END-- [ RunTime:0.003009s ]

[ 2016-03-28T17:20:56+08:00 ] ::1 /angobuy/Home/Index/index.html
INFO: [ app_init ] --START--
INFO: Run Behavior\BuildLiteBehavior [ RunTime:0.000225s ]
INFO: [ app_init ] --END-- [ RunTime:0.001807s ]
INFO: [ app_begin ] --START--
INFO: Run Behavior\ReadHtmlCacheBehavior [ RunTime:0.001410s ]
INFO: [ app_begin ] --END-- [ RunTime:0.002598s ]
INFO: [ view_parse ] --START--
INFO: [ template_filter ] --START--
INFO: Run Behavior\ContentReplaceBehavior [ RunTime:0.000678s ]
INFO: [ template_filter ] --END-- [ RunTime:0.002786s ]
NOTIC: [8] Undefined variable: module D:\wamp\www\angobuy\Runtime\Cache\Home\710ead781a1e5255de838ae668b22133.php 第 10 行.
INFO: Run Behavior\ParseTemplateBehavior [ RunTime:0.042939s ]
INFO: [ view_parse ] --END-- [ RunTime:0.046634s ]
INFO: [ view_filter ] --START--
INFO: Run Behavior\WriteHtmlCacheBehavior [ RunTime:0.001273s ]
INFO: [ view_filter ] --END-- [ RunTime:0.002432s ]
INFO: [ app_end ] --START--
INFO: Run Behavior\ShowPageTraceBehavior [ RunTime:0.002542s ]
INFO: [ app_end ] --END-- [ RunTime:0.003682s ]

[ 2016-03-28T17:21:01+08:00 ] ::1 /angobuy/Home/Index/index.html
INFO: [ app_init ] --START--
INFO: Run Behavior\BuildLiteBehavior [ RunTime:0.000232s ]
INFO: [ app_init ] --END-- [ RunTime:0.001781s ]
INFO: [ app_begin ] --START--
INFO: Run Behavior\ReadHtmlCacheBehavior [ RunTime:0.001424s ]
INFO: [ app_begin ] --END-- [ RunTime:0.002644s ]
INFO: [ view_parse ] --START--
INFO: [ template_filter ] --START--
INFO: Run Behavior\ContentReplaceBehavior [ RunTime:0.000672s ]
INFO: [ template_filter ] --END-- [ RunTime:0.003214s ]
NOTIC: [8] Undefined variable: module D:\wamp\www\angobuy\Runtime\Cache\Home\710ead781a1e5255de838ae668b22133.php 第 10 行.
INFO: Run Behavior\ParseTemplateBehavior [ RunTime:0.041439s ]
INFO: [ view_parse ] --END-- [ RunTime:0.044335s ]
INFO: [ view_filter ] --START--
INFO: Run Behavior\WriteHtmlCacheBehavior [ RunTime:0.001191s ]
INFO: [ view_filter ] --END-- [ RunTime:0.002436s ]
INFO: [ app_end ] --START--
INFO: Run Behavior\ShowPageTraceBehavior [ RunTime:0.003401s ]
INFO: [ app_end ] --END-- [ RunTime:0.004525s ]

[ 2016-03-28T17:22:19+08:00 ] ::1 /angobuy/Home/Index/index.html
INFO: [ app_init ] --START--
INFO: Run Behavior\BuildLiteBehavior [ RunTime:0.000238s ]
INFO: [ app_init ] --END-- [ RunTime:0.001809s ]
INFO: [ app_begin ] --START--
INFO: Run Behavior\ReadHtmlCacheBehavior [ RunTime:0.001420s ]
INFO: [ app_begin ] --END-- [ RunTime:0.002613s ]
INFO: [ view_parse ] --START--
INFO: [ template_filter ] --START--
INFO: Run Behavior\ContentReplaceBehavior [ RunTime:0.000652s ]
INFO: [ template_filter ] --END-- [ RunTime:0.001848s ]
NOTIC: [8] Undefined variable: module D:\wamp\www\angobuy\Runtime\Cache\Home\710ead781a1e5255de838ae668b22133.php 第 10 行.
INFO: Run Behavior\ParseTemplateBehavior [ RunTime:0.041413s ]
INFO: [ view_parse ] --END-- [ RunTime:0.043801s ]
INFO: [ view_filter ] --START--
INFO: Run Behavior\WriteHtmlCacheBehavior [ RunTime:0.001494s ]
INFO: [ view_filter ] --END-- [ RunTime:0.002628s ]
INFO: [ app_end ] --START--
INFO: Run Behavior\ShowPageTraceBehavior [ RunTime:0.001762s ]
INFO: [ app_end ] --END-- [ RunTime:0.002956s ]

[ 2016-03-28T17:22:28+08:00 ] ::1 /angobuy/Home/Index/index.html
INFO: [ app_init ] --START--
INFO: Run Behavior\BuildLiteBehavior [ RunTime:0.000225s ]
INFO: [ app_init ] --END-- [ RunTime:0.001919s ]
INFO: [ app_begin ] --START--
INFO: Run Behavior\ReadHtmlCacheBehavior [ RunTime:0.002761s ]
INFO: [ app_begin ] --END-- [ RunTime:0.003972s ]
INFO: [ view_parse ] --START--
INFO: [ template_filter ] --START--
INFO: Run Behavior\ContentReplaceBehavior [ RunTime:0.000646s ]
INFO: [ template_filter ] --END-- [ RunTime:0.001764s ]
NOTIC: [8] Undefined variable: module D:\wamp\www\angobuy\Runtime\Cache\Home\710ead781a1e5255de838ae668b22133.php 第 10 行.
INFO: Run Behavior\ParseTemplateBehavior [ RunTime:0.043779s ]
INFO: [ view_parse ] --END-- [ RunTime:0.044919s ]
INFO: [ view_filter ] --START--
INFO: Run Behavior\WriteHtmlCacheBehavior [ RunTime:0.001389s ]
INFO: [ view_filter ] --END-- [ RunTime:0.002649s ]
INFO: [ app_end ] --START--
INFO: Run Behavior\ShowPageTraceBehavior [ RunTime:0.001508s ]
INFO: [ app_end ] --END-- [ RunTime:0.002627s ]

[ 2016-03-28T17:22:31+08:00 ] ::1 /angobuy/Home/Index/index.html
INFO: [ app_init ] --START--
INFO: Run Behavior\BuildLiteBehavior [ RunTime:0.000247s ]
INFO: [ app_init ] --END-- [ RunTime:0.002137s ]
INFO: [ app_begin ] --START--
INFO: Run Behavior\ReadHtmlCacheBehavior [ RunTime:0.001388s ]
INFO: [ app_begin ] --END-- [ RunTime:0.004430s ]
INFO: [ view_parse ] --START--
INFO: [ template_filter ] --START--
INFO: Run Behavior\ContentReplaceBehavior [ RunTime:0.000645s ]
INFO: [ template_filter ] --END-- [ RunTime:0.001779s ]
NOTIC: [8] Undefined variable: module D:\wamp\www\angobuy\Runtime\Cache\Home\710ead781a1e5255de838ae668b22133.php 第 10 行.
INFO: Run Behavior\ParseTemplateBehavior [ RunTime:0.061390s ]
INFO: [ view_parse ] --END-- [ RunTime:0.062562s ]
INFO: [ view_filter ] --START--
INFO: Run Behavior\WriteHtmlCacheBehavior [ RunTime:0.002291s ]
INFO: [ view_filter ] --END-- [ RunTime:0.003473s ]
INFO: [ app_end ] --START--
INFO: Run Behavior\ShowPageTraceBehavior [ RunTime:0.001502s ]
INFO: [ app_end ] --END-- [ RunTime:0.002670s ]

[ 2016-03-28T17:23:04+08:00 ] ::1 /angobuy/Home/Index/index.html
INFO: [ app_init ] --START--
INFO: Run Behavior\BuildLiteBehavior [ RunTime:0.000227s ]
INFO: [ app_init ] --END-- [ RunTime:0.001920s ]
INFO: [ app_begin ] --START--
INFO: Run Behavior\ReadHtmlCacheBehavior [ RunTime:0.001689s ]
INFO: [ app_begin ] --END-- [ RunTime:0.002842s ]
INFO: [ view_parse ] --START--
INFO: [ template_filter ] --START--
INFO: Run Behavior\ContentReplaceBehavior [ RunTime:0.000660s ]
INFO: [ template_filter ] --END-- [ RunTime:0.001797s ]
NOTIC: [8] Undefined variable: module D:\wamp\www\angobuy\Runtime\Cache\Home\710ead781a1e5255de838ae668b22133.php 第 10 行.
INFO: Run Behavior\ParseTemplateBehavior [ RunTime:0.042149s ]
INFO: [ view_parse ] --END-- [ RunTime:0.043323s ]
INFO: [ view_filter ] --START--
INFO: Run Behavior\WriteHtmlCacheBehavior [ RunTime:0.002544s ]
INFO: [ view_filter ] --END-- [ RunTime:0.003664s ]
INFO: [ app_end ] --START--
INFO: Run Behavior\ShowPageTraceBehavior [ RunTime:0.002207s ]
INFO: [ app_end ] --END-- [ RunTime:0.003381s ]

[ 2016-03-28T17:23:24+08:00 ] ::1 /angobuy/Home/Index/index.html
INFO: [ app_init ] --START--
INFO: Run Behavior\BuildLiteBehavior [ RunTime:0.000225s ]
INFO: [ app_init ] --END-- [ RunTime:0.001808s ]
INFO: [ app_begin ] --START--
INFO: Run Behavior\ReadHtmlCacheBehavior [ RunTime:0.001445s ]
INFO: [ app_begin ] --END-- [ RunTime:0.002629s ]
INFO: [ view_parse ] --START--
INFO: [ template_filter ] --START--
INFO: Run Behavior\ContentReplaceBehavior [ RunTime:0.000685s ]
INFO: [ template_filter ] --END-- [ RunTime:0.001806s ]
NOTIC: [8] Undefined variable: module D:\wamp\www\angobuy\Runtime\Cache\Home\710ead781a1e5255de838ae668b22133.php 第 10 行.
INFO: Run Behavior\ParseTemplateBehavior [ RunTime:0.041860s ]
INFO: [ view_parse ] --END-- [ RunTime:0.043018s ]
INFO: [ view_filter ] --START--
INFO: Run Behavior\WriteHtmlCacheBehavior [ RunTime:0.001277s ]
INFO: [ view_filter ] --END-- [ RunTime:0.002387s ]
INFO: [ app_end ] --START--
INFO: Run Behavior\ShowPageTraceBehavior [ RunTime:0.002569s ]
INFO: [ app_end ] --END-- [ RunTime:0.003706s ]

