[ 2016-05-11T09:54:51+08:00 ] ::1 /angobuy/
INFO: [ app_init ] --START--
INFO: Run Behavior\BuildLiteBehavior [ RunTime:0.000043s ]
INFO: Run Common\Behavior\InitHookBehavior [ RunTime:0.881856s ]
INFO: [ app_init ] --END-- [ RunTime:1.243404s ]
INFO: [ app_begin ] --START--
INFO: Run Behavior\ReadHtmlCacheBehavior [ RunTime:0.028533s ]
INFO: [ app_begin ] --END-- [ RunTime:0.028786s ]
INFO: [ view_parse ] --START--
NOTIC: [2] file_get_contents(./Tpl/Home/Public/var.html): failed to open stream: No such file or directory D:\wamp\www\angobuy\Core\Library\Think\Template.class.php 第 696 行.
INFO: [ template_filter ] --START--
INFO: Run Behavior\ContentReplaceBehavior [ RunTime:0.051095s ]
INFO: [ template_filter ] --END-- [ RunTime:0.051315s ]
INFO: Run Behavior\ParseTemplateBehavior [ RunTime:1.460348s ]
INFO: [ view_parse ] --END-- [ RunTime:1.460567s ]
INFO: [ view_filter ] --START--
INFO: Run Behavior\WriteHtmlCacheBehavior [ RunTime:0.166729s ]
INFO: [ view_filter ] --END-- [ RunTime:0.166927s ]
INFO: [ app_end ] --START--
INFO: Run Behavior\ShowPageTraceBehavior [ RunTime:0.038114s ]
INFO: [ app_end ] --END-- [ RunTime:0.038330s ]

[ 2016-05-11T10:39:55+08:00 ] ::1 /angobuy/
INFO: [ app_init ] --START--
INFO: Run Behavior\BuildLiteBehavior [ RunTime:0.000041s ]
INFO: Run Common\Behavior\InitHookBehavior [ RunTime:0.038558s ]
INFO: [ app_init ] --END-- [ RunTime:0.040521s ]
INFO: [ app_begin ] --START--
INFO: Run Behavior\ReadHtmlCacheBehavior [ RunTime:0.001132s ]
INFO: [ app_begin ] --END-- [ RunTime:0.001339s ]
INFO: [ view_parse ] --START--
NOTIC: [2] file_get_contents(./Tpl/Home/Public/var.html): failed to open stream: No such file or directory D:\wamp\www\angobuy\Core\Library\Think\Template.class.php 第 696 行.
INFO: [ template_filter ] --START--
INFO: Run Behavior\ContentReplaceBehavior [ RunTime:0.000196s ]
INFO: [ template_filter ] --END-- [ RunTime:0.000413s ]
INFO: Run Behavior\ParseTemplateBehavior [ RunTime:0.042882s ]
INFO: [ view_parse ] --END-- [ RunTime:0.043086s ]
INFO: [ view_filter ] --START--
INFO: Run Behavior\WriteHtmlCacheBehavior [ RunTime:0.010970s ]
INFO: [ view_filter ] --END-- [ RunTime:0.011164s ]
INFO: [ app_end ] --START--
INFO: Run Behavior\ShowPageTraceBehavior [ RunTime:0.008017s ]
INFO: [ app_end ] --END-- [ RunTime:0.008211s ]

