[ 2016-05-10T11:29:19+08:00 ] ::1 /angobuy/
INFO: [ app_init ] --START--
INFO: Run Behavior\BuildLiteBehavior [ RunTime:0.000041s ]
SQL: SHOW COLUMNS FROM `hooks` [ RunTime:0.0051s ]
SQL: SELECT `name`,`addons` FROM `hooks`  [ RunTime:0.0007s ]
SQL: SHOW COLUMNS FROM `addons` [ RunTime:0.0076s ]
SQL: SELECT `id`,`name` FROM `addons` WHERE `status` = 1 AND `name` IN ('ReturnTop')  [ RunTime:0.0005s ]
SQL: SELECT `id`,`name` FROM `addons` WHERE `status` = 1 AND `name` IN ('Attachment')  [ RunTime:0.0005s ]
SQL: SELECT `id`,`name` FROM `addons` WHERE `status` = 1 AND `name` IN ('Attachment','SocialComment')  [ RunTime:0.0005s ]
SQL: SELECT `id`,`name` FROM `addons` WHERE `status` = 1 AND `name` IN ('Attachment')  [ RunTime:0.0005s ]
SQL: SELECT `id`,`name` FROM `addons` WHERE `status` = 1 AND `name` IN ('Editor')  [ RunTime:0.0005s ]
SQL: SELECT `id`,`name` FROM `addons` WHERE `status` = 1 AND `name` IN ('EditorForAdmin')  [ RunTime:0.0005s ]
SQL: SELECT `id`,`name` FROM `addons` WHERE `status` = 1 AND `name` IN ('SiteStat','SystemInfo','DevTeam')  [ RunTime:0.0005s ]
SQL: SELECT `id`,`name` FROM `addons` WHERE `status` = 1 AND `name` IN ('Editor')  [ RunTime:0.0007s ]
INFO: Run Common\Behavior\InitHookBehavior [ RunTime:0.045217s ]
INFO: [ app_init ] --END-- [ RunTime:0.046205s ]
INFO: [ app_begin ] --START--
INFO: Run Behavior\ReadHtmlCacheBehavior [ RunTime:0.000621s ]
INFO: [ app_begin ] --END-- [ RunTime:0.000821s ]
INFO: [ view_parse ] --START--
NOTIC: [2] file_get_contents(./Tpl/Home/Public/var.html): failed to open stream: No such file or directory D:\wamp\www\angobuy\Core\Library\Think\Template.class.php 第 696 行.
NOTIC: [2] file_get_contents(./Tpl/Home/./header.html): failed to open stream: No such file or directory D:\wamp\www\angobuy\Core\Library\Think\Template.class.php 第 696 行.
NOTIC: [2] file_get_contents(./Tpl/Home/./footer.html): failed to open stream: No such file or directory D:\wamp\www\angobuy\Core\Library\Think\Template.class.php 第 696 行.
INFO: [ template_filter ] --START--
INFO: Run Behavior\ContentReplaceBehavior [ RunTime:0.000133s ]
INFO: [ template_filter ] --END-- [ RunTime:0.000328s ]
INFO: Run Behavior\ParseTemplateBehavior [ RunTime:0.030399s ]
INFO: [ view_parse ] --END-- [ RunTime:0.030620s ]
INFO: [ view_filter ] --START--
INFO: Run Behavior\WriteHtmlCacheBehavior [ RunTime:0.000651s ]
INFO: [ view_filter ] --END-- [ RunTime:0.000852s ]
INFO: [ app_end ] --START--
INFO: Run Behavior\ShowPageTraceBehavior [ RunTime:0.000736s ]
INFO: [ app_end ] --END-- [ RunTime:0.000916s ]

[ 2016-05-10T11:29:50+08:00 ] ::1 /angobuy/
INFO: [ app_init ] --START--
INFO: Run Behavior\BuildLiteBehavior [ RunTime:0.000039s ]
INFO: Run Common\Behavior\InitHookBehavior [ RunTime:0.003361s ]
INFO: [ app_init ] --END-- [ RunTime:0.004085s ]
INFO: [ app_begin ] --START--
INFO: Run Behavior\ReadHtmlCacheBehavior [ RunTime:0.000718s ]
INFO: [ app_begin ] --END-- [ RunTime:0.000926s ]
INFO: [ view_parse ] --START--
NOTIC: [2] file_get_contents(./Tpl/Home/Public/var.html): failed to open stream: No such file or directory D:\wamp\www\angobuy\Core\Library\Think\Template.class.php 第 696 行.
NOTIC: [2] file_get_contents(./Tpl/Home/./header.html): failed to open stream: No such file or directory D:\wamp\www\angobuy\Core\Library\Think\Template.class.php 第 696 行.
NOTIC: [2] file_get_contents(./Tpl/Home/./footer.html): failed to open stream: No such file or directory D:\wamp\www\angobuy\Core\Library\Think\Template.class.php 第 696 行.
INFO: [ template_filter ] --START--
INFO: Run Behavior\ContentReplaceBehavior [ RunTime:0.000134s ]
INFO: [ template_filter ] --END-- [ RunTime:0.000332s ]
INFO: Run Behavior\ParseTemplateBehavior [ RunTime:0.015135s ]
INFO: [ view_parse ] --END-- [ RunTime:0.015339s ]
INFO: [ view_filter ] --START--
INFO: Run Behavior\WriteHtmlCacheBehavior [ RunTime:0.000527s ]
INFO: [ view_filter ] --END-- [ RunTime:0.000707s ]
INFO: [ app_end ] --START--
INFO: Run Behavior\ShowPageTraceBehavior [ RunTime:0.000678s ]
INFO: [ app_end ] --END-- [ RunTime:0.000860s ]

